{"numFailedTestSuites":0,"numFailedTests":0,"numPassedTestSuites":32,"numPassedTests":220,"numPendingTestSuites":0,"numPendingTests":0,"numRuntimeErrorTestSuites":0,"numTodoTests":0,"numTotalTestSuites":32,"numTotalTests":220,"openHandles":[],"snapshot":{"added":0,"didUpdate":false,"failure":false,"filesAdded":0,"filesRemoved":0,"filesRemovedList":[],"filesUnmatched":0,"filesUpdated":0,"matched":0,"total":0,"unchecked":0,"uncheckedKeysByFile":[],"unmatched":0,"updated":0},"startTime":1780985862709,"success":true,"testResults":[{"assertionResults":[{"ancestorTitles":["FavoritesContext unmount guards"],"duration":82,"failureDetails":[],"failureMessages":[],"fullName":"FavoritesContext unmount guards does not warn on unmount during async initial load","invocations":1,"location":null,"numPassingAsserts":1,"retryReasons":[],"status":"passed","title":"does not warn on unmount during async initial load"},{"ancestorTitles":["FavoritesContext unmount guards"],"duration":13,"failureDetails":[],"failureMessages":[],"fullName":"FavoritesContext unmount guards does not warn on unmount while persist queue is in-flight","invocations":1,"location":null,"numPassingAsserts":1,"retryReasons":[],"status":"passed","title":"does not warn on unmount while persist queue is in-flight"}],"endTime":1780985870517,"message":"","name":"C:\\Users\\alext\\Desktop\\indep-rn\\src\\contexts\\__tests__\\FavoritesContext.test.tsx","startTime":1780985867195,"status":"passed","summary":""},{"assertionResults":[{"ancestorTitles":["v1 error responses"],"duration":62,"failureDetails":[],"failureMessages":[],"fullName":"v1 error responses returns structured error for unknown site meta","invocations":1,"location":null,"numPassingAsserts":2,"retryReasons":[],"status":"passed","title":"returns structured error for unknown site meta"},{"ancestorTitles":["v1 error responses"],"duration":5,"failureDetails":[],"failureMessages":[],"fullName":"v1 error responses returns structured error for invalid chat body","invocations":1,"location":null,"numPassingAsserts":3,"retryReasons":[],"status":"passed","title":"returns structured error for invalid chat body"}],"endTime":1780985870764,"message":"","name":"C:\\Users\\alext\\Desktop\\indep-rn\\ai-api\\src\\routes\\__tests__\\v1.errors.test.ts","startTime":1780985867230,"status":"passed","summary":""},{"assertionResults":[{"ancestorTitles":["v1 admin catalog refresh"],"duration":46,"failureDetails":[],"failureMessages":[],"fullName":"v1 admin catalog refresh returns 403 without dev key","invocations":1,"location":null,"numPassingAsserts":1,"retryReasons":[],"status":"passed","title":"returns 403 without dev key"},{"ancestorTitles":["v1 admin catalog refresh"],"duration":16,"failureDetails":[],"failureMessages":[],"fullName":"v1 admin catalog refresh refreshes catalog with valid dev key","invocations":1,"location":null,"numPassingAsserts":6,"retryReasons":[],"status":"passed","title":"refreshes catalog with valid dev key"}],"endTime":1780985870810,"message":"","name":"C:\\Users\\alext\\Desktop\\indep-rn\\ai-api\\src\\routes\\__tests__\\v1.admin.test.ts","startTime":1780985867455,"status":"passed","summary":""},{"assertionResults":[{"ancestorTitles":["reportsService mapper"],"duration":38,"failureDetails":[],"failureMessages":[],"fullName":"reportsService mapper maps api report to domain report","invocations":1,"location":null,"numPassingAsserts":2,"retryReasons":[],"status":"passed","title":"maps api report to domain report"}],"endTime":1780985870845,"message":"","name":"C:\\Users\\alext\\Desktop\\indep-rn\\src\\services\\__tests__\\reportsService.test.ts","startTime":1780985867271,"status":"passed","summary":""},{"assertionResults":[{"ancestorTitles":["carService contract"],"duration":33,"failureDetails":[],"failureMessages":[],"fullName":"carService contract returns filtered cars in explicit mock mode","invocations":1,"location":null,"numPassingAsserts":1,"retryReasons":[],"status":"passed","title":"returns filtered cars in explicit mock mode"},{"ancestorTitles":["carService contract"],"duration":129,"failureDetails":[],"failureMessages":[],"fullName":"carService contract falls back to api source and warns on invalid env value","invocations":1,"location":null,"numPassingAsserts":4,"retryReasons":[],"status":"passed","title":"falls back to api source and warns on invalid env value"},{"ancestorTitles":["carService contract"],"duration":4,"failureDetails":[],"failureMessages":[],"fullName":"carService contract returns api response shape in api mode","invocations":1,"location":null,"numPassingAsserts":2,"retryReasons":[],"status":"passed","title":"returns api response shape in api mode"},{"ancestorTitles":["carService contract"],"duration":7,"failureDetails":[],"failureMessages":[],"fullName":"carService contract maps 401 to user-friendly Error in api mode","invocations":1,"location":null,"numPassingAsserts":2,"retryReasons":[],"status":"passed","title":"maps 401 to user-friendly Error in api mode"},{"ancestorTitles":["carService contract"],"duration":3,"failureDetails":[],"failureMessages":[],"fullName":"carService contract maps network failure to user-friendly Error in api mode","invocations":1,"location":null,"numPassingAsserts":1,"retryReasons":[],"status":"passed","title":"maps network failure to user-friendly Error in api mode"},{"ancestorTitles":["carService contract"],"duration":2,"failureDetails":[],"failureMessages":[],"fullName":"carService contract maps timeout failure to user-friendly Error in api mode","invocations":1,"location":null,"numPassingAsserts":1,"retryReasons":[],"status":"passed","title":"maps timeout failure to user-friendly Error in api mode"},{"ancestorTitles":["carService contract"],"duration":6,"failureDetails":[],"failureMessages":[],"fullName":"carService contract throws controlled AppError on invalid api payload","invocations":1,"location":null,"numPassingAsserts":1,"retryReasons":[],"status":"passed","title":"throws controlled AppError on invalid api payload"}],"endTime":1780985870859,"message":"","name":"C:\\Users\\alext\\Desktop\\indep-rn\\src\\services\\__tests__\\carService.test.ts","startTime":1780985867042,"status":"passed","summary":""},{"assertionResults":[{"ancestorTitles":["reportService contract"],"duration":28,"failureDetails":[],"failureMessages":[],"fullName":"reportService contract submit returns SubmittedReport shape in api mode","invocations":1,"location":null,"numPassingAsserts":2,"retryReasons":[],"status":"passed","title":"submit returns SubmittedReport shape in api mode"},{"ancestorTitles":["reportService contract"],"duration":2,"failureDetails":[],"failureMessages":[],"fullName":"reportService contract getSubmittedById returns SubmittedReport shape in api mode","invocations":1,"location":null,"numPassingAsserts":2,"retryReasons":[],"status":"passed","title":"getSubmittedById returns SubmittedReport shape in api mode"},{"ancestorTitles":["reportService contract"],"duration":5,"failureDetails":[],"failureMessages":[],"fullName":"reportService contract getMy returns array shape in api mode","invocations":1,"location":null,"numPassingAsserts":2,"retryReasons":[],"status":"passed","title":"getMy returns array shape in api mode"},{"ancestorTitles":["reportService contract"],"duration":4,"failureDetails":[],"failureMessages":[],"fullName":"reportService contract maps 401 to user-friendly Error message","invocations":1,"location":null,"numPassingAsserts":1,"retryReasons":[],"status":"passed","title":"maps 401 to user-friendly Error message"},{"ancestorTitles":["reportService contract"],"duration":3,"failureDetails":[],"failureMessages":[],"fullName":"reportService contract maps network error (status 0) to user-friendly Error message","invocations":1,"location":null,"numPassingAsserts":1,"retryReasons":[],"status":"passed","title":"maps network error (status 0) to user-friendly Error message"},{"ancestorTitles":["reportService contract"],"duration":2,"failureDetails":[],"failureMessages":[],"fullName":"reportService contract maps 500 to user-friendly Error message","invocations":1,"location":null,"numPassingAsserts":1,"retryReasons":[],"status":"passed","title":"maps 500 to user-friendly Error message"},{"ancestorTitles":["reportService contract"],"duration":10,"failureDetails":[],"failureMessages":[],"fullName":"reportService contract uses mock mode without calling api","invocations":1,"location":null,"numPassingAsserts":5,"retryReasons":[],"status":"passed","title":"uses mock mode without calling api"},{"ancestorTitles":["reportService contract"],"duration":2,"failureDetails":[],"failureMessages":[],"fullName":"reportService contract throws not-found error in mock mode for unknown id","invocations":1,"location":null,"numPassingAsserts":1,"retryReasons":[],"status":"passed","title":"throws not-found error in mock mode for unknown id"},{"ancestorTitles":["reportService contract"],"duration":2,"failureDetails":[],"failureMessages":[],"fullName":"reportService contract keeps deprecated getById alias for backward compatibility","invocations":1,"location":null,"numPassingAsserts":2,"retryReasons":[],"status":"passed","title":"keeps deprecated getById alias for backward compatibility"}],"endTime":1780985871032,"message":"","name":"C:\\Users\\alext\\Desktop\\indep-rn\\src\\services\\__tests__\\reportService.test.ts","startTime":1780985867650,"status":"passed","summary":""},{"assertionResults":[{"ancestorTitles":["useCatalogCars"],"duration":64,"failureDetails":[],"failureMessages":[],"fullName":"useCatalogCars loads cars on mount","invocations":1,"location":null,"numPassingAsserts":4,"retryReasons":[],"status":"passed","title":"loads cars on mount"},{"ancestorTitles":["useCatalogCars"],"duration":5,"failureDetails":[],"failureMessages":[],"fullName":"useCatalogCars sets error when load fails","invocations":1,"location":null,"numPassingAsserts":3,"retryReasons":[],"status":"passed","title":"sets error when load fails"}],"endTime":1780985871175,"message":"","name":"C:\\Users\\alext\\Desktop\\indep-rn\\src\\features\\catalog\\hooks\\__tests__\\useCatalogCars.test.tsx","startTime":1780985870646,"status":"passed","summary":""},{"assertionResults":[{"ancestorTitles":["useProtected redirect contract"],"duration":98,"failureDetails":[],"failureMessages":[],"fullName":"useProtected redirect contract checkAuth redirects and returns false when user is missing","invocations":1,"location":null,"numPassingAsserts":2,"retryReasons":[],"status":"passed","title":"checkAuth redirects and returns false when user is missing"},{"ancestorTitles":["useProtected redirect contract"],"duration":6,"failureDetails":[],"failureMessages":[],"fullName":"useProtected redirect contract checkAuth returns true and does not redirect when user exists","invocations":1,"location":null,"numPassingAsserts":2,"retryReasons":[],"status":"passed","title":"checkAuth returns true and does not redirect when user exists"},{"ancestorTitles":["useProtected redirect contract"],"duration":12,"failureDetails":[],"failureMessages":[],"fullName":"useProtected redirect contract useRequireAuth redirects only when loading is false and user is missing","invocations":1,"location":null,"numPassingAsserts":2,"retryReasons":[],"status":"passed","title":"useRequireAuth redirects only when loading is false and user is missing"}],"endTime":1780985871228,"message":"","name":"C:\\Users\\alext\\Desktop\\indep-rn\\src\\hooks\\__tests__\\useProtected.test.tsx","startTime":1780985867346,"status":"passed","summary":""},{"assertionResults":[{"ancestorTitles":["reportsPackage.data"],"duration":4,"failureDetails":[],"failureMessages":[],"fullName":"reportsPackage.data formats report count labels in Russian","invocations":1,"location":null,"numPassingAsserts":3,"retryReasons":[],"status":"passed","title":"formats report count labels in Russian"},{"ancestorTitles":["reportsPackage.data"],"duration":2,"failureDetails":[],"failureMessages":[],"fullName":"reportsPackage.data formats price with ruble sign","invocations":1,"location":null,"numPassingAsserts":2,"retryReasons":[],"status":"passed","title":"formats price with ruble sign"}],"endTime":1780985871491,"message":"","name":"C:\\Users\\alext\\Desktop\\indep-rn\\src\\widgets\\reports\\__tests__\\reportsPackage.data.test.ts","startTime":1780985870978,"status":"passed","summary":""},{"assertionResults":[{"ancestorTitles":["useCatalogFiltersController"],"duration":43,"failureDetails":[],"failureMessages":[],"fullName":"useCatalogFiltersController rejects invalid price range and keeps previous filtered list","invocations":1,"location":null,"numPassingAsserts":4,"retryReasons":[],"status":"passed","title":"rejects invalid price range and keeps previous filtered list"}],"endTime":1780985871661,"message":"","name":"C:\\Users\\alext\\Desktop\\indep-rn\\src\\features\\catalog\\hooks\\__tests__\\useCatalogFiltersController.test.tsx","startTime":1780985870956,"status":"passed","summary":""},{"assertionResults":[{"ancestorTitles":["buildRuleBasedReply"],"duration":10,"failureDetails":[],"failureMessages":[],"fullName":"buildRuleBasedReply returns no cars for vague request \"на дачу поехать\"","invocations":1,"location":null,"numPassingAsserts":2,"retryReasons":[],"status":"passed","title":"returns no cars for vague request \"на дачу поехать\""},{"ancestorTitles":["buildRuleBasedReply"],"duration":3,"failureDetails":[],"failureMessages":[],"fullName":"buildRuleBasedReply returns crossovers only for \"кроссовер\", not default LADA sedans","invocations":1,"location":null,"numPassingAsserts":2,"retryReasons":[],"status":"passed","title":"returns crossovers only for \"кроссовер\", not default LADA sedans"},{"ancestorTitles":["buildRuleBasedReply"],"duration":2,"failureDetails":[],"failureMessages":[],"fullName":"buildRuleBasedReply mixes brands for \"кроссовер\" on a LADA-heavy catalog slice","invocations":1,"location":null,"numPassingAsserts":2,"retryReasons":[],"status":"passed","title":"mixes brands for \"кроссовер\" on a LADA-heavy catalog slice"},{"ancestorTitles":["buildRuleBasedReply"],"duration":86,"failureDetails":[],"failureMessages":[],"fullName":"buildRuleBasedReply filters by brand and budget","invocations":1,"location":null,"numPassingAsserts":2,"retryReasons":[],"status":"passed","title":"filters by brand and budget"}],"endTime":1780985871755,"message":"","name":"C:\\Users\\alext\\Desktop\\indep-rn\\src\\features\\aiPicker\\chat\\__tests__\\ruleBasedReply.test.ts","startTime":1780985871170,"status":"passed","summary":""},{"assertionResults":[{"ancestorTitles":["AuthContext restore/logout flow"],"duration":68,"failureDetails":[],"failureMessages":[],"fullName":"AuthContext restore/logout flow restores session in api mode when token and me() exist","invocations":1,"location":null,"numPassingAsserts":4,"retryReasons":[],"status":"passed","title":"restores session in api mode when token and me() exist"},{"ancestorTitles":["AuthContext restore/logout flow"],"duration":11,"failureDetails":[],"failureMessages":[],"fullName":"AuthContext restore/logout flow falls back to api source and warns on invalid auth source env","invocations":1,"location":null,"numPassingAsserts":4,"retryReasons":[],"status":"passed","title":"falls back to api source and warns on invalid auth source env"},{"ancestorTitles":["AuthContext restore/logout flow"],"duration":9,"failureDetails":[],"failureMessages":[],"fullName":"AuthContext restore/logout flow clears invalid token on restore failure in api mode","invocations":1,"location":null,"numPassingAsserts":4,"retryReasons":[],"status":"passed","title":"clears invalid token on restore failure in api mode"},{"ancestorTitles":["AuthContext restore/logout flow"],"duration":9,"failureDetails":[],"failureMessages":[],"fullName":"AuthContext restore/logout flow cleans user session on logout in api mode","invocations":1,"location":null,"numPassingAsserts":5,"retryReasons":[],"status":"passed","title":"cleans user session on logout in api mode"},{"ancestorTitles":["AuthContext restore/logout flow"],"duration":7,"failureDetails":[],"failureMessages":[],"fullName":"AuthContext restore/logout flow clears user session when logout API throws","invocations":1,"location":null,"numPassingAsserts":2,"retryReasons":[],"status":"passed","title":"clears user session when logout API throws"},{"ancestorTitles":["AuthContext restore/logout flow"],"duration":5,"failureDetails":[],"failureMessages":[],"fullName":"AuthContext restore/logout flow clears refresh token in unauthorized handler","invocations":1,"location":null,"numPassingAsserts":5,"retryReasons":[],"status":"passed","title":"clears refresh token in unauthorized handler"},{"ancestorTitles":["AuthContext restore/logout flow"],"duration":7,"failureDetails":[],"failureMessages":[],"fullName":"AuthContext restore/logout flow uses mock gateway in mock mode","invocations":1,"location":null,"numPassingAsserts":4,"retryReasons":[],"status":"passed","title":"uses mock gateway in mock mode"},{"ancestorTitles":["AuthContext restore/logout flow"],"duration":7,"failureDetails":[],"failureMessages":[],"fullName":"AuthContext restore/logout flow mock confirmVerification respects name and picker role from registration","invocations":1,"location":null,"numPassingAsserts":5,"retryReasons":[],"status":"passed","title":"mock confirmVerification respects name and picker role from registration"},{"ancestorTitles":["AuthContext restore/logout flow"],"duration":5,"failureDetails":[],"failureMessages":[],"fullName":"AuthContext restore/logout flow does not restore expired mock session and clears storage","invocations":1,"location":null,"numPassingAsserts":4,"retryReasons":[],"status":"passed","title":"does not restore expired mock session and clears storage"},{"ancestorTitles":["AuthContext restore/logout flow"],"duration":6,"failureDetails":[],"failureMessages":[],"fullName":"AuthContext restore/logout flow restores fresh mock session within ttl","invocations":1,"location":null,"numPassingAsserts":3,"retryReasons":[],"status":"passed","title":"restores fresh mock session within ttl"},{"ancestorTitles":["AuthContext restore/logout flow"],"duration":5,"failureDetails":[],"failureMessages":[],"fullName":"AuthContext restore/logout flow falls back to default ttl when env ttl is invalid","invocations":1,"location":null,"numPassingAsserts":3,"retryReasons":[],"status":"passed","title":"falls back to default ttl when env ttl is invalid"},{"ancestorTitles":["AuthContext restore/logout flow"],"duration":7,"failureDetails":[],"failureMessages":[],"fullName":"AuthContext restore/logout flow stores structured authError on login failure and clears it after success","invocations":1,"location":null,"numPassingAsserts":4,"retryReasons":[],"status":"passed","title":"stores structured authError on login failure and clears it after success"},{"ancestorTitles":["AuthContext restore/logout flow"],"duration":7,"failureDetails":[],"failureMessages":[],"fullName":"AuthContext restore/logout flow requestVerification + confirmVerification set user in api mode","invocations":1,"location":null,"numPassingAsserts":5,"retryReasons":[],"status":"passed","title":"requestVerification + confirmVerification set user in api mode"},{"ancestorTitles":["AuthContext restore/logout flow"],"duration":6,"failureDetails":[],"failureMessages":[],"fullName":"AuthContext restore/logout flow returns structured error when confirmVerification fails","invocations":1,"location":null,"numPassingAsserts":2,"retryReasons":[],"status":"passed","title":"returns structured error when confirmVerification fails"}],"endTime":1780985871818,"message":"","name":"C:\\Users\\alext\\Desktop\\indep-rn\\src\\contexts\\__tests__\\AuthContext.test.tsx","startTime":1780985870893,"status":"passed","summary":""},{"assertionResults":[{"ancestorTitles":["MILEAGE_VALUES"],"duration":2,"failureDetails":[],"failureMessages":[],"fullName":"MILEAGE_VALUES starts at MILEAGE_MIN","invocations":1,"location":null,"numPassingAsserts":1,"retryReasons":[],"status":"passed","title":"starts at MILEAGE_MIN"},{"ancestorTitles":["MILEAGE_VALUES"],"duration":0,"failureDetails":[],"failureMessages":[],"fullName":"MILEAGE_VALUES ends at MILEAGE_MAX","invocations":1,"location":null,"numPassingAsserts":1,"retryReasons":[],"status":"passed","title":"ends at MILEAGE_MAX"},{"ancestorTitles":["MILEAGE_VALUES"],"duration":0,"failureDetails":[],"failureMessages":[],"fullName":"MILEAGE_VALUES has correct step between consecutive items","invocations":1,"location":null,"numPassingAsserts":2,"retryReasons":[],"status":"passed","title":"has correct step between consecutive items"},{"ancestorTitles":["MILEAGE_VALUES"],"duration":0,"failureDetails":[],"failureMessages":[],"fullName":"MILEAGE_VALUES has length = MILEAGE_MAX / MILEAGE_STEP + 1","invocations":1,"location":null,"numPassingAsserts":1,"retryReasons":[],"status":"passed","title":"has length = MILEAGE_MAX / MILEAGE_STEP + 1"},{"ancestorTitles":["clampMileage"],"duration":1,"failureDetails":[],"failureMessages":[],"fullName":"clampMileage clamps values below min to MILEAGE_MIN","invocations":1,"location":null,"numPassingAsserts":2,"retryReasons":[],"status":"passed","title":"clamps values below min to MILEAGE_MIN"},{"ancestorTitles":["clampMileage"],"duration":2,"failureDetails":[],"failureMessages":[],"fullName":"clampMileage clamps values above max to MILEAGE_MAX","invocations":1,"location":null,"numPassingAsserts":2,"retryReasons":[],"status":"passed","title":"clamps values above max to MILEAGE_MAX"},{"ancestorTitles":["clampMileage"],"duration":1,"failureDetails":[],"failureMessages":[],"fullName":"clampMileage passes through values within range","invocations":1,"location":null,"numPassingAsserts":3,"retryReasons":[],"status":"passed","title":"passes through values within range"},{"ancestorTitles":["clampMileage"],"duration":1,"failureDetails":[],"failureMessages":[],"fullName":"clampMileage returns MILEAGE_MIN for NaN and Infinity","invocations":1,"location":null,"numPassingAsserts":3,"retryReasons":[],"status":"passed","title":"returns MILEAGE_MIN for NaN and Infinity"},{"ancestorTitles":["clampMileage"],"duration":2,"failureDetails":[],"failureMessages":[],"fullName":"clampMileage rounds fractional values","invocations":1,"location":null,"numPassingAsserts":2,"retryReasons":[],"status":"passed","title":"rounds fractional values"},{"ancestorTitles":["valueToNearestIndex"],"duration":1,"failureDetails":[],"failureMessages":[],"fullName":"valueToNearestIndex maps 0 to index 0","invocations":1,"location":null,"numPassingAsserts":1,"retryReasons":[],"status":"passed","title":"maps 0 to index 0"},{"ancestorTitles":["valueToNearestIndex"],"duration":1,"failureDetails":[],"failureMessages":[],"fullName":"valueToNearestIndex maps MILEAGE_MAX to last index","invocations":1,"location":null,"numPassingAsserts":1,"retryReasons":[],"status":"passed","title":"maps MILEAGE_MAX to last index"},{"ancestorTitles":["valueToNearestIndex"],"duration":2,"failureDetails":[],"failureMessages":[],"fullName":"valueToNearestIndex snaps to nearest step (round down)","invocations":1,"location":null,"numPassingAsserts":1,"retryReasons":[],"status":"passed","title":"snaps to nearest step (round down)"},{"ancestorTitles":["valueToNearestIndex"],"duration":1,"failureDetails":[],"failureMessages":[],"fullName":"valueToNearestIndex snaps to nearest step (round up)","invocations":1,"location":null,"numPassingAsserts":1,"retryReasons":[],"status":"passed","title":"snaps to nearest step (round up)"},{"ancestorTitles":["valueToNearestIndex"],"duration":1,"failureDetails":[],"failureMessages":[],"fullName":"valueToNearestIndex clamps out-of-range values","invocations":1,"location":null,"numPassingAsserts":2,"retryReasons":[],"status":"passed","title":"clamps out-of-range values"},{"ancestorTitles":["valueToNearestIndex"],"duration":1,"failureDetails":[],"failureMessages":[],"fullName":"valueToNearestIndex correctly maps exact multiples of MILEAGE_STEP","invocations":1,"location":null,"numPassingAsserts":2,"retryReasons":[],"status":"passed","title":"correctly maps exact multiples of MILEAGE_STEP"},{"ancestorTitles":["filterTextToIndex"],"duration":1,"failureDetails":[],"failureMessages":[],"fullName":"filterTextToIndex returns index 0 when text is empty and default is MILEAGE_MIN","invocations":1,"location":null,"numPassingAsserts":1,"retryReasons":[],"status":"passed","title":"returns index 0 when text is empty and default is MILEAGE_MIN"},{"ancestorTitles":["filterTextToIndex"],"duration":0,"failureDetails":[],"failureMessages":[],"fullName":"filterTextToIndex returns last index when text is empty and default is MILEAGE_MAX","invocations":1,"location":null,"numPassingAsserts":1,"retryReasons":[],"status":"passed","title":"returns last index when text is empty and default is MILEAGE_MAX"},{"ancestorTitles":["filterTextToIndex"],"duration":1,"failureDetails":[],"failureMessages":[],"fullName":"filterTextToIndex parses a digit string and finds the nearest index","invocations":1,"location":null,"numPassingAsserts":1,"retryReasons":[],"status":"passed","title":"parses a digit string and finds the nearest index"},{"ancestorTitles":["filterTextToIndex"],"duration":0,"failureDetails":[],"failureMessages":[],"fullName":"filterTextToIndex strips non-digit characters before parsing","invocations":1,"location":null,"numPassingAsserts":1,"retryReasons":[],"status":"passed","title":"strips non-digit characters before parsing"},{"ancestorTitles":["from ≤ to constraint logic"],"duration":1,"failureDetails":[],"failureMessages":[],"fullName":"from ≤ to constraint logic pulling from past to corrects to = from","invocations":1,"location":null,"numPassingAsserts":2,"retryReasons":[],"status":"passed","title":"pulling from past to corrects to = from"},{"ancestorTitles":["from ≤ to constraint logic"],"duration":1,"failureDetails":[],"failureMessages":[],"fullName":"from ≤ to constraint logic pulling to below from corrects from = to","invocations":1,"location":null,"numPassingAsserts":2,"retryReasons":[],"status":"passed","title":"pulling to below from corrects from = to"},{"ancestorTitles":["from ≤ to constraint logic"],"duration":0,"failureDetails":[],"failureMessages":[],"fullName":"from ≤ to constraint logic equal from and to is valid","invocations":1,"location":null,"numPassingAsserts":1,"retryReasons":[],"status":"passed","title":"equal from and to is valid"},{"ancestorTitles":["apply produces correct filter strings"],"duration":0,"failureDetails":[],"failureMessages":[],"fullName":"apply produces correct filter strings fromIdx=0 → empty from string (no lower constraint)","invocations":1,"location":null,"numPassingAsserts":1,"retryReasons":[],"status":"passed","title":"fromIdx=0 → empty from string (no lower constraint)"},{"ancestorTitles":["apply produces correct filter strings"],"duration":1,"failureDetails":[],"failureMessages":[],"fullName":"apply produces correct filter strings toIdx=last → empty to string (no upper constraint)","invocations":1,"location":null,"numPassingAsserts":1,"retryReasons":[],"status":"passed","title":"toIdx=last → empty to string (no upper constraint)"},{"ancestorTitles":["apply produces correct filter strings"],"duration":1,"failureDetails":[],"failureMessages":[],"fullName":"apply produces correct filter strings non-default indices produce numeric strings","invocations":1,"location":null,"numPassingAsserts":2,"retryReasons":[],"status":"passed","title":"non-default indices produce numeric strings"},{"ancestorTitles":["mileageFromDigitString"],"duration":1,"failureDetails":[],"failureMessages":[],"fullName":"mileageFromDigitString returns whenEmpty when text is empty","invocations":1,"location":null,"numPassingAsserts":2,"retryReasons":[],"status":"passed","title":"returns whenEmpty when text is empty"},{"ancestorTitles":["mileageFromDigitString"],"duration":1,"failureDetails":[],"failureMessages":[],"fullName":"mileageFromDigitString strips non-digit chars","invocations":1,"location":null,"numPassingAsserts":1,"retryReasons":[],"status":"passed","title":"strips non-digit chars"},{"ancestorTitles":["mileageFromDigitString"],"duration":1,"failureDetails":[],"failureMessages":[],"fullName":"mileageFromDigitString clamps to range","invocations":1,"location":null,"numPassingAsserts":1,"retryReasons":[],"status":"passed","title":"clamps to range"},{"ancestorTitles":["normalizeMileageText"],"duration":0,"failureDetails":[],"failureMessages":[],"fullName":"normalizeMileageText returns empty string for empty input","invocations":1,"location":null,"numPassingAsserts":1,"retryReasons":[],"status":"passed","title":"returns empty string for empty input"},{"ancestorTitles":["normalizeMileageText"],"duration":1,"failureDetails":[],"failureMessages":[],"fullName":"normalizeMileageText strips non-digits and clamps","invocations":1,"location":null,"numPassingAsserts":2,"retryReasons":[],"status":"passed","title":"strips non-digits and clamps"},{"ancestorTitles":["formatMileageRu"],"duration":81,"failureDetails":[],"failureMessages":[],"fullName":"formatMileageRu formats zero as '0'","invocations":1,"location":null,"numPassingAsserts":1,"retryReasons":[],"status":"passed","title":"formats zero as '0'"},{"ancestorTitles":["formatMileageRu"],"duration":1,"failureDetails":[],"failureMessages":[],"fullName":"formatMileageRu formats thousands with separator","invocations":1,"location":null,"numPassingAsserts":1,"retryReasons":[],"status":"passed","title":"formats thousands with separator"},{"ancestorTitles":["formatMileageRange"],"duration":1,"failureDetails":[],"failureMessages":[],"fullName":"formatMileageRange returns 'Любой пробег' when both are empty","invocations":1,"location":null,"numPassingAsserts":1,"retryReasons":[],"status":"passed","title":"returns 'Любой пробег' when both are empty"},{"ancestorTitles":["formatMileageRange"],"duration":2,"failureDetails":[],"failureMessages":[],"fullName":"formatMileageRange shows 'от X км' when only from is set","invocations":1,"location":null,"numPassingAsserts":2,"retryReasons":[],"status":"passed","title":"shows 'от X км' when only from is set"},{"ancestorTitles":["formatMileageRange"],"duration":2,"failureDetails":[],"failureMessages":[],"fullName":"formatMileageRange shows 'до X км' when only to is set","invocations":1,"location":null,"numPassingAsserts":2,"retryReasons":[],"status":"passed","title":"shows 'до X км' when only to is set"},{"ancestorTitles":["formatMileageRange"],"duration":2,"failureDetails":[],"failureMessages":[],"fullName":"formatMileageRange shows range when both are set","invocations":1,"location":null,"numPassingAsserts":2,"retryReasons":[],"status":"passed","title":"shows range when both are set"}],"endTime":1780985871853,"message":"","name":"C:\\Users\\alext\\Desktop\\indep-rn\\src\\features\\filters\\ui\\__tests__\\mileagePickerUtils.test.ts","startTime":1780985871270,"status":"passed","summary":""},{"assertionResults":[{"ancestorTitles":["catalogStore TTL"],"duration":3,"failureDetails":[],"failureMessages":[],"fullName":"catalogStore TTL uses default TTL of 1 hour","invocations":1,"location":null,"numPassingAsserts":1,"retryReasons":[],"status":"passed","title":"uses default TTL of 1 hour"},{"ancestorTitles":["catalogStore TTL"],"duration":12,"failureDetails":[],"failureMessages":[],"fullName":"catalogStore TTL reuses fresh cache without a second fetch","invocations":1,"location":null,"numPassingAsserts":1,"retryReasons":[],"status":"passed","title":"reuses fresh cache without a second fetch"},{"ancestorTitles":["catalogStore TTL"],"duration":13,"failureDetails":[],"failureMessages":[],"fullName":"catalogStore TTL refreshes stale cache after TTL","invocations":1,"location":null,"numPassingAsserts":2,"retryReasons":[],"status":"passed","title":"refreshes stale cache after TTL"},{"ancestorTitles":["catalogStore TTL"],"duration":70,"failureDetails":[],"failureMessages":[],"fullName":"catalogStore TTL keeps stale api cache when refresh fails","invocations":1,"location":null,"numPassingAsserts":4,"retryReasons":[],"status":"passed","title":"keeps stale api cache when refresh fails"}],"endTime":1780985871863,"message":"","name":"C:\\Users\\alext\\Desktop\\indep-rn\\ai-api\\src\\catalog\\__tests__\\catalogStore.test.ts","startTime":1780985871375,"status":"passed","summary":""},{"assertionResults":[{"ancestorTitles":["reportsService contract"],"duration":4,"failureDetails":[],"failureMessages":[],"fullName":"reportsService contract returns purchased reports from explicit mock source","invocations":1,"location":null,"numPassingAsserts":1,"retryReasons":[],"status":"passed","title":"returns purchased reports from explicit mock source"},{"ancestorTitles":["reportsService contract"],"duration":18,"failureDetails":[],"failureMessages":[],"fullName":"reportsService contract falls back to api source and warns on invalid env value","invocations":1,"location":null,"numPassingAsserts":4,"retryReasons":[],"status":"passed","title":"falls back to api source and warns on invalid env value"},{"ancestorTitles":["reportsService contract"],"duration":3,"failureDetails":[],"failureMessages":[],"fullName":"reportsService contract returns mapped purchased reports in api mode","invocations":1,"location":null,"numPassingAsserts":2,"retryReasons":[],"status":"passed","title":"returns mapped purchased reports in api mode"},{"ancestorTitles":["reportsService contract"],"duration":19,"failureDetails":[],"failureMessages":[],"fullName":"reportsService contract maps 500 to user-friendly Error in api mode","invocations":1,"location":null,"numPassingAsserts":1,"retryReasons":[],"status":"passed","title":"maps 500 to user-friendly Error in api mode"},{"ancestorTitles":["reportsService contract"],"duration":2,"failureDetails":[],"failureMessages":[],"fullName":"reportsService contract maps timeout to user-friendly Error in api mode","invocations":1,"location":null,"numPassingAsserts":1,"retryReasons":[],"status":"passed","title":"maps timeout to user-friendly Error in api mode"},{"ancestorTitles":["reportsService contract"],"duration":8,"failureDetails":[],"failureMessages":[],"fullName":"reportsService contract throws controlled AppError on invalid reports payload","invocations":1,"location":null,"numPassingAsserts":1,"retryReasons":[],"status":"passed","title":"throws controlled AppError on invalid reports payload"},{"ancestorTitles":["reportsService contract"],"duration":3,"failureDetails":[],"failureMessages":[],"fullName":"reportsService contract returns duplicate-check reports shape in api mode","invocations":1,"location":null,"numPassingAsserts":2,"retryReasons":[],"status":"passed","title":"returns duplicate-check reports shape in api mode"},{"ancestorTitles":["reportsService contract"],"duration":1,"failureDetails":[],"failureMessages":[],"fullName":"reportsService contract throws explicit not-found message for mock getReportById","invocations":1,"location":null,"numPassingAsserts":1,"retryReasons":[],"status":"passed","title":"throws explicit not-found message for mock getReportById"}],"endTime":1780985871987,"message":"","name":"C:\\Users\\alext\\Desktop\\indep-rn\\src\\services\\__tests__\\reportsService.contract.test.ts","startTime":1780985870919,"status":"passed","summary":""},{"assertionResults":[{"ancestorTitles":["authService.refresh rotation policy"],"duration":11,"failureDetails":[],"failureMessages":[],"fullName":"authService.refresh rotation policy stores new refresh token returned by backend","invocations":1,"location":null,"numPassingAsserts":4,"retryReasons":[],"status":"passed","title":"stores new refresh token returned by backend"},{"ancestorTitles":["authService.refresh rotation policy"],"duration":9,"failureDetails":[],"failureMessages":[],"fullName":"authService.refresh rotation policy invalidates session when rotation is required and refresh token is missing","invocations":1,"location":null,"numPassingAsserts":4,"retryReasons":[],"status":"passed","title":"invalidates session when rotation is required and refresh token is missing"},{"ancestorTitles":["authService.refresh rotation policy"],"duration":2,"failureDetails":[],"failureMessages":[],"fullName":"authService.refresh rotation policy invalidates session on refresh 401","invocations":1,"location":null,"numPassingAsserts":3,"retryReasons":[],"status":"passed","title":"invalidates session on refresh 401"},{"ancestorTitles":["authService.refresh rotation policy"],"duration":3,"failureDetails":[],"failureMessages":[],"fullName":"authService.refresh rotation policy throws transient refresh network errors without forced cleanup","invocations":1,"location":null,"numPassingAsserts":3,"retryReasons":[],"status":"passed","title":"throws transient refresh network errors without forced cleanup"},{"ancestorTitles":["authService.refresh rotation policy"],"duration":2,"failureDetails":[],"failureMessages":[],"fullName":"authService.refresh rotation policy throws transient refresh 5xx errors without forced cleanup","invocations":1,"location":null,"numPassingAsserts":3,"retryReasons":[],"status":"passed","title":"throws transient refresh 5xx errors without forced cleanup"},{"ancestorTitles":["authService contract"],"duration":3,"failureDetails":[],"failureMessages":[],"fullName":"authService contract login returns user and persists tokens","invocations":1,"location":null,"numPassingAsserts":3,"retryReasons":[],"status":"passed","title":"login returns user and persists tokens"},{"ancestorTitles":["authService contract"],"duration":2,"failureDetails":[],"failureMessages":[],"fullName":"authService contract login throws structured invalid_credentials error on 401","invocations":1,"location":null,"numPassingAsserts":1,"retryReasons":[],"status":"passed","title":"login throws structured invalid_credentials error on 401"},{"ancestorTitles":["authService contract"],"duration":2,"failureDetails":[],"failureMessages":[],"fullName":"authService contract login throws structured network_error on transport failure","invocations":1,"location":null,"numPassingAsserts":1,"retryReasons":[],"status":"passed","title":"login throws structured network_error on transport failure"},{"ancestorTitles":["authService contract"],"duration":1,"failureDetails":[],"failureMessages":[],"fullName":"authService contract login surfaces plain Error message as unknown auth error","invocations":1,"location":null,"numPassingAsserts":1,"retryReasons":[],"status":"passed","title":"login surfaces plain Error message as unknown auth error"},{"ancestorTitles":["authService contract"],"duration":2,"failureDetails":[],"failureMessages":[],"fullName":"authService contract register returns user and persists access token","invocations":1,"location":null,"numPassingAsserts":2,"retryReasons":[],"status":"passed","title":"register returns user and persists access token"},{"ancestorTitles":["authService contract"],"duration":2,"failureDetails":[],"failureMessages":[],"fullName":"authService contract supports legacy auth DTO fields for backward compatibility","invocations":1,"location":null,"numPassingAsserts":3,"retryReasons":[],"status":"passed","title":"supports legacy auth DTO fields for backward compatibility"},{"ancestorTitles":["authService contract"],"duration":1,"failureDetails":[],"failureMessages":[],"fullName":"authService contract me returns user on success","invocations":1,"location":null,"numPassingAsserts":2,"retryReasons":[],"status":"passed","title":"me returns user on success"},{"ancestorTitles":["authService contract"],"duration":1,"failureDetails":[],"failureMessages":[],"fullName":"authService contract me throws structured network_error for status 0","invocations":1,"location":null,"numPassingAsserts":1,"retryReasons":[],"status":"passed","title":"me throws structured network_error for status 0"},{"ancestorTitles":["authService contract"],"duration":2,"failureDetails":[],"failureMessages":[],"fullName":"authService contract requestVerification calls backend endpoint","invocations":1,"location":null,"numPassingAsserts":2,"retryReasons":[],"status":"passed","title":"requestVerification calls backend endpoint"},{"ancestorTitles":["authService contract"],"duration":1,"failureDetails":[],"failureMessages":[],"fullName":"authService contract requestVerification maps picker domain role to realtor for API","invocations":1,"location":null,"numPassingAsserts":1,"retryReasons":[],"status":"passed","title":"requestVerification maps picker domain role to realtor for API"},{"ancestorTitles":["authService contract"],"duration":2,"failureDetails":[],"failureMessages":[],"fullName":"authService contract requestVerification maps 429 into rate_limited auth error","invocations":1,"location":null,"numPassingAsserts":1,"retryReasons":[],"status":"passed","title":"requestVerification maps 429 into rate_limited auth error"},{"ancestorTitles":["authService contract"],"duration":10,"failureDetails":[],"failureMessages":[],"fullName":"authService contract requestVerification maps transport failure into network_error","invocations":1,"location":null,"numPassingAsserts":1,"retryReasons":[],"status":"passed","title":"requestVerification maps transport failure into network_error"},{"ancestorTitles":["authService contract"],"duration":1,"failureDetails":[],"failureMessages":[],"fullName":"authService contract requestVerification maps TypeError into network_error","invocations":1,"location":null,"numPassingAsserts":1,"retryReasons":[],"status":"passed","title":"requestVerification maps TypeError into network_error"},{"ancestorTitles":["authService contract"],"duration":1,"failureDetails":[],"failureMessages":[],"fullName":"authService contract requestVerification surfaces backend message for 500 when not generic HTTP text","invocations":1,"location":null,"numPassingAsserts":1,"retryReasons":[],"status":"passed","title":"requestVerification surfaces backend message for 500 when not generic HTTP text"},{"ancestorTitles":["authService contract"],"duration":0,"failureDetails":[],"failureMessages":[],"fullName":"authService contract requestVerification preserves backend validation message for 422","invocations":1,"location":null,"numPassingAsserts":1,"retryReasons":[],"status":"passed","title":"requestVerification preserves backend validation message for 422"},{"ancestorTitles":["authService contract"],"duration":4,"failureDetails":[],"failureMessages":[],"fullName":"authService contract confirmVerification stores token and returns user","invocations":1,"location":null,"numPassingAsserts":3,"retryReasons":[],"status":"passed","title":"confirmVerification stores token and returns user"},{"ancestorTitles":["authService contract"],"duration":3,"failureDetails":[],"failureMessages":[],"fullName":"authService contract confirmVerification accepts Laravel-style access_token and nested tokens","invocations":1,"location":null,"numPassingAsserts":4,"retryReasons":[],"status":"passed","title":"confirmVerification accepts Laravel-style access_token and nested tokens"},{"ancestorTitles":["authService contract"],"duration":2,"failureDetails":[],"failureMessages":[],"fullName":"authService contract normalizeUserRole maps case and aliases to picker","invocations":1,"location":null,"numPassingAsserts":7,"retryReasons":[],"status":"passed","title":"normalizeUserRole maps case and aliases to picker"},{"ancestorTitles":["authService contract"],"duration":3,"failureDetails":[],"failureMessages":[],"fullName":"authService contract confirmVerification applies picker role from payload when API user is client","invocations":1,"location":null,"numPassingAsserts":2,"retryReasons":[],"status":"passed","title":"confirmVerification applies picker role from payload when API user is client"},{"ancestorTitles":["authService contract"],"duration":4,"failureDetails":[],"failureMessages":[],"fullName":"authService contract confirmVerification maps realtor from API user to picker domain role","invocations":1,"location":null,"numPassingAsserts":1,"retryReasons":[],"status":"passed","title":"confirmVerification maps realtor from API user to picker domain role"},{"ancestorTitles":["authService contract"],"duration":1,"failureDetails":[],"failureMessages":[],"fullName":"authService contract confirmVerification normalizes Laravel user (numeric id, api_token)","invocations":1,"location":null,"numPassingAsserts":2,"retryReasons":[],"status":"passed","title":"confirmVerification normalizes Laravel user (numeric id, api_token)"},{"ancestorTitles":["authService contract"],"duration":2,"failureDetails":[],"failureMessages":[],"fullName":"authService contract confirmVerification persists backend api_token (single-issue token)","invocations":1,"location":null,"numPassingAsserts":3,"retryReasons":[],"status":"passed","title":"confirmVerification persists backend api_token (single-issue token)"},{"ancestorTitles":["authService contract"],"duration":2,"failureDetails":[],"failureMessages":[],"fullName":"authService contract confirmVerification calls me() when response has tokens but no user object","invocations":1,"location":null,"numPassingAsserts":3,"retryReasons":[],"status":"passed","title":"confirmVerification calls me() when response has tokens but no user object"},{"ancestorTitles":["authService contract"],"duration":1,"failureDetails":[],"failureMessages":[],"fullName":"authService contract confirmVerification maps 429 into rate_limited auth error","invocations":1,"location":null,"numPassingAsserts":1,"retryReasons":[],"status":"passed","title":"confirmVerification maps 429 into rate_limited auth error"},{"ancestorTitles":["authService contract"],"duration":1,"failureDetails":[],"failureMessages":[],"fullName":"authService contract confirmVerification preserves backend validation message for 422","invocations":1,"location":null,"numPassingAsserts":1,"retryReasons":[],"status":"passed","title":"confirmVerification preserves backend validation message for 422"},{"ancestorTitles":["authService contract"],"duration":1,"failureDetails":[],"failureMessages":[],"fullName":"authService contract confirmVerification surfaces backend message for 500 when not generic HTTP text","invocations":1,"location":null,"numPassingAsserts":1,"retryReasons":[],"status":"passed","title":"confirmVerification surfaces backend message for 500 when not generic HTTP text"}],"endTime":1780985872031,"message":"","name":"C:\\Users\\alext\\Desktop\\indep-rn\\src\\services\\__tests__\\authService.test.ts","startTime":1780985871509,"status":"passed","summary":""},{"assertionResults":[{"ancestorTitles":["maskEmail"],"duration":2,"failureDetails":[],"failureMessages":[],"fullName":"maskEmail masks valid email","invocations":1,"location":null,"numPassingAsserts":1,"retryReasons":[],"status":"passed","title":"masks valid email"},{"ancestorTitles":["maskEmail"],"duration":1,"failureDetails":[],"failureMessages":[],"fullName":"maskEmail trims input before masking","invocations":1,"location":null,"numPassingAsserts":1,"retryReasons":[],"status":"passed","title":"trims input before masking"},{"ancestorTitles":["maskEmail"],"duration":1,"failureDetails":[],"failureMessages":[],"fullName":"maskEmail returns fallback for invalid email","invocations":1,"location":null,"numPassingAsserts":1,"retryReasons":[],"status":"passed","title":"returns fallback for invalid email"},{"ancestorTitles":["sanitizeOtpCode"],"duration":1,"failureDetails":[],"failureMessages":[],"fullName":"sanitizeOtpCode keeps only digits and max 6 chars","invocations":1,"location":null,"numPassingAsserts":1,"retryReasons":[],"status":"passed","title":"keeps only digits and max 6 chars"},{"ancestorTitles":["formatResendCountdown"],"duration":1,"failureDetails":[],"failureMessages":[],"fullName":"formatResendCountdown formats seconds to mm:ss","invocations":1,"location":null,"numPassingAsserts":2,"retryReasons":[],"status":"passed","title":"formats seconds to mm:ss"}],"endTime":1780985872181,"message":"","name":"C:\\Users\\alext\\Desktop\\indep-rn\\src\\shared\\utils\\__tests__\\maskEmail.test.ts","startTime":1780985871693,"status":"passed","summary":""},{"assertionResults":[{"ancestorTitles":["resolveFavoriteCars"],"duration":3,"failureDetails":[],"failureMessages":[],"fullName":"resolveFavoriteCars returns empty array for no ids","invocations":1,"location":null,"numPassingAsserts":1,"retryReasons":[],"status":"passed","title":"returns empty array for no ids"},{"ancestorTitles":["resolveFavoriteCars"],"duration":2,"failureDetails":[],"failureMessages":[],"fullName":"resolveFavoriteCars skips ids that fail to load","invocations":1,"location":null,"numPassingAsserts":2,"retryReasons":[],"status":"passed","title":"skips ids that fail to load"}],"endTime":1780985872227,"message":"","name":"C:\\Users\\alext\\Desktop\\indep-rn\\src\\features\\favorites\\__tests__\\resolveFavoriteCars.test.ts","startTime":1780985871775,"status":"passed","summary":""},{"assertionResults":[{"ancestorTitles":["scaleFigmaInset"],"duration":3,"failureDetails":[],"failureMessages":[],"fullName":"scaleFigmaInset scales proportionally on width axis","invocations":1,"location":null,"numPassingAsserts":1,"retryReasons":[],"status":"passed","title":"scales proportionally on width axis"},{"ancestorTitles":["scaleFigmaInset"],"duration":4,"failureDetails":[],"failureMessages":[],"fullName":"scaleFigmaInset scales proportionally on height axis","invocations":1,"location":null,"numPassingAsserts":1,"retryReasons":[],"status":"passed","title":"scales proportionally on height axis"}],"endTime":1780985872278,"message":"","name":"C:\\Users\\alext\\Desktop\\indep-rn\\src\\shared\\utils\\__tests__\\scaleFigmaLayout.test.ts","startTime":1780985871836,"status":"passed","summary":""},{"assertionResults":[{"ancestorTitles":["formatDdMmYyyyInput"],"duration":2,"failureDetails":[],"failureMessages":[],"fullName":"formatDdMmYyyyInput keeps partial digits without dots","invocations":1,"location":null,"numPassingAsserts":2,"retryReasons":[],"status":"passed","title":"keeps partial digits without dots"},{"ancestorTitles":["formatDdMmYyyyInput"],"duration":5,"failureDetails":[],"failureMessages":[],"fullName":"formatDdMmYyyyInput inserts dots after day and month","invocations":1,"location":null,"numPassingAsserts":3,"retryReasons":[],"status":"passed","title":"inserts dots after day and month"},{"ancestorTitles":["formatDdMmYyyyInput"],"duration":0,"failureDetails":[],"failureMessages":[],"fullName":"formatDdMmYyyyInput strips non-digits and caps at 8 digits","invocations":1,"location":null,"numPassingAsserts":1,"retryReasons":[],"status":"passed","title":"strips non-digits and caps at 8 digits"},{"ancestorTitles":["formatDdMmYyyyInput"],"duration":1,"failureDetails":[],"failureMessages":[],"fullName":"formatDdMmYyyyInput exposes expected max masked length","invocations":1,"location":null,"numPassingAsserts":2,"retryReasons":[],"status":"passed","title":"exposes expected max masked length"},{"ancestorTitles":["isValidDdMmYyyy"],"duration":3,"failureDetails":[],"failureMessages":[],"fullName":"isValidDdMmYyyy accepts real dates","invocations":1,"location":null,"numPassingAsserts":3,"retryReasons":[],"status":"passed","title":"accepts real dates"},{"ancestorTitles":["isValidDdMmYyyy"],"duration":2,"failureDetails":[],"failureMessages":[],"fullName":"isValidDdMmYyyy rejects impossible dates and bad format","invocations":1,"location":null,"numPassingAsserts":5,"retryReasons":[],"status":"passed","title":"rejects impossible dates and bad format"},{"ancestorTitles":["isValidDdMmYyyy"],"duration":1,"failureDetails":[],"failureMessages":[],"fullName":"isValidDdMmYyyy rejects years outside ownership range","invocations":1,"location":null,"numPassingAsserts":2,"retryReasons":[],"status":"passed","title":"rejects years outside ownership range"},{"ancestorTitles":["compareDdMmYyyy and isEndDateOnOrAfterStart"],"duration":1,"failureDetails":[],"failureMessages":[],"fullName":"compareDdMmYyyy and isEndDateOnOrAfterStart orders valid dates","invocations":1,"location":null,"numPassingAsserts":3,"retryReasons":[],"status":"passed","title":"orders valid dates"},{"ancestorTitles":["compareDdMmYyyy and isEndDateOnOrAfterStart"],"duration":1,"failureDetails":[],"failureMessages":[],"fullName":"compareDdMmYyyy and isEndDateOnOrAfterStart returns null for invalid operands","invocations":1,"location":null,"numPassingAsserts":1,"retryReasons":[],"status":"passed","title":"returns null for invalid operands"},{"ancestorTitles":["compareDdMmYyyy and isEndDateOnOrAfterStart"],"duration":1,"failureDetails":[],"failureMessages":[],"fullName":"compareDdMmYyyy and isEndDateOnOrAfterStart checks end is not before start","invocations":1,"location":null,"numPassingAsserts":3,"retryReasons":[],"status":"passed","title":"checks end is not before start"},{"ancestorTitles":["validateOwnerDates"],"duration":1,"failureDetails":[],"failureMessages":[],"fullName":"validateOwnerDates requires both dates","invocations":1,"location":null,"numPassingAsserts":2,"retryReasons":[],"status":"passed","title":"requires both dates"},{"ancestorTitles":["validateOwnerDates"],"duration":0,"failureDetails":[],"failureMessages":[],"fullName":"validateOwnerDates rejects invalid calendar values","invocations":1,"location":null,"numPassingAsserts":1,"retryReasons":[],"status":"passed","title":"rejects invalid calendar values"},{"ancestorTitles":["validateOwnerDates"],"duration":1,"failureDetails":[],"failureMessages":[],"fullName":"validateOwnerDates rejects end before start","invocations":1,"location":null,"numPassingAsserts":1,"retryReasons":[],"status":"passed","title":"rejects end before start"},{"ancestorTitles":["validateOwnerDates"],"duration":1,"failureDetails":[],"failureMessages":[],"fullName":"validateOwnerDates passes valid range","invocations":1,"location":null,"numPassingAsserts":1,"retryReasons":[],"status":"passed","title":"passes valid range"},{"ancestorTitles":["validateAllOwnersDates"],"duration":1,"failureDetails":[],"failureMessages":[],"fullName":"validateAllOwnersDates returns first failing owner","invocations":1,"location":null,"numPassingAsserts":1,"retryReasons":[],"status":"passed","title":"returns first failing owner"}],"endTime":1780985872384,"message":"","name":"C:\\Users\\alext\\Desktop\\indep-rn\\src\\shared\\validation\\__tests__\\formatDdMmYyyy.test.ts","startTime":1780985871881,"status":"passed","summary":""},{"assertionResults":[{"ancestorTitles":["getClientIp"],"duration":5,"failureDetails":[],"failureMessages":[],"fullName":"getClientIp uses first x-forwarded-for address","invocations":1,"location":null,"numPassingAsserts":1,"retryReasons":[],"status":"passed","title":"uses first x-forwarded-for address"},{"ancestorTitles":["getClientIp"],"duration":1,"failureDetails":[],"failureMessages":[],"fullName":"getClientIp falls back to x-real-ip","invocations":1,"location":null,"numPassingAsserts":1,"retryReasons":[],"status":"passed","title":"falls back to x-real-ip"},{"ancestorTitles":["getClientIp"],"duration":1,"failureDetails":[],"failureMessages":[],"fullName":"getClientIp returns unknown when no proxy headers","invocations":1,"location":null,"numPassingAsserts":1,"retryReasons":[],"status":"passed","title":"returns unknown when no proxy headers"},{"ancestorTitles":["checkRateLimit"],"duration":3,"failureDetails":[],"failureMessages":[],"fullName":"checkRateLimit allows requests under the limit","invocations":1,"location":null,"numPassingAsserts":3,"retryReasons":[],"status":"passed","title":"allows requests under the limit"},{"ancestorTitles":["checkRateLimit"],"duration":4,"failureDetails":[],"failureMessages":[],"fullName":"checkRateLimit returns 429 after limit exceeded in the same window","invocations":1,"location":null,"numPassingAsserts":2,"retryReasons":[],"status":"passed","title":"returns 429 after limit exceeded in the same window"},{"ancestorTitles":["checkRateLimit"],"duration":2,"failureDetails":[],"failureMessages":[],"fullName":"checkRateLimit resets count after the window","invocations":1,"location":null,"numPassingAsserts":2,"retryReasons":[],"status":"passed","title":"resets count after the window"},{"ancestorTitles":["checkRateLimit"],"duration":2,"failureDetails":[],"failureMessages":[],"fullName":"checkRateLimit tracks IPs independently","invocations":1,"location":null,"numPassingAsserts":4,"retryReasons":[],"status":"passed","title":"tracks IPs independently"}],"endTime":1780985872433,"message":"","name":"C:\\Users\\alext\\Desktop\\indep-rn\\ai-api\\src\\middleware\\__tests__\\rateLimit.test.ts","startTime":1780985871900,"status":"passed","summary":""},{"assertionResults":[{"ancestorTitles":["resolveBrandFromCatalog"],"duration":14,"failureDetails":[],"failureMessages":[],"fullName":"resolveBrandFromCatalog resolves belgee from user text","invocations":1,"location":null,"numPassingAsserts":2,"retryReasons":[],"status":"passed","title":"resolves belgee from user text"}],"endTime":1780985872462,"message":"","name":"C:\\Users\\alext\\Desktop\\indep-rn\\src\\features\\aiPicker\\catalog\\__tests__\\resolveBrandFromCatalog.test.ts","startTime":1780985872062,"status":"passed","summary":""},{"assertionResults":[{"ancestorTitles":["getAuthErrorMessage"],"duration":2,"failureDetails":[],"failureMessages":[],"fullName":"getAuthErrorMessage returns mapped message for auth code","invocations":1,"location":null,"numPassingAsserts":1,"retryReasons":[],"status":"passed","title":"returns mapped message for auth code"},{"ancestorTitles":["getAuthErrorMessage"],"duration":1,"failureDetails":[],"failureMessages":[],"fullName":"getAuthErrorMessage returns explicit fallback when provided","invocations":1,"location":null,"numPassingAsserts":1,"retryReasons":[],"status":"passed","title":"returns explicit fallback when provided"},{"ancestorTitles":["getUserErrorMessage"],"duration":1,"failureDetails":[],"failureMessages":[],"fullName":"getUserErrorMessage uses safe backend message first","invocations":1,"location":null,"numPassingAsserts":1,"retryReasons":[],"status":"passed","title":"uses safe backend message first"},{"ancestorTitles":["getUserErrorMessage"],"duration":0,"failureDetails":[],"failureMessages":[],"fullName":"getUserErrorMessage falls back to code-based message when backend message is unsafe","invocations":1,"location":null,"numPassingAsserts":1,"retryReasons":[],"status":"passed","title":"falls back to code-based message when backend message is unsafe"},{"ancestorTitles":["getUserErrorMessage"],"duration":1,"failureDetails":[],"failureMessages":[],"fullName":"getUserErrorMessage uses fallback for unknown error payload","invocations":1,"location":null,"numPassingAsserts":1,"retryReasons":[],"status":"passed","title":"uses fallback for unknown error payload"},{"ancestorTitles":["getUserErrorMessage"],"duration":1,"failureDetails":[],"failureMessages":[],"fullName":"getUserErrorMessage uses default unknown message when no fallback","invocations":1,"location":null,"numPassingAsserts":1,"retryReasons":[],"status":"passed","title":"uses default unknown message when no fallback"}],"endTime":1780985872545,"message":"","name":"C:\\Users\\alext\\Desktop\\indep-rn\\src\\shared\\errors\\__tests__\\getUserErrorMessage.test.ts","startTime":1780985872096,"status":"passed","summary":""},{"assertionResults":[{"ancestorTitles":["errorReporting adapter"],"duration":5,"failureDetails":[],"failureMessages":[],"fullName":"errorReporting adapter does not throw when reporters are not configured","invocations":1,"location":null,"numPassingAsserts":2,"retryReasons":[],"status":"passed","title":"does not throw when reporters are not configured"},{"ancestorTitles":["errorReporting adapter"],"duration":2,"failureDetails":[],"failureMessages":[],"fullName":"errorReporting adapter calls configured error reporter in production-like mode","invocations":1,"location":null,"numPassingAsserts":1,"retryReasons":[],"status":"passed","title":"calls configured error reporter in production-like mode"},{"ancestorTitles":["errorReporting adapter"],"duration":1,"failureDetails":[],"failureMessages":[],"fullName":"errorReporting adapter calls configured telemetry reporter in production-like mode","invocations":1,"location":null,"numPassingAsserts":1,"retryReasons":[],"status":"passed","title":"calls configured telemetry reporter in production-like mode"}],"endTime":1780985872615,"message":"","name":"C:\\Users\\alext\\Desktop\\indep-rn\\src\\shared\\monitoring\\__tests__\\errorReporting.test.ts","startTime":1780985872259,"status":"passed","summary":""},{"assertionResults":[{"ancestorTitles":["shouldShowLeadCta"],"duration":2,"failureDetails":[],"failureMessages":[],"fullName":"shouldShowLeadCta shows CTA when server suggests lead and cars are selected","invocations":1,"location":null,"numPassingAsserts":1,"retryReasons":[],"status":"passed","title":"shows CTA when server suggests lead and cars are selected"},{"ancestorTitles":["shouldShowLeadCta"],"duration":1,"failureDetails":[],"failureMessages":[],"fullName":"shouldShowLeadCta hides CTA when lead already sent","invocations":1,"location":null,"numPassingAsserts":1,"retryReasons":[],"status":"passed","title":"hides CTA when lead already sent"},{"ancestorTitles":["shouldShowLeadCta"],"duration":1,"failureDetails":[],"failureMessages":[],"fullName":"shouldShowLeadCta hides CTA when no cars selected","invocations":1,"location":null,"numPassingAsserts":1,"retryReasons":[],"status":"passed","title":"hides CTA when no cars selected"}],"endTime":1780985872728,"message":"","name":"C:\\Users\\alext\\Desktop\\indep-rn\\src\\features\\aiPicker\\hooks\\__tests__\\aiPickerUtils.test.ts","startTime":1780985872240,"status":"passed","summary":""},{"assertionResults":[{"ancestorTitles":["mapBannerToAiCatalogItem"],"duration":4,"failureDetails":[],"failureMessages":[],"fullName":"mapBannerToAiCatalogItem maps banner row to AiCatalogItem","invocations":1,"location":null,"numPassingAsserts":1,"retryReasons":[],"status":"passed","title":"maps banner row to AiCatalogItem"},{"ancestorTitles":["mapBannerToAiCatalogItem"],"duration":1,"failureDetails":[],"failureMessages":[],"fullName":"mapBannerToAiCatalogItem skips invalid rows in list","invocations":1,"location":null,"numPassingAsserts":1,"retryReasons":[],"status":"passed","title":"skips invalid rows in list"}],"endTime":1780985872762,"message":"","name":"C:\\Users\\alext\\Desktop\\indep-rn\\packages\\ai-core\\src\\__tests__\\mapBanner.test.ts","startTime":1780985872319,"status":"passed","summary":""},{"assertionResults":[{"ancestorTitles":["ErrorBoundary"],"duration":530,"failureDetails":[],"failureMessages":[],"fullName":"ErrorBoundary renders children when there is no render error","invocations":1,"location":null,"numPassingAsserts":1,"retryReasons":[],"status":"passed","title":"renders children when there is no render error"},{"ancestorTitles":["ErrorBoundary"],"duration":1053,"failureDetails":[],"failureMessages":[],"fullName":"ErrorBoundary captures render errors and shows fallback UI","invocations":1,"location":null,"numPassingAsserts":2,"retryReasons":[],"status":"passed","title":"captures render errors and shows fallback UI"}],"endTime":1780985872702,"message":"","name":"C:\\Users\\alext\\Desktop\\indep-rn\\src\\shared\\ui\\__tests__\\ErrorBoundary.test.tsx","startTime":1780985867389,"status":"passed","summary":""},{"assertionResults":[{"ancestorTitles":["normalizeEmail"],"duration":86,"failureDetails":[],"failureMessages":[],"fullName":"normalizeEmail trims whitespace and lowercases","invocations":1,"location":null,"numPassingAsserts":1,"retryReasons":[],"status":"passed","title":"trims whitespace and lowercases"},{"ancestorTitles":["normalizeEmail"],"duration":1,"failureDetails":[],"failureMessages":[],"fullName":"normalizeEmail returns empty string unchanged","invocations":1,"location":null,"numPassingAsserts":1,"retryReasons":[],"status":"passed","title":"returns empty string unchanged"},{"ancestorTitles":["isEmailValid"],"duration":25,"failureDetails":[],"failureMessages":[],"fullName":"isEmailValid accepts valid emails","invocations":1,"location":null,"numPassingAsserts":3,"retryReasons":[],"status":"passed","title":"accepts valid emails"},{"ancestorTitles":["isEmailValid"],"duration":5,"failureDetails":[],"failureMessages":[],"fullName":"isEmailValid rejects invalid emails","invocations":1,"location":null,"numPassingAsserts":5,"retryReasons":[],"status":"passed","title":"rejects invalid emails"},{"ancestorTitles":["getPasswordStrength"],"duration":2,"failureDetails":[],"failureMessages":[],"fullName":"getPasswordStrength returns score 0 and isStrongEnough=false for empty password","invocations":1,"location":null,"numPassingAsserts":3,"retryReasons":[],"status":"passed","title":"returns score 0 and isStrongEnough=false for empty password"},{"ancestorTitles":["getPasswordStrength"],"duration":62,"failureDetails":[],"failureMessages":[],"fullName":"getPasswordStrength returns isStrongEnough=false for weak password","invocations":1,"location":null,"numPassingAsserts":4,"retryReasons":[],"status":"passed","title":"returns isStrongEnough=false for weak password"},{"ancestorTitles":["getPasswordStrength"],"duration":7,"failureDetails":[],"failureMessages":[],"fullName":"getPasswordStrength returns isStrongEnough=false for common dictionary word","invocations":1,"location":null,"numPassingAsserts":1,"retryReasons":[],"status":"passed","title":"returns isStrongEnough=false for common dictionary word"},{"ancestorTitles":["getPasswordStrength"],"duration":142,"failureDetails":[],"failureMessages":[],"fullName":"getPasswordStrength returns isStrongEnough=true for strong password","invocations":1,"location":null,"numPassingAsserts":3,"retryReasons":[],"status":"passed","title":"returns isStrongEnough=true for strong password"},{"ancestorTitles":["getPasswordStrength"],"duration":211,"failureDetails":[],"failureMessages":[],"fullName":"getPasswordStrength returns isStrongEnough=true for complex random-looking password","invocations":1,"location":null,"numPassingAsserts":1,"retryReasons":[],"status":"passed","title":"returns isStrongEnough=true for complex random-looking password"},{"ancestorTitles":["getPasswordStrength"],"duration":43,"failureDetails":[],"failureMessages":[],"fullName":"getPasswordStrength penalises password matching userInputs (name/email)","invocations":1,"location":null,"numPassingAsserts":1,"retryReasons":[],"status":"passed","title":"penalises password matching userInputs (name/email)"},{"ancestorTitles":["getPasswordStrength"],"duration":73,"failureDetails":[],"failureMessages":[],"fullName":"getPasswordStrength returns no feedback when password is strong enough","invocations":1,"location":null,"numPassingAsserts":2,"retryReasons":[],"status":"passed","title":"returns no feedback when password is strong enough"}],"endTime":1780985872703,"message":"","name":"C:\\Users\\alext\\Desktop\\indep-rn\\src\\shared\\validation\\__tests__\\authValidation.test.ts","startTime":1780985867373,"status":"passed","summary":""},{"assertionResults":[{"ancestorTitles":["requestVersionTracker"],"duration":4,"failureDetails":[],"failureMessages":[],"fullName":"requestVersionTracker marks only latest request version as active","invocations":1,"location":null,"numPassingAsserts":2,"retryReasons":[],"status":"passed","title":"marks only latest request version as active"}],"endTime":1780985872803,"message":"","name":"C:\\Users\\alext\\Desktop\\indep-rn\\src\\shared\\async\\__tests__\\requestVersion.test.ts","startTime":1780985872416,"status":"passed","summary":""},{"assertionResults":[{"ancestorTitles":["validateChatMessage"],"duration":1,"failureDetails":[],"failureMessages":[],"fullName":"validateChatMessage rejects empty message","invocations":1,"location":null,"numPassingAsserts":1,"retryReasons":[],"status":"passed","title":"rejects empty message"},{"ancestorTitles":["validateChatMessage"],"duration":0,"failureDetails":[],"failureMessages":[],"fullName":"validateChatMessage rejects too long message","invocations":1,"location":null,"numPassingAsserts":2,"retryReasons":[],"status":"passed","title":"rejects too long message"},{"ancestorTitles":["validateChatMessage"],"duration":0,"failureDetails":[],"failureMessages":[],"fullName":"validateChatMessage returns trimmed message","invocations":1,"location":null,"numPassingAsserts":2,"retryReasons":[],"status":"passed","title":"returns trimmed message"},{"ancestorTitles":["validateCarIds"],"duration":1,"failureDetails":[],"failureMessages":[],"fullName":"validateCarIds rejects more than 20 ids","invocations":1,"location":null,"numPassingAsserts":2,"retryReasons":[],"status":"passed","title":"rejects more than 20 ids"},{"ancestorTitles":["validateLeadPhoneRaw"],"duration":1,"failureDetails":[],"failureMessages":[],"fullName":"validateLeadPhoneRaw rejects very long phone input","invocations":1,"location":null,"numPassingAsserts":2,"retryReasons":[],"status":"passed","title":"rejects very long phone input"}],"endTime":1780985872854,"message":"","name":"C:\\Users\\alext\\Desktop\\indep-rn\\ai-api\\src\\middleware\\__tests__\\requestLimits.test.ts","startTime":1780985872489,"status":"passed","summary":""},{"assertionResults":[{"ancestorTitles":["api retry/abort/401 policy"],"duration":50,"failureDetails":[],"failureMessages":[],"fullName":"api retry/abort/401 policy does not fall back to AsyncStorage for token storage by default","invocations":1,"location":null,"numPassingAsserts":3,"retryReasons":[],"status":"passed","title":"does not fall back to AsyncStorage for token storage by default"},{"ancestorTitles":["api retry/abort/401 policy"],"duration":44,"failureDetails":[],"failureMessages":[],"fullName":"api retry/abort/401 policy falls back to AsyncStorage only when explicit insecure flag is enabled","invocations":1,"location":null,"numPassingAsserts":3,"retryReasons":[],"status":"passed","title":"falls back to AsyncStorage only when explicit insecure flag is enabled"},{"ancestorTitles":["api retry/abort/401 policy"],"duration":162,"failureDetails":[],"failureMessages":[],"fullName":"api retry/abort/401 policy does not retry manually aborted GET","invocations":1,"location":null,"numPassingAsserts":2,"retryReasons":[],"status":"passed","title":"does not retry manually aborted GET"},{"ancestorTitles":["api retry/abort/401 policy"],"duration":2,"failureDetails":[],"failureMessages":[],"fullName":"api retry/abort/401 policy does not treat opaque api_token as expired (Sanctum-style)","invocations":1,"location":null,"numPassingAsserts":1,"retryReasons":[],"status":"passed","title":"does not treat opaque api_token as expired (Sanctum-style)"},{"ancestorTitles":["api retry/abort/401 policy"],"duration":1052,"failureDetails":[],"failureMessages":[],"fullName":"api retry/abort/401 policy retries GET on network failures","invocations":1,"location":null,"numPassingAsserts":2,"retryReasons":[],"status":"passed","title":"retries GET on network failures"},{"ancestorTitles":["api retry/abort/401 policy"],"duration":7,"failureDetails":[],"failureMessages":[],"fullName":"api retry/abort/401 policy does not retry POST on network failures","invocations":1,"location":null,"numPassingAsserts":2,"retryReasons":[],"status":"passed","title":"does not retry POST on network failures"},{"ancestorTitles":["api retry/abort/401 policy"],"duration":1054,"failureDetails":[],"failureMessages":[],"fullName":"api retry/abort/401 policy classifies timeout errors when fetch aborts without caller signal","invocations":1,"location":null,"numPassingAsserts":1,"retryReasons":[],"status":"passed","title":"classifies timeout errors when fetch aborts without caller signal"},{"ancestorTitles":["api retry/abort/401 policy"],"duration":14,"failureDetails":[],"failureMessages":[],"fullName":"api retry/abort/401 policy clears token and triggers unauthorized handler on 401","invocations":1,"location":null,"numPassingAsserts":3,"retryReasons":[],"status":"passed","title":"clears token and triggers unauthorized handler on 401"},{"ancestorTitles":["api retry/abort/401 policy"],"duration":9,"failureDetails":[],"failureMessages":[],"fullName":"api retry/abort/401 policy runs unauthorized handler as single in-flight task during 401 storm","invocations":1,"location":null,"numPassingAsserts":5,"retryReasons":[],"status":"passed","title":"runs unauthorized handler as single in-flight task during 401 storm"},{"ancestorTitles":["api retry/abort/401 policy"],"duration":7,"failureDetails":[],"failureMessages":[],"fullName":"api retry/abort/401 policy refreshes token on 401 and retries request once","invocations":1,"location":null,"numPassingAsserts":5,"retryReasons":[],"status":"passed","title":"refreshes token on 401 and retries request once"},{"ancestorTitles":["api retry/abort/401 policy"],"duration":5,"failureDetails":[],"failureMessages":[],"fullName":"api retry/abort/401 policy deduplicates refresh flow across parallel 401 responses","invocations":1,"location":null,"numPassingAsserts":3,"retryReasons":[],"status":"passed","title":"deduplicates refresh flow across parallel 401 responses"},{"ancestorTitles":["api retry/abort/401 policy"],"duration":3,"failureDetails":[],"failureMessages":[],"fullName":"api retry/abort/401 policy does not force logout when refresh fails with transient error","invocations":1,"location":null,"numPassingAsserts":3,"retryReasons":[],"status":"passed","title":"does not force logout when refresh fails with transient error"},{"ancestorTitles":["api retry/abort/401 policy"],"duration":29,"failureDetails":[],"failureMessages":[],"fullName":"api retry/abort/401 policy refreshes expired access token before request","invocations":1,"location":null,"numPassingAsserts":5,"retryReasons":[],"status":"passed","title":"refreshes expired access token before request"},{"ancestorTitles":["api retry/abort/401 policy"],"duration":4,"failureDetails":[],"failureMessages":[],"fullName":"api retry/abort/401 policy does not pre-refresh when token exp is still valid","invocations":1,"location":null,"numPassingAsserts":3,"retryReasons":[],"status":"passed","title":"does not pre-refresh when token exp is still valid"},{"ancestorTitles":["api retry/abort/401 policy"],"duration":3,"failureDetails":[],"failureMessages":[],"fullName":"api retry/abort/401 policy treats invalid JWT payload as expired and pre-refreshes safely","invocations":1,"location":null,"numPassingAsserts":4,"retryReasons":[],"status":"passed","title":"treats invalid JWT payload as expired and pre-refreshes safely"},{"ancestorTitles":["api retry/abort/401 policy"],"duration":8,"failureDetails":[],"failureMessages":[],"fullName":"api retry/abort/401 policy uses updated base URL after explicit cache reset","invocations":1,"location":null,"numPassingAsserts":4,"retryReasons":[],"status":"passed","title":"uses updated base URL after explicit cache reset"},{"ancestorTitles":["api retry/abort/401 policy"],"duration":4,"failureDetails":[],"failureMessages":[],"fullName":"api retry/abort/401 policy does not append /v1 when base URL already contains version segment","invocations":1,"location":null,"numPassingAsserts":2,"retryReasons":[],"status":"passed","title":"does not append /v1 when base URL already contains version segment"},{"ancestorTitles":["api retry/abort/401 policy"],"duration":6,"failureDetails":[],"failureMessages":[],"fullName":"api retry/abort/401 policy marks not found responses with not_found code","invocations":1,"location":null,"numPassingAsserts":1,"retryReasons":[],"status":"passed","title":"marks not found responses with not_found code"},{"ancestorTitles":["api retry/abort/401 policy"],"duration":1012,"failureDetails":[],"failureMessages":[],"fullName":"api retry/abort/401 policy marks server responses with server_error code","invocations":1,"location":null,"numPassingAsserts":1,"retryReasons":[],"status":"passed","title":"marks server responses with server_error code"},{"ancestorTitles":["api retry/abort/401 policy"],"duration":2,"failureDetails":[],"failureMessages":[],"fullName":"api retry/abort/401 policy unwraps success envelope { data } from API contract","invocations":1,"location":null,"numPassingAsserts":1,"retryReasons":[],"status":"passed","title":"unwraps success envelope { data } from API contract"},{"ancestorTitles":["api retry/abort/401 policy"],"duration":1,"failureDetails":[],"failureMessages":[],"fullName":"api retry/abort/401 policy keeps backward compatibility with raw success payload","invocations":1,"location":null,"numPassingAsserts":1,"retryReasons":[],"status":"passed","title":"keeps backward compatibility with raw success payload"},{"ancestorTitles":["api retry/abort/401 policy"],"duration":2,"failureDetails":[],"failureMessages":[],"fullName":"api retry/abort/401 policy maps RATE_LIMITED envelope errors to rate_limited code","invocations":1,"location":null,"numPassingAsserts":1,"retryReasons":[],"status":"passed","title":"maps RATE_LIMITED envelope errors to rate_limited code"}],"endTime":1780985873533,"message":"","name":"C:\\Users\\alext\\Desktop\\indep-rn\\src\\services\\__tests__\\api.test.ts","startTime":1780985867045,"status":"passed","summary":""},{"assertionResults":[{"ancestorTitles":["AutoScreen"],"duration":596,"failureDetails":[],"failureMessages":[],"fullName":"AutoScreen renders car content after successful load","invocations":1,"location":null,"numPassingAsserts":4,"retryReasons":[],"status":"passed","title":"renders car content after successful load"},{"ancestorTitles":["AutoScreen"],"duration":70,"failureDetails":[],"failureMessages":[],"fullName":"AutoScreen shows not_found state when car is missing","invocations":1,"location":null,"numPassingAsserts":2,"retryReasons":[],"status":"passed","title":"shows not_found state when car is missing"},{"ancestorTitles":["AutoScreen"],"duration":124,"failureDetails":[],"failureMessages":[],"fullName":"AutoScreen shows error state and retries load","invocations":1,"location":null,"numPassingAsserts":3,"retryReasons":[],"status":"passed","title":"shows error state and retries load"},{"ancestorTitles":["AutoScreen"],"duration":62,"failureDetails":[],"failureMessages":[],"fullName":"AutoScreen redirects unauthenticated user on buy report action","invocations":1,"location":null,"numPassingAsserts":2,"retryReasons":[],"status":"passed","title":"redirects unauthenticated user on buy report action"},{"ancestorTitles":["AutoScreen"],"duration":63,"failureDetails":[],"failureMessages":[],"fullName":"AutoScreen updates favorites via FavoritesContext","invocations":1,"location":null,"numPassingAsserts":2,"retryReasons":[],"status":"passed","title":"updates favorites via FavoritesContext"}],"endTime":1780985874555,"message":"","name":"C:\\Users\\alext\\Desktop\\indep-rn\\src\\features\\auto\\ui\\__tests__\\AutoScreen.test.tsx","startTime":1780985867317,"status":"passed","summary":""}],"wasInterrupted":false}
