{"C:\\Users\\alext\\Desktop\\indep-rn\\src\\contexts\\AuthContext.tsx": {"path":"C:\\Users\\alext\\Desktop\\indep-rn\\src\\contexts\\AuthContext.tsx","statementMap":{"0":{"start":{"line":74,"column":17},"end":{"line":74,"column":29}},"1":{"start":{"line":75,"column":34},"end":{"line":75,"column":53}},"2":{"start":{"line":76,"column":20},"end":{"line":76,"column":73}},"3":{"start":{"line":79,"column":2},"end":{"line":84,"column":5}},"4":{"start":{"line":88,"column":17},"end":{"line":91,"column":3}},"5":{"start":{"line":92,"column":2},"end":{"line":92,"column":57}},"6":{"start":{"line":96,"column":2},"end":{"line":96,"column":49}},"7":{"start":{"line":100,"column":19},"end":{"line":103,"column":4}},"8":{"start":{"line":100,"column":56},"end":{"line":103,"column":3}},"9":{"start":{"line":105,"column":2},"end":{"line":120,"column":3}},"10":{"start":{"line":111,"column":17},"end":{"line":111,"column":56}},"11":{"start":{"line":112,"column":20},"end":{"line":112,"column":60}},"12":{"start":{"line":113,"column":4},"end":{"line":119,"column":6}},"13":{"start":{"line":121,"column":2},"end":{"line":126,"column":3}},"14":{"start":{"line":122,"column":4},"end":{"line":125,"column":6}},"15":{"start":{"line":127,"column":2},"end":{"line":127,"column":29}},"16":{"start":{"line":131,"column":2},"end":{"line":131,"column":61}},"17":{"start":{"line":135,"column":2},"end":{"line":135,"column":52}},"18":{"start":{"line":135,"column":39},"end":{"line":135,"column":52}},"19":{"start":{"line":136,"column":12},"end":{"line":136,"column":42}},"20":{"start":{"line":137,"column":2},"end":{"line":143,"column":4}},"21":{"start":{"line":147,"column":2},"end":{"line":158,"column":3}},"22":{"start":{"line":148,"column":16},"end":{"line":148,"column":52}},"23":{"start":{"line":149,"column":4},"end":{"line":149,"column":26}},"24":{"start":{"line":149,"column":14},"end":{"line":149,"column":26}},"25":{"start":{"line":150,"column":28},"end":{"line":150,"column":43}},"26":{"start":{"line":151,"column":4},"end":{"line":154,"column":5}},"27":{"start":{"line":152,"column":6},"end":{"line":152,"column":46}},"28":{"start":{"line":153,"column":6},"end":{"line":153,"column":18}},"29":{"start":{"line":155,"column":4},"end":{"line":155,"column":18}},"30":{"start":{"line":157,"column":4},"end":{"line":157,"column":16}},"31":{"start":{"line":164,"column":2},"end":{"line":164,"column":26}},"32":{"start":{"line":164,"column":14},"end":{"line":164,"column":26}},"33":{"start":{"line":165,"column":16},"end":{"line":165,"column":47}},"34":{"start":{"line":166,"column":2},"end":{"line":166,"column":26}},"35":{"start":{"line":166,"column":14},"end":{"line":166,"column":26}},"36":{"start":{"line":167,"column":19},"end":{"line":167,"column":35}},"37":{"start":{"line":168,"column":2},"end":{"line":168,"column":63}},"38":{"start":{"line":168,"column":51},"end":{"line":168,"column":63}},"39":{"start":{"line":169,"column":16},"end":{"line":169,"column":37}},"40":{"start":{"line":170,"column":2},"end":{"line":170,"column":47}},"41":{"start":{"line":170,"column":35},"end":{"line":170,"column":47}},"42":{"start":{"line":171,"column":2},"end":{"line":171,"column":40}},"43":{"start":{"line":175,"column":2},"end":{"line":272,"column":4}},"44":{"start":{"line":177,"column":20},"end":{"line":177,"column":44}},"45":{"start":{"line":178,"column":26},"end":{"line":178,"column":47}},"46":{"start":{"line":179,"column":6},"end":{"line":186,"column":7}},"47":{"start":{"line":180,"column":8},"end":{"line":184,"column":13}},"48":{"start":{"line":181,"column":10},"end":{"line":184,"column":13}},"49":{"start":{"line":185,"column":8},"end":{"line":185,"column":20}},"50":{"start":{"line":188,"column":26},"end":{"line":188,"column":49}},"51":{"start":{"line":189,"column":6},"end":{"line":195,"column":7}},"52":{"start":{"line":190,"column":8},"end":{"line":193,"column":11}},"53":{"start":{"line":194,"column":8},"end":{"line":194,"column":20}},"54":{"start":{"line":196,"column":6},"end":{"line":196,"column":25}},"55":{"start":{"line":199,"column":24},"end":{"line":199,"column":38}},"56":{"start":{"line":200,"column":27},"end":{"line":200,"column":51}},"57":{"start":{"line":201,"column":20},"end":{"line":205,"column":7}},"58":{"start":{"line":203,"column":10},"end":{"line":204,"column":45}},"59":{"start":{"line":206,"column":6},"end":{"line":208,"column":7}},"60":{"start":{"line":207,"column":8},"end":{"line":207,"column":55}},"61":{"start":{"line":209,"column":6},"end":{"line":209,"column":63}},"62":{"start":{"line":210,"column":48},"end":{"line":210,"column":53}},"63":{"start":{"line":211,"column":6},"end":{"line":211,"column":44}},"64":{"start":{"line":212,"column":6},"end":{"line":212,"column":25}},"65":{"start":{"line":215,"column":24},"end":{"line":215,"column":38}},"66":{"start":{"line":216,"column":27},"end":{"line":216,"column":47}},"67":{"start":{"line":217,"column":21},"end":{"line":220,"column":7}},"68":{"start":{"line":219,"column":10},"end":{"line":219,"column":77}},"69":{"start":{"line":221,"column":6},"end":{"line":223,"column":7}},"70":{"start":{"line":222,"column":8},"end":{"line":222,"column":47}},"71":{"start":{"line":224,"column":28},"end":{"line":231,"column":7}},"72":{"start":{"line":232,"column":6},"end":{"line":232,"column":65}},"73":{"start":{"line":233,"column":6},"end":{"line":233,"column":40}},"74":{"start":{"line":234,"column":6},"end":{"line":234,"column":21}},"75":{"start":{"line":237,"column":6},"end":{"line":237,"column":13}},"76":{"start":{"line":240,"column":24},"end":{"line":240,"column":38}},"77":{"start":{"line":241,"column":27},"end":{"line":241,"column":47}},"78":{"start":{"line":242,"column":23},"end":{"line":245,"column":7}},"79":{"start":{"line":244,"column":10},"end":{"line":244,"column":77}},"80":{"start":{"line":246,"column":32},"end":{"line":262,"column":11}},"81":{"start":{"line":263,"column":6},"end":{"line":263,"column":69}},"82":{"start":{"line":264,"column":6},"end":{"line":264,"column":44}},"83":{"start":{"line":265,"column":6},"end":{"line":265,"column":25}},"84":{"start":{"line":268,"column":6},"end":{"line":268,"column":46}},"85":{"start":{"line":269,"column":6},"end":{"line":269,"column":33}},"86":{"start":{"line":270,"column":6},"end":{"line":270,"column":40}},"87":{"start":{"line":276,"column":2},"end":{"line":317,"column":4}},"88":{"start":{"line":278,"column":20},"end":{"line":278,"column":44}},"89":{"start":{"line":279,"column":6},"end":{"line":279,"column":30}},"90":{"start":{"line":279,"column":18},"end":{"line":279,"column":30}},"91":{"start":{"line":280,"column":6},"end":{"line":293,"column":7}},"92":{"start":{"line":281,"column":19},"end":{"line":281,"column":41}},"93":{"start":{"line":282,"column":8},"end":{"line":282,"column":37}},"94":{"start":{"line":283,"column":8},"end":{"line":283,"column":18}},"95":{"start":{"line":285,"column":21},"end":{"line":285,"column":51}},"96":{"start":{"line":286,"column":8},"end":{"line":291,"column":9}},"97":{"start":{"line":287,"column":10},"end":{"line":290,"column":13}},"98":{"start":{"line":292,"column":8},"end":{"line":292,"column":20}},"99":{"start":{"line":296,"column":19},"end":{"line":296,"column":55}},"100":{"start":{"line":297,"column":6},"end":{"line":297,"column":37}},"101":{"start":{"line":298,"column":6},"end":{"line":298,"column":18}},"102":{"start":{"line":301,"column":19},"end":{"line":301,"column":54}},"103":{"start":{"line":302,"column":6},"end":{"line":302,"column":37}},"104":{"start":{"line":303,"column":6},"end":{"line":303,"column":18}},"105":{"start":{"line":306,"column":6},"end":{"line":306,"column":53}},"106":{"start":{"line":309,"column":19},"end":{"line":309,"column":65}},"107":{"start":{"line":310,"column":6},"end":{"line":310,"column":37}},"108":{"start":{"line":311,"column":6},"end":{"line":311,"column":18}},"109":{"start":{"line":314,"column":6},"end":{"line":314,"column":33}},"110":{"start":{"line":315,"column":6},"end":{"line":315,"column":46}},"111":{"start":{"line":320,"column":69},"end":{"line":448,"column":1}},"112":{"start":{"line":323,"column":26},"end":{"line":323,"column":53}},"113":{"start":{"line":324,"column":32},"end":{"line":324,"column":46}},"114":{"start":{"line":325,"column":36},"end":{"line":325,"column":68}},"115":{"start":{"line":327,"column":18},"end":{"line":330,"column":8}},"116":{"start":{"line":328,"column":19},"end":{"line":328,"column":38}},"117":{"start":{"line":329,"column":4},"end":{"line":329,"column":80}},"118":{"start":{"line":332,"column":2},"end":{"line":343,"column":16}},"119":{"start":{"line":333,"column":17},"end":{"line":333,"column":21}},"120":{"start":{"line":334,"column":4},"end":{"line":339,"column":9}},"121":{"start":{"line":335,"column":23},"end":{"line":335,"column":48}},"122":{"start":{"line":336,"column":6},"end":{"line":336,"column":26}},"123":{"start":{"line":336,"column":19},"end":{"line":336,"column":26}},"124":{"start":{"line":337,"column":6},"end":{"line":337,"column":24}},"125":{"start":{"line":338,"column":6},"end":{"line":338,"column":24}},"126":{"start":{"line":340,"column":4},"end":{"line":342,"column":6}},"127":{"start":{"line":341,"column":6},"end":{"line":341,"column":21}},"128":{"start":{"line":345,"column":2},"end":{"line":354,"column":9}},"129":{"start":{"line":346,"column":4},"end":{"line":350,"column":7}},"130":{"start":{"line":347,"column":6},"end":{"line":347,"column":40}},"131":{"start":{"line":348,"column":6},"end":{"line":348,"column":46}},"132":{"start":{"line":349,"column":6},"end":{"line":349,"column":20}},"133":{"start":{"line":351,"column":4},"end":{"line":353,"column":6}},"134":{"start":{"line":352,"column":6},"end":{"line":352,"column":35}},"135":{"start":{"line":356,"column":2},"end":{"line":364,"column":9}},"136":{"start":{"line":357,"column":19},"end":{"line":357,"column":38}},"137":{"start":{"line":358,"column":4},"end":{"line":360,"column":5}},"138":{"start":{"line":359,"column":6},"end":{"line":359,"column":45}},"139":{"start":{"line":361,"column":4},"end":{"line":363,"column":6}},"140":{"start":{"line":362,"column":6},"end":{"line":362,"column":30}},"141":{"start":{"line":366,"column":42},"end":{"line":377,"column":3}},"142":{"start":{"line":367,"column":4},"end":{"line":376,"column":5}},"143":{"start":{"line":368,"column":26},"end":{"line":368,"column":58}},"144":{"start":{"line":369,"column":6},"end":{"line":369,"column":27}},"145":{"start":{"line":370,"column":6},"end":{"line":370,"column":25}},"146":{"start":{"line":371,"column":6},"end":{"line":371,"column":31}},"147":{"start":{"line":373,"column":25},"end":{"line":373,"column":50}},"148":{"start":{"line":374,"column":6},"end":{"line":374,"column":31}},"149":{"start":{"line":375,"column":6},"end":{"line":375,"column":51}},"150":{"start":{"line":379,"column":48},"end":{"line":390,"column":3}},"151":{"start":{"line":380,"column":4},"end":{"line":389,"column":5}},"152":{"start":{"line":381,"column":26},"end":{"line":381,"column":57}},"153":{"start":{"line":382,"column":6},"end":{"line":382,"column":27}},"154":{"start":{"line":383,"column":6},"end":{"line":383,"column":25}},"155":{"start":{"line":384,"column":6},"end":{"line":384,"column":31}},"156":{"start":{"line":386,"column":25},"end":{"line":386,"column":50}},"157":{"start":{"line":387,"column":6},"end":{"line":387,"column":31}},"158":{"start":{"line":388,"column":6},"end":{"line":388,"column":51}},"159":{"start":{"line":392,"column":70},"end":{"line":404,"column":3}},"160":{"start":{"line":395,"column":4},"end":{"line":403,"column":5}},"161":{"start":{"line":396,"column":6},"end":{"line":396,"column":49}},"162":{"start":{"line":397,"column":6},"end":{"line":397,"column":25}},"163":{"start":{"line":398,"column":6},"end":{"line":398,"column":31}},"164":{"start":{"line":400,"column":25},"end":{"line":400,"column":50}},"165":{"start":{"line":401,"column":6},"end":{"line":401,"column":31}},"166":{"start":{"line":402,"column":6},"end":{"line":402,"column":51}},"167":{"start":{"line":406,"column":70},"end":{"line":419,"column":3}},"168":{"start":{"line":409,"column":4},"end":{"line":418,"column":5}},"169":{"start":{"line":410,"column":26},"end":{"line":410,"column":68}},"170":{"start":{"line":411,"column":6},"end":{"line":411,"column":27}},"171":{"start":{"line":412,"column":6},"end":{"line":412,"column":25}},"172":{"start":{"line":413,"column":6},"end":{"line":413,"column":31}},"173":{"start":{"line":415,"column":25},"end":{"line":415,"column":50}},"174":{"start":{"line":416,"column":6},"end":{"line":416,"column":31}},"175":{"start":{"line":417,"column":6},"end":{"line":417,"column":51}},"176":{"start":{"line":421,"column":44},"end":{"line":430,"column":3}},"177":{"start":{"line":422,"column":4},"end":{"line":429,"column":5}},"178":{"start":{"line":423,"column":6},"end":{"line":423,"column":29}},"179":{"start":{"line":427,"column":6},"end":{"line":427,"column":20}},"180":{"start":{"line":428,"column":6},"end":{"line":428,"column":25}},"181":{"start":{"line":432,"column":2},"end":{"line":447,"column":4}},"182":{"start":{"line":450,"column":23},"end":{"line":456,"column":1}},"183":{"start":{"line":451,"column":18},"end":{"line":451,"column":41}},"184":{"start":{"line":452,"column":2},"end":{"line":454,"column":3}},"185":{"start":{"line":453,"column":4},"end":{"line":453,"column":64}},"186":{"start":{"line":455,"column":2},"end":{"line":455,"column":17}}},"fnMap":{"0":{"name":"resolveAuthSource","decl":{"start":{"line":78,"column":9},"end":{"line":78,"column":26}},"loc":{"start":{"line":78,"column":41},"end":{"line":85,"column":1}},"line":78},"1":{"name":"getMockTokenTtlMs","decl":{"start":{"line":87,"column":9},"end":{"line":87,"column":26}},"loc":{"start":{"line":87,"column":37},"end":{"line":93,"column":1}},"line":87},"2":{"name":"resolveMockUserRole","decl":{"start":{"line":95,"column":9},"end":{"line":95,"column":28}},"loc":{"start":{"line":95,"column":54},"end":{"line":97,"column":1}},"line":95},"3":{"name":"normalizeAuthError","decl":{"start":{"line":99,"column":9},"end":{"line":99,"column":27}},"loc":{"start":{"line":99,"column":55},"end":{"line":128,"column":1}},"line":99},"4":{"name":"(anonymous_4)","decl":{"start":{"line":100,"column":19},"end":{"line":100,"column":20}},"loc":{"start":{"line":100,"column":56},"end":{"line":103,"column":3}},"line":100},"5":{"name":"persistSessionUser","decl":{"start":{"line":130,"column":15},"end":{"line":130,"column":33}},"loc":{"start":{"line":130,"column":61},"end":{"line":132,"column":1}},"line":130},"6":{"name":"isValidUser","decl":{"start":{"line":134,"column":9},"end":{"line":134,"column":20}},"loc":{"start":{"line":134,"column":48},"end":{"line":144,"column":1}},"line":134},"7":{"name":"readSessionUser","decl":{"start":{"line":146,"column":15},"end":{"line":146,"column":30}},"loc":{"start":{"line":146,"column":55},"end":{"line":159,"column":1}},"line":146},"8":{"name":"parseMockToken","decl":{"start":{"line":161,"column":9},"end":{"line":161,"column":23}},"loc":{"start":{"line":163,"column":47},"end":{"line":172,"column":1}},"line":163},"9":{"name":"createMockAuthGateway","decl":{"start":{"line":174,"column":9},"end":{"line":174,"column":30}},"loc":{"start":{"line":174,"column":46},"end":{"line":273,"column":1}},"line":174},"10":{"name":"(anonymous_10)","decl":{"start":{"line":176,"column":15},"end":{"line":176,"column":16}},"loc":{"start":{"line":176,"column":27},"end":{"line":197,"column":5}},"line":176},"11":{"name":"(anonymous_11)","decl":{"start":{"line":198,"column":11},"end":{"line":198,"column":12}},"loc":{"start":{"line":198,"column":34},"end":{"line":213,"column":5}},"line":198},"12":{"name":"(anonymous_12)","decl":{"start":{"line":202,"column":8},"end":{"line":202,"column":9}},"loc":{"start":{"line":203,"column":10},"end":{"line":204,"column":45}},"line":203},"13":{"name":"(anonymous_13)","decl":{"start":{"line":214,"column":14},"end":{"line":214,"column":15}},"loc":{"start":{"line":214,"column":33},"end":{"line":235,"column":5}},"line":214},"14":{"name":"(anonymous_14)","decl":{"start":{"line":218,"column":8},"end":{"line":218,"column":9}},"loc":{"start":{"line":219,"column":10},"end":{"line":219,"column":77}},"line":219},"15":{"name":"(anonymous_15)","decl":{"start":{"line":236,"column":25},"end":{"line":236,"column":26}},"loc":{"start":{"line":236,"column":37},"end":{"line":238,"column":5}},"line":236},"16":{"name":"(anonymous_16)","decl":{"start":{"line":239,"column":25},"end":{"line":239,"column":26}},"loc":{"start":{"line":239,"column":44},"end":{"line":266,"column":5}},"line":239},"17":{"name":"(anonymous_17)","decl":{"start":{"line":243,"column":8},"end":{"line":243,"column":9}},"loc":{"start":{"line":244,"column":10},"end":{"line":244,"column":77}},"line":244},"18":{"name":"(anonymous_18)","decl":{"start":{"line":267,"column":12},"end":{"line":267,"column":13}},"loc":{"start":{"line":267,"column":24},"end":{"line":271,"column":5}},"line":267},"19":{"name":"createApiAuthGateway","decl":{"start":{"line":275,"column":9},"end":{"line":275,"column":29}},"loc":{"start":{"line":275,"column":45},"end":{"line":318,"column":1}},"line":275},"20":{"name":"(anonymous_20)","decl":{"start":{"line":277,"column":15},"end":{"line":277,"column":16}},"loc":{"start":{"line":277,"column":27},"end":{"line":294,"column":5}},"line":277},"21":{"name":"(anonymous_21)","decl":{"start":{"line":295,"column":11},"end":{"line":295,"column":12}},"loc":{"start":{"line":295,"column":34},"end":{"line":299,"column":5}},"line":295},"22":{"name":"(anonymous_22)","decl":{"start":{"line":300,"column":14},"end":{"line":300,"column":15}},"loc":{"start":{"line":300,"column":33},"end":{"line":304,"column":5}},"line":300},"23":{"name":"(anonymous_23)","decl":{"start":{"line":305,"column":25},"end":{"line":305,"column":26}},"loc":{"start":{"line":305,"column":44},"end":{"line":307,"column":5}},"line":305},"24":{"name":"(anonymous_24)","decl":{"start":{"line":308,"column":25},"end":{"line":308,"column":26}},"loc":{"start":{"line":308,"column":44},"end":{"line":312,"column":5}},"line":308},"25":{"name":"(anonymous_25)","decl":{"start":{"line":313,"column":12},"end":{"line":313,"column":13}},"loc":{"start":{"line":313,"column":24},"end":{"line":316,"column":5}},"line":313},"26":{"name":"(anonymous_26)","decl":{"start":{"line":320,"column":69},"end":{"line":320,"column":70}},"loc":{"start":{"line":322,"column":6},"end":{"line":448,"column":1}},"line":322},"27":{"name":"(anonymous_27)","decl":{"start":{"line":327,"column":39},"end":{"line":327,"column":40}},"loc":{"start":{"line":327,"column":45},"end":{"line":330,"column":3}},"line":327},"28":{"name":"(anonymous_28)","decl":{"start":{"line":332,"column":12},"end":{"line":332,"column":13}},"loc":{"start":{"line":332,"column":18},"end":{"line":343,"column":3}},"line":332},"29":{"name":"(anonymous_29)","decl":{"start":{"line":334,"column":10},"end":{"line":334,"column":11}},"loc":{"start":{"line":334,"column":22},"end":{"line":339,"column":5}},"line":334},"30":{"name":"(anonymous_30)","decl":{"start":{"line":340,"column":11},"end":{"line":340,"column":12}},"loc":{"start":{"line":340,"column":17},"end":{"line":342,"column":5}},"line":340},"31":{"name":"(anonymous_31)","decl":{"start":{"line":345,"column":12},"end":{"line":345,"column":13}},"loc":{"start":{"line":345,"column":18},"end":{"line":354,"column":3}},"line":345},"32":{"name":"(anonymous_32)","decl":{"start":{"line":346,"column":27},"end":{"line":346,"column":28}},"loc":{"start":{"line":346,"column":39},"end":{"line":350,"column":5}},"line":346},"33":{"name":"(anonymous_33)","decl":{"start":{"line":351,"column":11},"end":{"line":351,"column":12}},"loc":{"start":{"line":351,"column":17},"end":{"line":353,"column":5}},"line":351},"34":{"name":"(anonymous_34)","decl":{"start":{"line":356,"column":12},"end":{"line":356,"column":13}},"loc":{"start":{"line":356,"column":18},"end":{"line":364,"column":3}},"line":356},"35":{"name":"(anonymous_35)","decl":{"start":{"line":361,"column":11},"end":{"line":361,"column":12}},"loc":{"start":{"line":361,"column":17},"end":{"line":363,"column":5}},"line":361},"36":{"name":"(anonymous_36)","decl":{"start":{"line":366,"column":42},"end":{"line":366,"column":43}},"loc":{"start":{"line":366,"column":65},"end":{"line":377,"column":3}},"line":366},"37":{"name":"(anonymous_37)","decl":{"start":{"line":379,"column":48},"end":{"line":379,"column":49}},"loc":{"start":{"line":379,"column":67},"end":{"line":390,"column":3}},"line":379},"38":{"name":"(anonymous_38)","decl":{"start":{"line":392,"column":70},"end":{"line":392,"column":71}},"loc":{"start":{"line":394,"column":7},"end":{"line":404,"column":3}},"line":394},"39":{"name":"(anonymous_39)","decl":{"start":{"line":406,"column":70},"end":{"line":406,"column":71}},"loc":{"start":{"line":408,"column":7},"end":{"line":419,"column":3}},"line":408},"40":{"name":"(anonymous_40)","decl":{"start":{"line":421,"column":44},"end":{"line":421,"column":45}},"loc":{"start":{"line":421,"column":56},"end":{"line":430,"column":3}},"line":421},"41":{"name":"(anonymous_41)","decl":{"start":{"line":450,"column":23},"end":{"line":450,"column":24}},"loc":{"start":{"line":450,"column":29},"end":{"line":456,"column":1}},"line":450}},"branchMap":{"0":{"loc":{"start":{"line":92,"column":9},"end":{"line":92,"column":56}},"type":"cond-expr","locations":[{"start":{"line":92,"column":22},"end":{"line":92,"column":28}},{"start":{"line":92,"column":31},"end":{"line":92,"column":56}}],"line":92},"1":{"loc":{"start":{"line":96,"column":9},"end":{"line":96,"column":48}},"type":"cond-expr","locations":[{"start":{"line":96,"column":29},"end":{"line":96,"column":37}},{"start":{"line":96,"column":40},"end":{"line":96,"column":48}}],"line":96},"2":{"loc":{"start":{"line":105,"column":2},"end":{"line":120,"column":3}},"type":"if","locations":[{"start":{"line":105,"column":2},"end":{"line":120,"column":3}},{"start":{},"end":{}}],"line":105},"3":{"loc":{"start":{"line":106,"column":4},"end":{"line":109,"column":58}},"type":"binary-expr","locations":[{"start":{"line":106,"column":4},"end":{"line":106,"column":29}},{"start":{"line":107,"column":4},"end":{"line":107,"column":18}},{"start":{"line":108,"column":4},"end":{"line":108,"column":19}},{"start":{"line":109,"column":4},"end":{"line":109,"column":58}}],"line":106},"4":{"loc":{"start":{"line":116,"column":8},"end":{"line":118,"column":44}},"type":"cond-expr","locations":[{"start":{"line":117,"column":12},"end":{"line":117,"column":19}},{"start":{"line":118,"column":12},"end":{"line":118,"column":44}}],"line":116},"5":{"loc":{"start":{"line":116,"column":8},"end":{"line":116,"column":64}},"type":"binary-expr","locations":[{"start":{"line":116,"column":8},"end":{"line":116,"column":35}},{"start":{"line":116,"column":39},"end":{"line":116,"column":64}}],"line":116},"6":{"loc":{"start":{"line":121,"column":2},"end":{"line":126,"column":3}},"type":"if","locations":[{"start":{"line":121,"column":2},"end":{"line":126,"column":3}},{"start":{},"end":{}}],"line":121},"7":{"loc":{"start":{"line":124,"column":15},"end":{"line":124,"column":70}},"type":"binary-expr","locations":[{"start":{"line":124,"column":15},"end":{"line":124,"column":28}},{"start":{"line":124,"column":32},"end":{"line":124,"column":70}}],"line":124},"8":{"loc":{"start":{"line":135,"column":2},"end":{"line":135,"column":52}},"type":"if","locations":[{"start":{"line":135,"column":2},"end":{"line":135,"column":52}},{"start":{},"end":{}}],"line":135},"9":{"loc":{"start":{"line":135,"column":6},"end":{"line":135,"column":37}},"type":"binary-expr","locations":[{"start":{"line":135,"column":6},"end":{"line":135,"column":10}},{"start":{"line":135,"column":14},"end":{"line":135,"column":37}}],"line":135},"10":{"loc":{"start":{"line":138,"column":4},"end":{"line":142,"column":48}},"type":"binary-expr","locations":[{"start":{"line":138,"column":4},"end":{"line":138,"column":28}},{"start":{"line":139,"column":4},"end":{"line":139,"column":31}},{"start":{"line":140,"column":4},"end":{"line":140,"column":30}},{"start":{"line":141,"column":4},"end":{"line":141,"column":31}},{"start":{"line":142,"column":5},"end":{"line":142,"column":24}},{"start":{"line":142,"column":28},"end":{"line":142,"column":47}}],"line":138},"11":{"loc":{"start":{"line":149,"column":4},"end":{"line":149,"column":26}},"type":"if","locations":[{"start":{"line":149,"column":4},"end":{"line":149,"column":26}},{"start":{},"end":{}}],"line":149},"12":{"loc":{"start":{"line":151,"column":4},"end":{"line":154,"column":5}},"type":"if","locations":[{"start":{"line":151,"column":4},"end":{"line":154,"column":5}},{"start":{},"end":{}}],"line":151},"13":{"loc":{"start":{"line":164,"column":2},"end":{"line":164,"column":26}},"type":"if","locations":[{"start":{"line":164,"column":2},"end":{"line":164,"column":26}},{"start":{},"end":{}}],"line":164},"14":{"loc":{"start":{"line":166,"column":2},"end":{"line":166,"column":26}},"type":"if","locations":[{"start":{"line":166,"column":2},"end":{"line":166,"column":26}},{"start":{},"end":{}}],"line":166},"15":{"loc":{"start":{"line":168,"column":2},"end":{"line":168,"column":63}},"type":"if","locations":[{"start":{"line":168,"column":2},"end":{"line":168,"column":63}},{"start":{},"end":{}}],"line":168},"16":{"loc":{"start":{"line":168,"column":6},"end":{"line":168,"column":49}},"type":"binary-expr","locations":[{"start":{"line":168,"column":6},"end":{"line":168,"column":32}},{"start":{"line":168,"column":36},"end":{"line":168,"column":49}}],"line":168},"17":{"loc":{"start":{"line":170,"column":2},"end":{"line":170,"column":47}},"type":"if","locations":[{"start":{"line":170,"column":2},"end":{"line":170,"column":47}},{"start":{},"end":{}}],"line":170},"18":{"loc":{"start":{"line":179,"column":6},"end":{"line":186,"column":7}},"type":"if","locations":[{"start":{"line":179,"column":6},"end":{"line":186,"column":7}},{"start":{},"end":{}}],"line":179},"19":{"loc":{"start":{"line":180,"column":8},"end":{"line":184,"column":13}},"type":"if","locations":[{"start":{"line":180,"column":8},"end":{"line":184,"column":13}},{"start":{},"end":{}}],"line":180},"20":{"loc":{"start":{"line":189,"column":6},"end":{"line":195,"column":7}},"type":"if","locations":[{"start":{"line":189,"column":6},"end":{"line":195,"column":7}},{"start":{},"end":{}}],"line":189},"21":{"loc":{"start":{"line":189,"column":10},"end":{"line":189,"column":63}},"type":"binary-expr","locations":[{"start":{"line":189,"column":10},"end":{"line":189,"column":22}},{"start":{"line":189,"column":26},"end":{"line":189,"column":63}}],"line":189},"22":{"loc":{"start":{"line":203,"column":10},"end":{"line":204,"column":45}},"type":"binary-expr","locations":[{"start":{"line":203,"column":10},"end":{"line":203,"column":77}},{"start":{"line":204,"column":10},"end":{"line":204,"column":45}}],"line":203},"23":{"loc":{"start":{"line":203,"column":11},"end":{"line":203,"column":24}},"type":"binary-expr","locations":[{"start":{"line":203,"column":11},"end":{"line":203,"column":18}},{"start":{"line":203,"column":22},"end":{"line":203,"column":24}}],"line":203},"24":{"loc":{"start":{"line":206,"column":6},"end":{"line":208,"column":7}},"type":"if","locations":[{"start":{"line":206,"column":6},"end":{"line":208,"column":7}},{"start":{},"end":{}}],"line":206},"25":{"loc":{"start":{"line":219,"column":11},"end":{"line":219,"column":24}},"type":"binary-expr","locations":[{"start":{"line":219,"column":11},"end":{"line":219,"column":18}},{"start":{"line":219,"column":22},"end":{"line":219,"column":24}}],"line":219},"26":{"loc":{"start":{"line":221,"column":6},"end":{"line":223,"column":7}},"type":"if","locations":[{"start":{"line":221,"column":6},"end":{"line":223,"column":7}},{"start":{},"end":{}}],"line":221},"27":{"loc":{"start":{"line":244,"column":11},"end":{"line":244,"column":24}},"type":"binary-expr","locations":[{"start":{"line":244,"column":11},"end":{"line":244,"column":18}},{"start":{"line":244,"column":22},"end":{"line":244,"column":24}}],"line":244},"28":{"loc":{"start":{"line":246,"column":32},"end":{"line":262,"column":11}},"type":"cond-expr","locations":[{"start":{"line":247,"column":10},"end":{"line":254,"column":11}},{"start":{"line":255,"column":10},"end":{"line":262,"column":11}}],"line":246},"29":{"loc":{"start":{"line":259,"column":18},"end":{"line":259,"column":86}},"type":"binary-expr","locations":[{"start":{"line":259,"column":18},"end":{"line":259,"column":38}},{"start":{"line":259,"column":42},"end":{"line":259,"column":68}},{"start":{"line":259,"column":72},"end":{"line":259,"column":86}}],"line":259},"30":{"loc":{"start":{"line":279,"column":6},"end":{"line":279,"column":30}},"type":"if","locations":[{"start":{"line":279,"column":6},"end":{"line":279,"column":30}},{"start":{},"end":{}}],"line":279},"31":{"loc":{"start":{"line":286,"column":8},"end":{"line":291,"column":9}},"type":"if","locations":[{"start":{"line":286,"column":8},"end":{"line":291,"column":9}},{"start":{},"end":{}}],"line":286},"32":{"loc":{"start":{"line":286,"column":12},"end":{"line":286,"column":64}},"type":"binary-expr","locations":[{"start":{"line":286,"column":12},"end":{"line":286,"column":42}},{"start":{"line":286,"column":46},"end":{"line":286,"column":64}}],"line":286},"33":{"loc":{"start":{"line":329,"column":11},"end":{"line":329,"column":79}},"type":"cond-expr","locations":[{"start":{"line":329,"column":31},"end":{"line":329,"column":54}},{"start":{"line":329,"column":57},"end":{"line":329,"column":79}}],"line":329},"34":{"loc":{"start":{"line":336,"column":6},"end":{"line":336,"column":26}},"type":"if","locations":[{"start":{"line":336,"column":6},"end":{"line":336,"column":26}},{"start":{},"end":{}}],"line":336},"35":{"loc":{"start":{"line":358,"column":4},"end":{"line":360,"column":5}},"type":"if","locations":[{"start":{"line":358,"column":4},"end":{"line":360,"column":5}},{"start":{},"end":{}}],"line":358},"36":{"loc":{"start":{"line":452,"column":2},"end":{"line":454,"column":3}},"type":"if","locations":[{"start":{"line":452,"column":2},"end":{"line":454,"column":3}},{"start":{},"end":{}}],"line":452}},"s":{"0":1,"1":1,"2":1,"3":28,"4":3,"5":3,"6":1,"7":3,"8":0,"9":3,"10":3,"11":3,"12":3,"13":0,"14":0,"15":0,"16":9,"17":2,"18":0,"19":2,"20":2,"21":2,"22":2,"23":2,"24":0,"25":2,"26":2,"27":0,"28":0,"29":2,"30":0,"31":5,"32":2,"33":3,"34":3,"35":0,"36":3,"37":3,"38":0,"39":3,"40":3,"41":1,"42":2,"43":5,"44":5,"45":5,"46":5,"47":3,"48":1,"49":3,"50":2,"51":2,"52":0,"53":0,"54":2,"55":1,"56":1,"57":1,"58":1,"59":1,"60":0,"61":1,"62":1,"63":1,"64":1,"65":0,"66":0,"67":0,"68":0,"69":0,"70":0,"71":0,"72":0,"73":0,"74":0,"75":0,"76":1,"77":1,"78":1,"79":2,"80":1,"81":1,"82":1,"83":1,"84":0,"85":0,"86":0,"87":9,"88":9,"89":9,"90":6,"91":3,"92":3,"93":2,"94":2,"95":1,"96":1,"97":1,"98":1,"99":5,"100":4,"101":4,"102":0,"103":0,"104":0,"105":1,"106":2,"107":1,"108":1,"109":2,"110":1,"111":1,"112":41,"113":41,"114":41,"115":41,"116":14,"117":14,"118":41,"119":14,"120":14,"121":14,"122":14,"123":0,"124":14,"125":14,"126":14,"127":0,"128":41,"129":14,"130":1,"131":1,"132":1,"133":14,"134":0,"135":41,"136":14,"137":14,"138":9,"139":14,"140":0,"141":41,"142":6,"143":6,"144":5,"145":5,"146":5,"147":1,"148":1,"149":1,"150":41,"151":0,"152":0,"153":0,"154":0,"155":0,"156":0,"157":0,"158":0,"159":41,"160":1,"161":1,"162":1,"163":1,"164":0,"165":0,"166":0,"167":41,"168":3,"169":3,"170":2,"171":2,"172":2,"173":1,"174":1,"175":1,"176":41,"177":2,"178":2,"179":2,"180":2,"181":41,"182":1,"183":40,"184":40,"185":0,"186":40},"f":{"0":28,"1":3,"2":1,"3":3,"4":0,"5":9,"6":2,"7":2,"8":5,"9":5,"10":5,"11":1,"12":1,"13":0,"14":0,"15":0,"16":1,"17":2,"18":0,"19":9,"20":9,"21":5,"22":0,"23":1,"24":2,"25":2,"26":41,"27":14,"28":14,"29":14,"30":0,"31":14,"32":1,"33":0,"34":14,"35":0,"36":6,"37":0,"38":1,"39":3,"40":2,"41":40},"b":{"0":[3,0],"1":[1,0],"2":[3,0],"3":[3,3,3,3],"4":[3,0],"5":[3,3],"6":[0,0],"7":[0,0],"8":[0,2],"9":[2,2],"10":[2,2,2,2,2,0],"11":[0,2],"12":[0,2],"13":[2,3],"14":[0,3],"15":[0,3],"16":[3,3],"17":[1,2],"18":[3,2],"19":[1,2],"20":[0,2],"21":[2,2],"22":[1,1],"23":[1,0],"24":[0,1],"25":[0,0],"26":[0,0],"27":[2,0],"28":[0,1],"29":[1,0,0],"30":[6,3],"31":[1,0],"32":[1,0],"33":[5,9],"34":[0,14],"35":[9,5],"36":[0,40]},"_coverageSchema":"1a1c01bbd47fc00a2c39e90264f33305004495a9","hash":"61be4cfd477dc65fa7f7d2864f80299c072c7dc7"}
,"C:\\Users\\alext\\Desktop\\indep-rn\\src\\contexts\\FavoritesContext.tsx": {"path":"C:\\Users\\alext\\Desktop\\indep-rn\\src\\contexts\\FavoritesContext.tsx","statementMap":{"0":{"start":{"line":24,"column":25},"end":{"line":26,"column":1}},"1":{"start":{"line":28,"column":20},"end":{"line":28,"column":32}},"2":{"start":{"line":31,"column":2},"end":{"line":39,"column":5}},"3":{"start":{"line":32,"column":4},"end":{"line":32,"column":24}},"4":{"start":{"line":32,"column":14},"end":{"line":32,"column":24}},"5":{"start":{"line":33,"column":4},"end":{"line":38,"column":5}},"6":{"start":{"line":34,"column":21},"end":{"line":34,"column":36}},"7":{"start":{"line":35,"column":6},"end":{"line":35,"column":61}},"8":{"start":{"line":37,"column":6},"end":{"line":37,"column":16}},"9":{"start":{"line":43,"column":2},"end":{"line":43,"column":64}},"10":{"start":{"line":46,"column":74},"end":{"line":174,"column":1}},"11":{"start":{"line":49,"column":19},"end":{"line":49,"column":28}},"12":{"start":{"line":50,"column":21},"end":{"line":50,"column":27}},"13":{"start":{"line":52,"column":40},"end":{"line":52,"column":62}},"14":{"start":{"line":53,"column":32},"end":{"line":53,"column":46}},"15":{"start":{"line":54,"column":46},"end":{"line":54,"column":75}},"16":{"start":{"line":55,"column":23},"end":{"line":55,"column":35}},"17":{"start":{"line":56,"column":25},"end":{"line":56,"column":38}},"18":{"start":{"line":57,"column":25},"end":{"line":57,"column":45}},"19":{"start":{"line":58,"column":25},"end":{"line":58,"column":75}},"20":{"start":{"line":58,"column":39},"end":{"line":58,"column":59}},"21":{"start":{"line":60,"column":19},"end":{"line":63,"column":8}},"22":{"start":{"line":61,"column":4},"end":{"line":61,"column":33}},"23":{"start":{"line":62,"column":4},"end":{"line":62,"column":50}},"24":{"start":{"line":62,"column":30},"end":{"line":62,"column":50}},"25":{"start":{"line":66,"column":2},"end":{"line":95,"column":29}},"26":{"start":{"line":67,"column":17},"end":{"line":67,"column":21}},"27":{"start":{"line":68,"column":4},"end":{"line":68,"column":21}},"28":{"start":{"line":70,"column":17},"end":{"line":91,"column":5}},"29":{"start":{"line":71,"column":6},"end":{"line":90,"column":7}},"30":{"start":{"line":72,"column":8},"end":{"line":81,"column":9}},"31":{"start":{"line":73,"column":22},"end":{"line":73,"column":53}},"32":{"start":{"line":74,"column":10},"end":{"line":74,"column":30}},"33":{"start":{"line":74,"column":23},"end":{"line":74,"column":30}},"34":{"start":{"line":75,"column":10},"end":{"line":75,"column":24}},"35":{"start":{"line":76,"column":10},"end":{"line":76,"column":33}},"36":{"start":{"line":78,"column":22},"end":{"line":78,"column":41}},"37":{"start":{"line":79,"column":10},"end":{"line":79,"column":30}},"38":{"start":{"line":79,"column":23},"end":{"line":79,"column":30}},"39":{"start":{"line":80,"column":10},"end":{"line":80,"column":24}},"40":{"start":{"line":83,"column":8},"end":{"line":83,"column":28}},"41":{"start":{"line":83,"column":21},"end":{"line":83,"column":28}},"42":{"start":{"line":85,"column":20},"end":{"line":85,"column":39}},"43":{"start":{"line":86,"column":8},"end":{"line":86,"column":28}},"44":{"start":{"line":86,"column":21},"end":{"line":86,"column":28}},"45":{"start":{"line":87,"column":8},"end":{"line":87,"column":22}},"46":{"start":{"line":89,"column":8},"end":{"line":89,"column":62}},"47":{"start":{"line":89,"column":44},"end":{"line":89,"column":62}},"48":{"start":{"line":93,"column":4},"end":{"line":93,"column":16}},"49":{"start":{"line":94,"column":4},"end":{"line":94,"column":37}},"50":{"start":{"line":94,"column":19},"end":{"line":94,"column":34}},"51":{"start":{"line":98,"column":2},"end":{"line":104,"column":29}},"52":{"start":{"line":99,"column":4},"end":{"line":102,"column":5}},"53":{"start":{"line":100,"column":6},"end":{"line":100,"column":19}},"54":{"start":{"line":101,"column":6},"end":{"line":101,"column":48}},"55":{"start":{"line":103,"column":4},"end":{"line":103,"column":40}},"56":{"start":{"line":106,"column":21},"end":{"line":109,"column":3}},"57":{"start":{"line":107,"column":20},"end":{"line":107,"column":50}},"58":{"start":{"line":111,"column":22},"end":{"line":143,"column":3}},"59":{"start":{"line":113,"column":18},"end":{"line":113,"column":28}},"60":{"start":{"line":114,"column":19},"end":{"line":114,"column":41}},"61":{"start":{"line":115,"column":24},"end":{"line":115,"column":42}},"62":{"start":{"line":116,"column":6},"end":{"line":116,"column":38}},"63":{"start":{"line":116,"column":31},"end":{"line":116,"column":38}},"64":{"start":{"line":118,"column":19},"end":{"line":120,"column":39}},"65":{"start":{"line":120,"column":29},"end":{"line":120,"column":38}},"66":{"start":{"line":123,"column":6},"end":{"line":123,"column":21}},"67":{"start":{"line":125,"column":6},"end":{"line":140,"column":7}},"68":{"start":{"line":126,"column":21},"end":{"line":128,"column":40}},"69":{"start":{"line":130,"column":8},"end":{"line":134,"column":11}},"70":{"start":{"line":132,"column":10},"end":{"line":132,"column":25}},"71":{"start":{"line":133,"column":10},"end":{"line":133,"column":87}},"72":{"start":{"line":133,"column":36},"end":{"line":133,"column":87}},"73":{"start":{"line":136,"column":8},"end":{"line":139,"column":11}},"74":{"start":{"line":137,"column":10},"end":{"line":137,"column":25}},"75":{"start":{"line":138,"column":10},"end":{"line":138,"column":88}},"76":{"start":{"line":138,"column":36},"end":{"line":138,"column":88}},"77":{"start":{"line":145,"column":25},"end":{"line":151,"column":3}},"78":{"start":{"line":147,"column":18},"end":{"line":147,"column":28}},"79":{"start":{"line":148,"column":6},"end":{"line":148,"column":62}},"80":{"start":{"line":153,"column":30},"end":{"line":153,"column":76}},"81":{"start":{"line":153,"column":48},"end":{"line":153,"column":71}},"82":{"start":{"line":155,"column":2},"end":{"line":157,"column":9}},"83":{"start":{"line":156,"column":4},"end":{"line":156,"column":51}},"84":{"start":{"line":156,"column":19},"end":{"line":156,"column":48}},"85":{"start":{"line":159,"column":2},"end":{"line":173,"column":4}},"86":{"start":{"line":176,"column":28},"end":{"line":182,"column":1}},"87":{"start":{"line":177,"column":14},"end":{"line":177,"column":42}},"88":{"start":{"line":178,"column":2},"end":{"line":180,"column":3}},"89":{"start":{"line":179,"column":4},"end":{"line":179,"column":74}},"90":{"start":{"line":181,"column":2},"end":{"line":181,"column":13}}},"fnMap":{"0":{"name":"readStorage","decl":{"start":{"line":30,"column":9},"end":{"line":30,"column":20}},"loc":{"start":{"line":30,"column":42},"end":{"line":40,"column":1}},"line":30},"1":{"name":"(anonymous_1)","decl":{"start":{"line":31,"column":48},"end":{"line":31,"column":49}},"loc":{"start":{"line":31,"column":57},"end":{"line":39,"column":3}},"line":31},"2":{"name":"writeStorage","decl":{"start":{"line":42,"column":9},"end":{"line":42,"column":21}},"loc":{"start":{"line":42,"column":52},"end":{"line":44,"column":1}},"line":42},"3":{"name":"(anonymous_3)","decl":{"start":{"line":46,"column":74},"end":{"line":46,"column":75}},"loc":{"start":{"line":48,"column":6},"end":{"line":174,"column":1}},"line":48},"4":{"name":"(anonymous_4)","decl":{"start":{"line":58,"column":33},"end":{"line":58,"column":34}},"loc":{"start":{"line":58,"column":39},"end":{"line":58,"column":59}},"line":58},"5":{"name":"(anonymous_5)","decl":{"start":{"line":60,"column":31},"end":{"line":60,"column":32}},"loc":{"start":{"line":60,"column":50},"end":{"line":63,"column":3}},"line":60},"6":{"name":"(anonymous_6)","decl":{"start":{"line":66,"column":12},"end":{"line":66,"column":13}},"loc":{"start":{"line":66,"column":18},"end":{"line":95,"column":3}},"line":66},"7":{"name":"(anonymous_7)","decl":{"start":{"line":70,"column":17},"end":{"line":70,"column":18}},"loc":{"start":{"line":70,"column":29},"end":{"line":91,"column":5}},"line":70},"8":{"name":"(anonymous_8)","decl":{"start":{"line":94,"column":11},"end":{"line":94,"column":12}},"loc":{"start":{"line":94,"column":17},"end":{"line":94,"column":36}},"line":94},"9":{"name":"(anonymous_9)","decl":{"start":{"line":98,"column":12},"end":{"line":98,"column":13}},"loc":{"start":{"line":98,"column":18},"end":{"line":104,"column":3}},"line":98},"10":{"name":"(anonymous_10)","decl":{"start":{"line":107,"column":4},"end":{"line":107,"column":5}},"loc":{"start":{"line":107,"column":20},"end":{"line":107,"column":50}},"line":107},"11":{"name":"(anonymous_11)","decl":{"start":{"line":112,"column":4},"end":{"line":112,"column":5}},"loc":{"start":{"line":112,"column":36},"end":{"line":141,"column":5}},"line":112},"12":{"name":"(anonymous_12)","decl":{"start":{"line":120,"column":22},"end":{"line":120,"column":23}},"loc":{"start":{"line":120,"column":29},"end":{"line":120,"column":38}},"line":120},"13":{"name":"(anonymous_13)","decl":{"start":{"line":130,"column":19},"end":{"line":130,"column":20}},"loc":{"start":{"line":130,"column":25},"end":{"line":134,"column":9}},"line":130},"14":{"name":"(anonymous_14)","decl":{"start":{"line":136,"column":38},"end":{"line":136,"column":39}},"loc":{"start":{"line":136,"column":44},"end":{"line":139,"column":9}},"line":136},"15":{"name":"(anonymous_15)","decl":{"start":{"line":146,"column":4},"end":{"line":146,"column":5}},"loc":{"start":{"line":146,"column":20},"end":{"line":149,"column":5}},"line":146},"16":{"name":"(anonymous_16)","decl":{"start":{"line":153,"column":42},"end":{"line":153,"column":43}},"loc":{"start":{"line":153,"column":48},"end":{"line":153,"column":71}},"line":153},"17":{"name":"(anonymous_17)","decl":{"start":{"line":155,"column":12},"end":{"line":155,"column":13}},"loc":{"start":{"line":155,"column":18},"end":{"line":157,"column":3}},"line":155},"18":{"name":"(anonymous_18)","decl":{"start":{"line":156,"column":11},"end":{"line":156,"column":12}},"loc":{"start":{"line":156,"column":17},"end":{"line":156,"column":50}},"line":156},"19":{"name":"(anonymous_19)","decl":{"start":{"line":176,"column":28},"end":{"line":176,"column":29}},"loc":{"start":{"line":176,"column":34},"end":{"line":182,"column":1}},"line":176}},"branchMap":{"0":{"loc":{"start":{"line":32,"column":4},"end":{"line":32,"column":24}},"type":"if","locations":[{"start":{"line":32,"column":4},"end":{"line":32,"column":24}},{"start":{},"end":{}}],"line":32},"1":{"loc":{"start":{"line":35,"column":13},"end":{"line":35,"column":60}},"type":"cond-expr","locations":[{"start":{"line":35,"column":37},"end":{"line":35,"column":55}},{"start":{"line":35,"column":58},"end":{"line":35,"column":60}}],"line":35},"2":{"loc":{"start":{"line":62,"column":4},"end":{"line":62,"column":50}},"type":"if","locations":[{"start":{"line":62,"column":4},"end":{"line":62,"column":50}},{"start":{},"end":{}}],"line":62},"3":{"loc":{"start":{"line":72,"column":8},"end":{"line":81,"column":9}},"type":"if","locations":[{"start":{"line":72,"column":8},"end":{"line":81,"column":9}},{"start":{"line":77,"column":15},"end":{"line":81,"column":9}}],"line":72},"4":{"loc":{"start":{"line":74,"column":10},"end":{"line":74,"column":30}},"type":"if","locations":[{"start":{"line":74,"column":10},"end":{"line":74,"column":30}},{"start":{},"end":{}}],"line":74},"5":{"loc":{"start":{"line":79,"column":10},"end":{"line":79,"column":30}},"type":"if","locations":[{"start":{"line":79,"column":10},"end":{"line":79,"column":30}},{"start":{},"end":{}}],"line":79},"6":{"loc":{"start":{"line":83,"column":8},"end":{"line":83,"column":28}},"type":"if","locations":[{"start":{"line":83,"column":8},"end":{"line":83,"column":28}},{"start":{},"end":{}}],"line":83},"7":{"loc":{"start":{"line":86,"column":8},"end":{"line":86,"column":28}},"type":"if","locations":[{"start":{"line":86,"column":8},"end":{"line":86,"column":28}},{"start":{},"end":{}}],"line":86},"8":{"loc":{"start":{"line":89,"column":8},"end":{"line":89,"column":62}},"type":"if","locations":[{"start":{"line":89,"column":8},"end":{"line":89,"column":62}},{"start":{},"end":{}}],"line":89},"9":{"loc":{"start":{"line":89,"column":12},"end":{"line":89,"column":42}},"type":"binary-expr","locations":[{"start":{"line":89,"column":12},"end":{"line":89,"column":18}},{"start":{"line":89,"column":22},"end":{"line":89,"column":42}}],"line":89},"10":{"loc":{"start":{"line":99,"column":4},"end":{"line":102,"column":5}},"type":"if","locations":[{"start":{"line":99,"column":4},"end":{"line":102,"column":5}},{"start":{},"end":{}}],"line":99},"11":{"loc":{"start":{"line":99,"column":8},"end":{"line":99,"column":45}},"type":"binary-expr","locations":[{"start":{"line":99,"column":8},"end":{"line":99,"column":30}},{"start":{"line":99,"column":34},"end":{"line":99,"column":45}}],"line":99},"12":{"loc":{"start":{"line":116,"column":6},"end":{"line":116,"column":38}},"type":"if","locations":[{"start":{"line":116,"column":6},"end":{"line":116,"column":38}},{"start":{},"end":{}}],"line":116},"13":{"loc":{"start":{"line":118,"column":19},"end":{"line":120,"column":39}},"type":"cond-expr","locations":[{"start":{"line":119,"column":10},"end":{"line":119,"column":24}},{"start":{"line":120,"column":10},"end":{"line":120,"column":39}}],"line":118},"14":{"loc":{"start":{"line":125,"column":6},"end":{"line":140,"column":7}},"type":"if","locations":[{"start":{"line":125,"column":6},"end":{"line":140,"column":7}},{"start":{"line":135,"column":13},"end":{"line":140,"column":7}}],"line":125},"15":{"loc":{"start":{"line":126,"column":21},"end":{"line":128,"column":40}},"type":"cond-expr","locations":[{"start":{"line":127,"column":12},"end":{"line":127,"column":37}},{"start":{"line":128,"column":12},"end":{"line":128,"column":40}}],"line":126},"16":{"loc":{"start":{"line":133,"column":10},"end":{"line":133,"column":87}},"type":"if","locations":[{"start":{"line":133,"column":10},"end":{"line":133,"column":87}},{"start":{},"end":{}}],"line":133},"17":{"loc":{"start":{"line":138,"column":10},"end":{"line":138,"column":88}},"type":"if","locations":[{"start":{"line":138,"column":10},"end":{"line":138,"column":88}},{"start":{},"end":{}}],"line":138},"18":{"loc":{"start":{"line":178,"column":2},"end":{"line":180,"column":3}},"type":"if","locations":[{"start":{"line":178,"column":2},"end":{"line":180,"column":3}},{"start":{},"end":{}}],"line":178}},"s":{"0":0,"1":0,"2":0,"3":0,"4":0,"5":0,"6":0,"7":0,"8":0,"9":0,"10":0,"11":0,"12":0,"13":0,"14":0,"15":0,"16":0,"17":0,"18":0,"19":0,"20":0,"21":0,"22":0,"23":0,"24":0,"25":0,"26":0,"27":0,"28":0,"29":0,"30":0,"31":0,"32":0,"33":0,"34":0,"35":0,"36":0,"37":0,"38":0,"39":0,"40":0,"41":0,"42":0,"43":0,"44":0,"45":0,"46":0,"47":0,"48":0,"49":0,"50":0,"51":0,"52":0,"53":0,"54":0,"55":0,"56":0,"57":0,"58":0,"59":0,"60":0,"61":0,"62":0,"63":0,"64":0,"65":0,"66":0,"67":0,"68":0,"69":0,"70":0,"71":0,"72":0,"73":0,"74":0,"75":0,"76":0,"77":0,"78":0,"79":0,"80":0,"81":0,"82":0,"83":0,"84":0,"85":0,"86":0,"87":0,"88":0,"89":0,"90":0},"f":{"0":0,"1":0,"2":0,"3":0,"4":0,"5":0,"6":0,"7":0,"8":0,"9":0,"10":0,"11":0,"12":0,"13":0,"14":0,"15":0,"16":0,"17":0,"18":0,"19":0},"b":{"0":[0,0],"1":[0,0],"2":[0,0],"3":[0,0],"4":[0,0],"5":[0,0],"6":[0,0],"7":[0,0],"8":[0,0],"9":[0,0],"10":[0,0],"11":[0,0],"12":[0,0],"13":[0,0],"14":[0,0],"15":[0,0],"16":[0,0],"17":[0,0],"18":[0,0]}}
,"C:\\Users\\alext\\Desktop\\indep-rn\\src\\services\\api.ts": {"path":"C:\\Users\\alext\\Desktop\\indep-rn\\src\\services\\api.ts","statementMap":{"0":{"start":{"line":6,"column":35},"end":{"line":6,"column":39}},"1":{"start":{"line":7,"column":18},"end":{"line":7,"column":30}},"2":{"start":{"line":8,"column":25},"end":{"line":8,"column":38}},"3":{"start":{"line":9,"column":27},"end":{"line":9,"column":32}},"4":{"start":{"line":10,"column":25},"end":{"line":10,"column":44}},"5":{"start":{"line":13,"column":17},"end":{"line":13,"column":49}},"6":{"start":{"line":14,"column":31},"end":{"line":14,"column":68}},"7":{"start":{"line":16,"column":2},"end":{"line":24,"column":3}},"8":{"start":{"line":17,"column":4},"end":{"line":19,"column":5}},"9":{"start":{"line":18,"column":6},"end":{"line":18,"column":41}},"10":{"start":{"line":20,"column":4},"end":{"line":23,"column":6}},"11":{"start":{"line":27,"column":2},"end":{"line":31,"column":3}},"12":{"start":{"line":28,"column":4},"end":{"line":28,"column":29}},"13":{"start":{"line":30,"column":4},"end":{"line":30,"column":59}},"14":{"start":{"line":33,"column":2},"end":{"line":35,"column":3}},"15":{"start":{"line":34,"column":4},"end":{"line":34,"column":75}},"16":{"start":{"line":37,"column":2},"end":{"line":37,"column":16}},"17":{"start":{"line":40,"column":35},"end":{"line":40,"column":39}},"18":{"start":{"line":47,"column":2},"end":{"line":47,"column":58}},"19":{"start":{"line":47,"column":51},"end":{"line":47,"column":58}},"20":{"start":{"line":48,"column":2},"end":{"line":48,"column":23}},"21":{"start":{"line":52,"column":2},"end":{"line":54,"column":3}},"22":{"start":{"line":53,"column":4},"end":{"line":53,"column":37}},"23":{"start":{"line":55,"column":2},"end":{"line":55,"column":23}},"24":{"start":{"line":59,"column":17},"end":{"line":59,"column":76}},"25":{"start":{"line":60,"column":2},"end":{"line":60,"column":50}},"26":{"start":{"line":74,"column":4},"end":{"line":74,"column":19}},"27":{"start":{"line":75,"column":4},"end":{"line":75,"column":27}},"28":{"start":{"line":94,"column":2},"end":{"line":94,"column":37}},"29":{"start":{"line":94,"column":20},"end":{"line":94,"column":37}},"30":{"start":{"line":95,"column":2},"end":{"line":95,"column":44}},"31":{"start":{"line":95,"column":22},"end":{"line":95,"column":44}},"32":{"start":{"line":96,"column":2},"end":{"line":96,"column":41}},"33":{"start":{"line":96,"column":22},"end":{"line":96,"column":41}},"34":{"start":{"line":97,"column":2},"end":{"line":97,"column":41}},"35":{"start":{"line":97,"column":22},"end":{"line":97,"column":41}},"36":{"start":{"line":98,"column":2},"end":{"line":98,"column":40}},"37":{"start":{"line":98,"column":22},"end":{"line":98,"column":40}},"38":{"start":{"line":99,"column":2},"end":{"line":99,"column":42}},"39":{"start":{"line":99,"column":22},"end":{"line":99,"column":42}},"40":{"start":{"line":100,"column":2},"end":{"line":100,"column":44}},"41":{"start":{"line":100,"column":22},"end":{"line":100,"column":44}},"42":{"start":{"line":101,"column":2},"end":{"line":101,"column":43}},"43":{"start":{"line":101,"column":21},"end":{"line":101,"column":43}},"44":{"start":{"line":102,"column":2},"end":{"line":102,"column":41}},"45":{"start":{"line":102,"column":21},"end":{"line":102,"column":41}},"46":{"start":{"line":103,"column":2},"end":{"line":103,"column":19}},"47":{"start":{"line":107,"column":2},"end":{"line":107,"column":44}},"48":{"start":{"line":107,"column":32},"end":{"line":107,"column":44}},"49":{"start":{"line":108,"column":2},"end":{"line":125,"column":3}},"50":{"start":{"line":110,"column":6},"end":{"line":110,"column":28}},"51":{"start":{"line":112,"column":6},"end":{"line":112,"column":25}},"52":{"start":{"line":114,"column":6},"end":{"line":114,"column":25}},"53":{"start":{"line":116,"column":6},"end":{"line":116,"column":24}},"54":{"start":{"line":118,"column":6},"end":{"line":118,"column":28}},"55":{"start":{"line":120,"column":6},"end":{"line":120,"column":26}},"56":{"start":{"line":122,"column":6},"end":{"line":122,"column":28}},"57":{"start":{"line":124,"column":6},"end":{"line":124,"column":18}},"58":{"start":{"line":129,"column":2},"end":{"line":129,"column":51}},"59":{"start":{"line":129,"column":33},"end":{"line":129,"column":51}},"60":{"start":{"line":130,"column":2},"end":{"line":130,"column":51}},"61":{"start":{"line":130,"column":34},"end":{"line":130,"column":51}},"62":{"start":{"line":131,"column":2},"end":{"line":131,"column":19}},"63":{"start":{"line":148,"column":54},"end":{"line":148,"column":58}},"64":{"start":{"line":149,"column":52},"end":{"line":149,"column":56}},"65":{"start":{"line":150,"column":44},"end":{"line":150,"column":48}},"66":{"start":{"line":151,"column":49},"end":{"line":151,"column":53}},"67":{"start":{"line":165,"column":2},"end":{"line":165,"column":68}},"68":{"start":{"line":165,"column":47},"end":{"line":165,"column":68}},"69":{"start":{"line":166,"column":2},"end":{"line":170,"column":3}},"70":{"start":{"line":167,"column":4},"end":{"line":167,"column":25}},"71":{"start":{"line":169,"column":4},"end":{"line":169,"column":27}},"72":{"start":{"line":175,"column":2},"end":{"line":179,"column":3}},"73":{"start":{"line":176,"column":4},"end":{"line":176,"column":52}},"74":{"start":{"line":187,"column":2},"end":{"line":193,"column":5}},"75":{"start":{"line":198,"column":2},"end":{"line":198,"column":51}},"76":{"start":{"line":198,"column":39},"end":{"line":198,"column":51}},"77":{"start":{"line":199,"column":2},"end":{"line":199,"column":61}},"78":{"start":{"line":203,"column":2},"end":{"line":203,"column":32}},"79":{"start":{"line":207,"column":2},"end":{"line":207,"column":27}},"80":{"start":{"line":212,"column":26},"end":{"line":212,"column":46}},"81":{"start":{"line":213,"column":33},"end":{"line":213,"column":54}},"82":{"start":{"line":214,"column":42},"end":{"line":214,"column":46}},"83":{"start":{"line":220,"column":2},"end":{"line":225,"column":3}},"84":{"start":{"line":221,"column":25},"end":{"line":221,"column":60}},"85":{"start":{"line":222,"column":4},"end":{"line":222,"column":42}},"86":{"start":{"line":222,"column":22},"end":{"line":222,"column":42}},"87":{"start":{"line":224,"column":4},"end":{"line":224,"column":54}},"88":{"start":{"line":227,"column":2},"end":{"line":244,"column":3}},"89":{"start":{"line":228,"column":24},"end":{"line":228,"column":65}},"90":{"start":{"line":229,"column":4},"end":{"line":229,"column":34}},"91":{"start":{"line":229,"column":22},"end":{"line":229,"column":34}},"92":{"start":{"line":230,"column":4},"end":{"line":234,"column":5}},"93":{"start":{"line":231,"column":6},"end":{"line":231,"column":55}},"94":{"start":{"line":233,"column":6},"end":{"line":233,"column":56}},"95":{"start":{"line":235,"column":4},"end":{"line":239,"column":5}},"96":{"start":{"line":236,"column":6},"end":{"line":236,"column":51}},"97":{"start":{"line":238,"column":6},"end":{"line":238,"column":58}},"98":{"start":{"line":240,"column":4},"end":{"line":240,"column":23}},"99":{"start":{"line":242,"column":4},"end":{"line":242,"column":54}},"100":{"start":{"line":243,"column":4},"end":{"line":243,"column":16}},"101":{"start":{"line":251,"column":2},"end":{"line":256,"column":3}},"102":{"start":{"line":252,"column":25},"end":{"line":252,"column":56}},"103":{"start":{"line":253,"column":4},"end":{"line":253,"column":42}},"104":{"start":{"line":253,"column":22},"end":{"line":253,"column":42}},"105":{"start":{"line":255,"column":4},"end":{"line":255,"column":55}},"106":{"start":{"line":258,"column":2},"end":{"line":275,"column":3}},"107":{"start":{"line":259,"column":24},"end":{"line":259,"column":61}},"108":{"start":{"line":260,"column":4},"end":{"line":260,"column":34}},"109":{"start":{"line":260,"column":22},"end":{"line":260,"column":34}},"110":{"start":{"line":261,"column":4},"end":{"line":265,"column":5}},"111":{"start":{"line":262,"column":6},"end":{"line":262,"column":51}},"112":{"start":{"line":264,"column":6},"end":{"line":264,"column":57}},"113":{"start":{"line":266,"column":4},"end":{"line":270,"column":5}},"114":{"start":{"line":267,"column":6},"end":{"line":267,"column":47}},"115":{"start":{"line":269,"column":6},"end":{"line":269,"column":59}},"116":{"start":{"line":271,"column":4},"end":{"line":271,"column":23}},"117":{"start":{"line":273,"column":4},"end":{"line":273,"column":55}},"118":{"start":{"line":274,"column":4},"end":{"line":274,"column":16}},"119":{"start":{"line":278,"column":35},"end":{"line":339,"column":1}},"120":{"start":{"line":280,"column":4},"end":{"line":280,"column":58}},"121":{"start":{"line":280,"column":30},"end":{"line":280,"column":58}},"122":{"start":{"line":281,"column":19},"end":{"line":284,"column":5}},"123":{"start":{"line":285,"column":4},"end":{"line":288,"column":5}},"124":{"start":{"line":286,"column":6},"end":{"line":286,"column":36}},"125":{"start":{"line":287,"column":6},"end":{"line":287,"column":20}},"126":{"start":{"line":289,"column":4},"end":{"line":289,"column":55}},"127":{"start":{"line":289,"column":43},"end":{"line":289,"column":55}},"128":{"start":{"line":290,"column":21},"end":{"line":293,"column":5}},"129":{"start":{"line":294,"column":4},"end":{"line":297,"column":5}},"130":{"start":{"line":295,"column":6},"end":{"line":295,"column":38}},"131":{"start":{"line":296,"column":6},"end":{"line":296,"column":22}},"132":{"start":{"line":298,"column":4},"end":{"line":298,"column":16}},"133":{"start":{"line":301,"column":4},"end":{"line":301,"column":33}},"134":{"start":{"line":302,"column":4},"end":{"line":307,"column":5}},"135":{"start":{"line":303,"column":6},"end":{"line":303,"column":63}},"136":{"start":{"line":304,"column":6},"end":{"line":304,"column":13}},"137":{"start":{"line":306,"column":6},"end":{"line":306,"column":56}},"138":{"start":{"line":308,"column":4},"end":{"line":308,"column":50}},"139":{"start":{"line":308,"column":43},"end":{"line":308,"column":50}},"140":{"start":{"line":309,"column":4},"end":{"line":313,"column":5}},"141":{"start":{"line":310,"column":6},"end":{"line":310,"column":59}},"142":{"start":{"line":312,"column":6},"end":{"line":312,"column":57}},"143":{"start":{"line":316,"column":4},"end":{"line":316,"column":32}},"144":{"start":{"line":317,"column":4},"end":{"line":321,"column":5}},"145":{"start":{"line":318,"column":6},"end":{"line":318,"column":59}},"146":{"start":{"line":320,"column":6},"end":{"line":320,"column":58}},"147":{"start":{"line":322,"column":4},"end":{"line":326,"column":5}},"148":{"start":{"line":323,"column":6},"end":{"line":323,"column":66}},"149":{"start":{"line":325,"column":6},"end":{"line":325,"column":58}},"150":{"start":{"line":327,"column":4},"end":{"line":327,"column":50}},"151":{"start":{"line":327,"column":43},"end":{"line":327,"column":50}},"152":{"start":{"line":328,"column":4},"end":{"line":332,"column":5}},"153":{"start":{"line":329,"column":6},"end":{"line":329,"column":55}},"154":{"start":{"line":331,"column":6},"end":{"line":331,"column":59}},"155":{"start":{"line":333,"column":4},"end":{"line":337,"column":5}},"156":{"start":{"line":334,"column":6},"end":{"line":334,"column":62}},"157":{"start":{"line":336,"column":6},"end":{"line":336,"column":59}},"158":{"start":{"line":341,"column":28},"end":{"line":402,"column":1}},"159":{"start":{"line":343,"column":4},"end":{"line":343,"column":44}},"160":{"start":{"line":343,"column":23},"end":{"line":343,"column":44}},"161":{"start":{"line":345,"column":19},"end":{"line":345,"column":80}},"162":{"start":{"line":346,"column":4},"end":{"line":349,"column":5}},"163":{"start":{"line":347,"column":6},"end":{"line":347,"column":29}},"164":{"start":{"line":348,"column":6},"end":{"line":348,"column":20}},"165":{"start":{"line":351,"column":4},"end":{"line":351,"column":55}},"166":{"start":{"line":351,"column":43},"end":{"line":351,"column":55}},"167":{"start":{"line":352,"column":21},"end":{"line":352,"column":81}},"168":{"start":{"line":353,"column":4},"end":{"line":356,"column":5}},"169":{"start":{"line":354,"column":6},"end":{"line":354,"column":31}},"170":{"start":{"line":355,"column":6},"end":{"line":355,"column":22}},"171":{"start":{"line":358,"column":4},"end":{"line":358,"column":16}},"172":{"start":{"line":361,"column":4},"end":{"line":361,"column":26}},"173":{"start":{"line":362,"column":4},"end":{"line":367,"column":5}},"174":{"start":{"line":363,"column":6},"end":{"line":363,"column":55}},"175":{"start":{"line":364,"column":6},"end":{"line":364,"column":13}},"176":{"start":{"line":366,"column":6},"end":{"line":366,"column":56}},"177":{"start":{"line":368,"column":4},"end":{"line":368,"column":50}},"178":{"start":{"line":368,"column":43},"end":{"line":368,"column":50}},"179":{"start":{"line":369,"column":4},"end":{"line":374,"column":5}},"180":{"start":{"line":370,"column":6},"end":{"line":370,"column":51}},"181":{"start":{"line":372,"column":6},"end":{"line":372,"column":57}},"182":{"start":{"line":373,"column":6},"end":{"line":373,"column":52}},"183":{"start":{"line":377,"column":4},"end":{"line":377,"column":25}},"184":{"start":{"line":378,"column":4},"end":{"line":382,"column":5}},"185":{"start":{"line":379,"column":6},"end":{"line":379,"column":51}},"186":{"start":{"line":381,"column":6},"end":{"line":381,"column":58}},"187":{"start":{"line":383,"column":4},"end":{"line":387,"column":5}},"188":{"start":{"line":384,"column":6},"end":{"line":384,"column":58}},"189":{"start":{"line":386,"column":6},"end":{"line":386,"column":58}},"190":{"start":{"line":388,"column":4},"end":{"line":388,"column":50}},"191":{"start":{"line":388,"column":43},"end":{"line":388,"column":50}},"192":{"start":{"line":389,"column":4},"end":{"line":394,"column":5}},"193":{"start":{"line":390,"column":6},"end":{"line":390,"column":47}},"194":{"start":{"line":392,"column":6},"end":{"line":392,"column":59}},"195":{"start":{"line":393,"column":6},"end":{"line":393,"column":54}},"196":{"start":{"line":395,"column":4},"end":{"line":400,"column":5}},"197":{"start":{"line":396,"column":6},"end":{"line":396,"column":54}},"198":{"start":{"line":398,"column":6},"end":{"line":398,"column":59}},"199":{"start":{"line":399,"column":6},"end":{"line":399,"column":54}},"200":{"start":{"line":407,"column":2},"end":{"line":409,"column":5}},"201":{"start":{"line":408,"column":4},"end":{"line":408,"column":28}},"202":{"start":{"line":413,"column":21},"end":{"line":413,"column":64}},"203":{"start":{"line":414,"column":17},"end":{"line":414,"column":96}},"204":{"start":{"line":415,"column":2},"end":{"line":426,"column":3}},"205":{"start":{"line":416,"column":4},"end":{"line":418,"column":5}},"206":{"start":{"line":417,"column":6},"end":{"line":417,"column":37}},"207":{"start":{"line":419,"column":24},"end":{"line":419,"column":135}},"208":{"start":{"line":420,"column":4},"end":{"line":422,"column":5}},"209":{"start":{"line":421,"column":6},"end":{"line":421,"column":65}},"210":{"start":{"line":423,"column":4},"end":{"line":423,"column":16}},"211":{"start":{"line":425,"column":4},"end":{"line":425,"column":16}},"212":{"start":{"line":430,"column":16},"end":{"line":430,"column":32}},"213":{"start":{"line":431,"column":2},"end":{"line":431,"column":38}},"214":{"start":{"line":431,"column":26},"end":{"line":431,"column":38}},"215":{"start":{"line":432,"column":21},"end":{"line":432,"column":46}},"216":{"start":{"line":433,"column":2},"end":{"line":433,"column":31}},"217":{"start":{"line":433,"column":19},"end":{"line":433,"column":31}},"218":{"start":{"line":434,"column":2},"end":{"line":440,"column":3}},"219":{"start":{"line":435,"column":28},"end":{"line":435,"column":50}},"220":{"start":{"line":436,"column":4},"end":{"line":436,"column":84}},"221":{"start":{"line":436,"column":72},"end":{"line":436,"column":84}},"222":{"start":{"line":437,"column":4},"end":{"line":437,"column":45}},"223":{"start":{"line":439,"column":4},"end":{"line":439,"column":16}},"224":{"start":{"line":444,"column":18},"end":{"line":444,"column":41}},"225":{"start":{"line":445,"column":2},"end":{"line":445,"column":28}},"226":{"start":{"line":445,"column":16},"end":{"line":445,"column":28}},"227":{"start":{"line":446,"column":14},"end":{"line":446,"column":25}},"228":{"start":{"line":447,"column":2},"end":{"line":447,"column":66}},"229":{"start":{"line":447,"column":55},"end":{"line":447,"column":66}},"230":{"start":{"line":448,"column":2},"end":{"line":451,"column":3}},"231":{"start":{"line":449,"column":20},"end":{"line":449,"column":31}},"232":{"start":{"line":450,"column":4},"end":{"line":450,"column":49}},"233":{"start":{"line":450,"column":34},"end":{"line":450,"column":49}},"234":{"start":{"line":452,"column":2},"end":{"line":452,"column":14}},"235":{"start":{"line":456,"column":2},"end":{"line":456,"column":39}},"236":{"start":{"line":461,"column":2},"end":{"line":461,"column":45}},"237":{"start":{"line":461,"column":32},"end":{"line":461,"column":45}},"238":{"start":{"line":462,"column":14},"end":{"line":462,"column":32}},"239":{"start":{"line":464,"column":2},"end":{"line":464,"column":31}},"240":{"start":{"line":464,"column":19},"end":{"line":464,"column":31}},"241":{"start":{"line":465,"column":17},"end":{"line":465,"column":46}},"242":{"start":{"line":466,"column":2},"end":{"line":466,"column":48}},"243":{"start":{"line":470,"column":2},"end":{"line":475,"column":4}},"244":{"start":{"line":479,"column":12},"end":{"line":479,"column":43}},"245":{"start":{"line":480,"column":2},"end":{"line":480,"column":37}},"246":{"start":{"line":484,"column":2},"end":{"line":484,"column":72}},"247":{"start":{"line":484,"column":59},"end":{"line":484,"column":72}},"248":{"start":{"line":485,"column":2},"end":{"line":489,"column":3}},"249":{"start":{"line":486,"column":4},"end":{"line":486,"column":90}},"250":{"start":{"line":486,"column":78},"end":{"line":486,"column":90}},"251":{"start":{"line":487,"column":4},"end":{"line":487,"column":74}},"252":{"start":{"line":487,"column":62},"end":{"line":487,"column":74}},"253":{"start":{"line":488,"column":4},"end":{"line":488,"column":17}},"254":{"start":{"line":490,"column":2},"end":{"line":490,"column":15}},"255":{"start":{"line":494,"column":19},"end":{"line":494,"column":44}},"256":{"start":{"line":495,"column":2},"end":{"line":519,"column":3}},"257":{"start":{"line":496,"column":17},"end":{"line":496,"column":38}},"258":{"start":{"line":497,"column":4},"end":{"line":506,"column":5}},"259":{"start":{"line":504,"column":30},"end":{"line":504,"column":75}},"260":{"start":{"line":505,"column":6},"end":{"line":505,"column":96}},"261":{"start":{"line":505,"column":73},"end":{"line":505,"column":96}},"262":{"start":{"line":507,"column":4},"end":{"line":510,"column":5}},"263":{"start":{"line":508,"column":25},"end":{"line":508,"column":64}},"264":{"start":{"line":509,"column":6},"end":{"line":509,"column":81}},"265":{"start":{"line":509,"column":63},"end":{"line":509,"column":81}},"266":{"start":{"line":511,"column":4},"end":{"line":511,"column":20}},"267":{"start":{"line":513,"column":4},"end":{"line":518,"column":5}},"268":{"start":{"line":514,"column":19},"end":{"line":514,"column":40}},"269":{"start":{"line":515,"column":6},"end":{"line":515,"column":38}},"270":{"start":{"line":517,"column":6},"end":{"line":517,"column":22}},"271":{"start":{"line":528,"column":19},"end":{"line":528,"column":44}},"272":{"start":{"line":529,"column":2},"end":{"line":564,"column":3}},"273":{"start":{"line":530,"column":17},"end":{"line":530,"column":38}},"274":{"start":{"line":531,"column":4},"end":{"line":553,"column":5}},"275":{"start":{"line":538,"column":22},"end":{"line":543,"column":7}},"276":{"start":{"line":544,"column":6},"end":{"line":552,"column":8}},"277":{"start":{"line":554,"column":4},"end":{"line":559,"column":5}},"278":{"start":{"line":555,"column":25},"end":{"line":555,"column":64}},"279":{"start":{"line":556,"column":6},"end":{"line":558,"column":7}},"280":{"start":{"line":557,"column":8},"end":{"line":557,"column":39}},"281":{"start":{"line":560,"column":4},"end":{"line":560,"column":33}},"282":{"start":{"line":562,"column":20},"end":{"line":562,"column":53}},"283":{"start":{"line":563,"column":4},"end":{"line":563,"column":23}},"284":{"start":{"line":568,"column":2},"end":{"line":570,"column":3}},"285":{"start":{"line":569,"column":4},"end":{"line":569,"column":40}},"286":{"start":{"line":573,"column":17},"end":{"line":573,"column":49}},"287":{"start":{"line":574,"column":2},"end":{"line":588,"column":3}},"288":{"start":{"line":575,"column":4},"end":{"line":587,"column":5}},"289":{"start":{"line":576,"column":21},"end":{"line":576,"column":36}},"290":{"start":{"line":577,"column":16},"end":{"line":577,"column":51}},"291":{"start":{"line":578,"column":32},"end":{"line":581,"column":66}},"292":{"start":{"line":581,"column":27},"end":{"line":581,"column":65}},"293":{"start":{"line":582,"column":6},"end":{"line":584,"column":7}},"294":{"start":{"line":583,"column":8},"end":{"line":583,"column":20}},"295":{"start":{"line":590,"column":2},"end":{"line":590,"column":61}},"296":{"start":{"line":590,"column":49},"end":{"line":590,"column":61}},"297":{"start":{"line":591,"column":2},"end":{"line":591,"column":65}},"298":{"start":{"line":591,"column":53},"end":{"line":591,"column":65}},"299":{"start":{"line":592,"column":2},"end":{"line":592,"column":22}},"300":{"start":{"line":596,"column":2},"end":{"line":596,"column":35}},"301":{"start":{"line":596,"column":28},"end":{"line":596,"column":35}},"302":{"start":{"line":597,"column":2},"end":{"line":600,"column":3}},"303":{"start":{"line":598,"column":4},"end":{"line":598,"column":34}},"304":{"start":{"line":599,"column":4},"end":{"line":599,"column":11}},"305":{"start":{"line":601,"column":2},"end":{"line":605,"column":7}},"306":{"start":{"line":602,"column":16},"end":{"line":602,"column":39}},"307":{"start":{"line":604,"column":6},"end":{"line":604,"column":37}},"308":{"start":{"line":606,"column":2},"end":{"line":606,"column":32}},"309":{"start":{"line":614,"column":2},"end":{"line":614,"column":35}},"310":{"start":{"line":614,"column":23},"end":{"line":614,"column":35}},"311":{"start":{"line":615,"column":2},"end":{"line":615,"column":38}},"312":{"start":{"line":615,"column":19},"end":{"line":615,"column":38}},"313":{"start":{"line":616,"column":2},"end":{"line":620,"column":7}},"314":{"start":{"line":617,"column":16},"end":{"line":617,"column":33}},"315":{"start":{"line":619,"column":6},"end":{"line":619,"column":25}},"316":{"start":{"line":621,"column":2},"end":{"line":621,"column":21}},"317":{"start":{"line":625,"column":14},"end":{"line":625,"column":38}},"318":{"start":{"line":626,"column":2},"end":{"line":636,"column":3}},"319":{"start":{"line":627,"column":27},"end":{"line":627,"column":50}},"320":{"start":{"line":628,"column":4},"end":{"line":635,"column":5}},"321":{"start":{"line":629,"column":6},"end":{"line":629,"column":45}},"322":{"start":{"line":630,"column":6},"end":{"line":630,"column":29}},"323":{"start":{"line":632,"column":6},"end":{"line":632,"column":77}},"324":{"start":{"line":633,"column":6},"end":{"line":633,"column":41}},"325":{"start":{"line":634,"column":6},"end":{"line":634,"column":65}},"326":{"start":{"line":637,"column":20},"end":{"line":637,"column":62}},"327":{"start":{"line":639,"column":42},"end":{"line":643,"column":3}},"328":{"start":{"line":645,"column":2},"end":{"line":647,"column":3}},"329":{"start":{"line":646,"column":4},"end":{"line":646,"column":49}},"330":{"start":{"line":649,"column":18},"end":{"line":649,"column":30}},"331":{"start":{"line":650,"column":21},"end":{"line":650,"column":42}},"332":{"start":{"line":651,"column":23},"end":{"line":651,"column":37}},"333":{"start":{"line":652,"column":2},"end":{"line":654,"column":3}},"334":{"start":{"line":653,"column":4},"end":{"line":653,"column":56}},"335":{"start":{"line":656,"column":24},"end":{"line":656,"column":48}},"336":{"start":{"line":656,"column":30},"end":{"line":656,"column":48}},"337":{"start":{"line":657,"column":2},"end":{"line":657,"column":90}},"338":{"start":{"line":657,"column":20},"end":{"line":657,"column":90}},"339":{"start":{"line":659,"column":20},"end":{"line":659,"column":67}},"340":{"start":{"line":659,"column":37},"end":{"line":659,"column":55}},"341":{"start":{"line":662,"column":2},"end":{"line":679,"column":3}},"342":{"start":{"line":663,"column":4},"end":{"line":667,"column":7}},"343":{"start":{"line":669,"column":4},"end":{"line":674,"column":5}},"344":{"start":{"line":670,"column":6},"end":{"line":672,"column":7}},"345":{"start":{"line":671,"column":8},"end":{"line":671,"column":60}},"346":{"start":{"line":673,"column":6},"end":{"line":673,"column":58}},"347":{"start":{"line":675,"column":4},"end":{"line":675,"column":63}},"348":{"start":{"line":677,"column":4},"end":{"line":677,"column":28}},"349":{"start":{"line":678,"column":4},"end":{"line":678,"column":79}},"350":{"start":{"line":678,"column":22},"end":{"line":678,"column":79}},"351":{"start":{"line":681,"column":2},"end":{"line":693,"column":3}},"352":{"start":{"line":682,"column":24},"end":{"line":682,"column":57}},"353":{"start":{"line":683,"column":29},"end":{"line":683,"column":85}},"354":{"start":{"line":684,"column":27},"end":{"line":684,"column":68}},"355":{"start":{"line":685,"column":4},"end":{"line":692,"column":6}},"356":{"start":{"line":696,"column":2},"end":{"line":698,"column":3}},"357":{"start":{"line":697,"column":4},"end":{"line":697,"column":26}},"358":{"start":{"line":700,"column":18},"end":{"line":700,"column":52}},"359":{"start":{"line":701,"column":2},"end":{"line":703,"column":3}},"360":{"start":{"line":702,"column":4},"end":{"line":702,"column":41}},"361":{"start":{"line":704,"column":2},"end":{"line":704,"column":22}},"362":{"start":{"line":708,"column":17},"end":{"line":708,"column":56}},"363":{"start":{"line":709,"column":21},"end":{"line":709,"column":64}},"364":{"start":{"line":711,"column":16},"end":{"line":711,"column":17}},"365":{"start":{"line":712,"column":23},"end":{"line":712,"column":28}},"366":{"start":{"line":714,"column":2},"end":{"line":743,"column":3}},"367":{"start":{"line":715,"column":4},"end":{"line":742,"column":5}},"368":{"start":{"line":716,"column":6},"end":{"line":716,"column":49}},"369":{"start":{"line":719,"column":6},"end":{"line":735,"column":7}},"370":{"start":{"line":725,"column":8},"end":{"line":725,"column":30}},"371":{"start":{"line":726,"column":25},"end":{"line":726,"column":48}},"372":{"start":{"line":727,"column":8},"end":{"line":730,"column":9}},"373":{"start":{"line":728,"column":10},"end":{"line":728,"column":43}},"374":{"start":{"line":729,"column":10},"end":{"line":729,"column":19}},"375":{"start":{"line":732,"column":8},"end":{"line":732,"column":79}},"376":{"start":{"line":733,"column":8},"end":{"line":733,"column":43}},"377":{"start":{"line":734,"column":8},"end":{"line":734,"column":20}},"378":{"start":{"line":736,"column":6},"end":{"line":738,"column":7}},"379":{"start":{"line":737,"column":8},"end":{"line":737,"column":20}},"380":{"start":{"line":739,"column":22},"end":{"line":739,"column":96}},"381":{"start":{"line":740,"column":6},"end":{"line":740,"column":19}},"382":{"start":{"line":741,"column":6},"end":{"line":741,"column":27}},"383":{"start":{"line":746,"column":19},"end":{"line":773,"column":1}},"384":{"start":{"line":748,"column":4},"end":{"line":748,"column":77}},"385":{"start":{"line":751,"column":4},"end":{"line":755,"column":6}},"386":{"start":{"line":758,"column":4},"end":{"line":762,"column":6}},"387":{"start":{"line":765,"column":4},"end":{"line":769,"column":6}},"388":{"start":{"line":772,"column":4},"end":{"line":772,"column":80}}},"fnMap":{"0":{"name":"resolveBaseUrl","decl":{"start":{"line":12,"column":9},"end":{"line":12,"column":23}},"loc":{"start":{"line":12,"column":34},"end":{"line":38,"column":1}},"line":12},"1":{"name":"resetApiBaseUrlCacheForTests","decl":{"start":{"line":46,"column":16},"end":{"line":46,"column":44}},"loc":{"start":{"line":46,"column":53},"end":{"line":49,"column":1}},"line":46},"2":{"name":"getBaseUrl","decl":{"start":{"line":51,"column":9},"end":{"line":51,"column":19}},"loc":{"start":{"line":51,"column":30},"end":{"line":56,"column":1}},"line":51},"3":{"name":"getRequestTimeoutMs","decl":{"start":{"line":58,"column":9},"end":{"line":58,"column":28}},"loc":{"start":{"line":58,"column":39},"end":{"line":61,"column":1}},"line":58},"4":{"name":"(anonymous_4)","decl":{"start":{"line":66,"column":2},"end":{"line":66,"column":3}},"loc":{"start":{"line":73,"column":4},"end":{"line":76,"column":3}},"line":73},"5":{"name":"classifyApiErrorByStatus","decl":{"start":{"line":93,"column":9},"end":{"line":93,"column":33}},"loc":{"start":{"line":93,"column":64},"end":{"line":104,"column":1}},"line":93},"6":{"name":"classifyApiErrorByContractCode","decl":{"start":{"line":106,"column":9},"end":{"line":106,"column":39}},"loc":{"start":{"line":106,"column":76},"end":{"line":126,"column":1}},"line":106},"7":{"name":"classifyApiError","decl":{"start":{"line":128,"column":16},"end":{"line":128,"column":32}},"loc":{"start":{"line":128,"column":63},"end":{"line":132,"column":1}},"line":128},"8":{"name":"toErrorMessage","decl":{"start":{"line":164,"column":9},"end":{"line":164,"column":23}},"loc":{"start":{"line":164,"column":48},"end":{"line":171,"column":1}},"line":164},"9":{"name":"reportStorageTelemetry","decl":{"start":{"line":174,"column":9},"end":{"line":174,"column":31}},"loc":{"start":{"line":174,"column":68},"end":{"line":180,"column":1}},"line":174},"10":{"name":"trackStorageFailure","decl":{"start":{"line":182,"column":9},"end":{"line":182,"column":28}},"loc":{"start":{"line":186,"column":8},"end":{"line":194,"column":1}},"line":186},"11":{"name":"allowInsecureAsyncTokenStorage","decl":{"start":{"line":196,"column":9},"end":{"line":196,"column":39}},"loc":{"start":{"line":196,"column":51},"end":{"line":200,"column":1}},"line":196},"12":{"name":"setUnauthorizedHandler","decl":{"start":{"line":202,"column":16},"end":{"line":202,"column":38}},"loc":{"start":{"line":202,"column":76},"end":{"line":204,"column":1}},"line":202},"13":{"name":"setRefreshHandler","decl":{"start":{"line":206,"column":16},"end":{"line":206,"column":33}},"loc":{"start":{"line":206,"column":66},"end":{"line":208,"column":1}},"line":206},"14":{"name":"getSecureItemWithMigration","decl":{"start":{"line":216,"column":15},"end":{"line":216,"column":41}},"loc":{"start":{"line":219,"column":26},"end":{"line":245,"column":1}},"line":219},"15":{"name":"getAsyncItemWithMigration","decl":{"start":{"line":247,"column":15},"end":{"line":247,"column":40}},"loc":{"start":{"line":250,"column":26},"end":{"line":276,"column":1}},"line":250},"16":{"name":"(anonymous_16)","decl":{"start":{"line":279,"column":7},"end":{"line":279,"column":8}},"loc":{"start":{"line":279,"column":19},"end":{"line":299,"column":3}},"line":279},"17":{"name":"(anonymous_17)","decl":{"start":{"line":300,"column":7},"end":{"line":300,"column":8}},"loc":{"start":{"line":300,"column":32},"end":{"line":314,"column":3}},"line":300},"18":{"name":"(anonymous_18)","decl":{"start":{"line":315,"column":9},"end":{"line":315,"column":10}},"loc":{"start":{"line":315,"column":21},"end":{"line":338,"column":3}},"line":315},"19":{"name":"(anonymous_19)","decl":{"start":{"line":342,"column":7},"end":{"line":342,"column":8}},"loc":{"start":{"line":342,"column":19},"end":{"line":359,"column":3}},"line":342},"20":{"name":"(anonymous_20)","decl":{"start":{"line":360,"column":7},"end":{"line":360,"column":8}},"loc":{"start":{"line":360,"column":32},"end":{"line":375,"column":3}},"line":360},"21":{"name":"(anonymous_21)","decl":{"start":{"line":376,"column":9},"end":{"line":376,"column":10}},"loc":{"start":{"line":376,"column":21},"end":{"line":401,"column":3}},"line":376},"22":{"name":"sleep","decl":{"start":{"line":406,"column":9},"end":{"line":406,"column":14}},"loc":{"start":{"line":406,"column":27},"end":{"line":410,"column":1}},"line":406},"23":{"name":"(anonymous_23)","decl":{"start":{"line":407,"column":21},"end":{"line":407,"column":22}},"loc":{"start":{"line":407,"column":34},"end":{"line":409,"column":3}},"line":407},"24":{"name":"decodeBase64Url","decl":{"start":{"line":412,"column":9},"end":{"line":412,"column":24}},"loc":{"start":{"line":412,"column":55},"end":{"line":427,"column":1}},"line":412},"25":{"name":"decodeJwtPayload","decl":{"start":{"line":429,"column":16},"end":{"line":429,"column":32}},"loc":{"start":{"line":429,"column":80},"end":{"line":441,"column":1}},"line":429},"26"
[...]
},"end":{"line":25,"column":1}},"line":23},"1":{"name":"mapReportServiceError","decl":{"start":{"line":27,"column":9},"end":{"line":27,"column":30}},"loc":{"start":{"line":27,"column":55},"end":{"line":32,"column":1}},"line":27},"2":{"name":"mapPickerReportsListError","decl":{"start":{"line":34,"column":9},"end":{"line":34,"column":34}},"loc":{"start":{"line":34,"column":59},"end":{"line":39,"column":1}},"line":34},"3":{"name":"mapPickerReportsErrorKind","decl":{"start":{"line":41,"column":9},"end":{"line":41,"column":34}},"loc":{"start":{"line":41,"column":69},"end":{"line":48,"column":1}},"line":41},"4":{"name":"isSubmittedReportShape","decl":{"start":{"line":50,"column":9},"end":{"line":50,"column":31}},"loc":{"start":{"line":50,"column":75},"end":{"line":54,"column":1}},"line":50},"5":{"name":"mapResponseItemToReport","decl":{"start":{"line":56,"column":9},"end":{"line":56,"column":32}},"loc":{"start":{"line":56,"column":63},"end":{"line":66,"column":1}},"line":56},"6":{"name":"submitImpl","decl":{"start":{"line":114,"column":15},"end":{"line":114,"column":25}},"loc":{"start":{"line":114,"column":72},"end":{"line":139,"column":1}},"line":114},"7":{"name":"getSubmittedByIdImpl","decl":{"start":{"line":141,"column":15},"end":{"line":141,"column":35}},"loc":{"start":{"line":141,"column":74},"end":{"line":165,"column":1}},"line":141},"8":{"name":"(anonymous_8)","decl":{"start":{"line":143,"column":45},"end":{"line":143,"column":46}},"loc":{"start":{"line":143,"column":55},"end":{"line":143,"column":69}},"line":143},"9":{"name":"getMySubmittedReportsImpl","decl":{"start":{"line":167,"column":15},"end":{"line":167,"column":40}},"loc":{"start":{"line":167,"column":71},"end":{"line":184,"column":1}},"line":167},"10":{"name":"getMyReportsForDisplayImpl","decl":{"start":{"line":186,"column":15},"end":{"line":186,"column":41}},"loc":{"start":{"line":186,"column":63},"end":{"line":210,"column":1}},"line":186},"11":{"name":"(anonymous_11)","decl":{"start":{"line":200,"column":14},"end":{"line":200,"column":15}},"loc":{"start":{"line":200,"column":44},"end":{"line":200,"column":59}},"line":200},"12":{"name":"getReportForDisplayByIdImpl","decl":{"start":{"line":212,"column":15},"end":{"line":212,"column":42}},"loc":{"start":{"line":212,"column":94},"end":{"line":243,"column":1}},"line":212},"13":{"name":"(anonymous_13)","decl":{"start":{"line":214,"column":48},"end":{"line":214,"column":49}},"loc":{"start":{"line":214,"column":58},"end":{"line":214,"column":72}},"line":214}},"branchMap":{"0":{"loc":{"start":{"line":43,"column":2},"end":{"line":43,"column":87}},"type":"if","locations":[{"start":{"line":43,"column":2},"end":{"line":43,"column":87}},{"start":{},"end":{}}],"line":43},"1":{"loc":{"start":{"line":43,"column":6},"end":{"line":43,"column":68}},"type":"binary-expr","locations":[{"start":{"line":43,"column":6},"end":{"line":43,"column":24}},{"start":{"line":43,"column":28},"end":{"line":43,"column":46}},{"start":{"line":43,"column":50},"end":{"line":43,"column":68}}],"line":43},"2":{"loc":{"start":{"line":44,"column":2},"end":{"line":44,"column":53}},"type":"if","locations":[{"start":{"line":44,"column":2},"end":{"line":44,"column":53}},{"start":{},"end":{}}],"line":44},"3":{"loc":{"start":{"line":45,"column":2},"end":{"line":45,"column":47}},"type":"if","locations":[{"start":{"line":45,"column":2},"end":{"line":45,"column":47}},{"start":{},"end":{}}],"line":45},"4":{"loc":{"start":{"line":46,"column":2},"end":{"line":46,"column":47}},"type":"if","locations":[{"start":{"line":46,"column":2},"end":{"line":46,"column":47}},{"start":{},"end":{}}],"line":46},"5":{"loc":{"start":{"line":51,"column":2},"end":{"line":51,"column":54}},"type":"if","locations":[{"start":{"line":51,"column":2},"end":{"line":51,"column":54}},{"start":{},"end":{}}],"line":51},"6":{"loc":{"start":{"line":51,"column":6},"end":{"line":51,"column":39}},"type":"binary-expr","locations":[{"start":{"line":51,"column":6},"end":{"line":51,"column":11}},{"start":{"line":51,"column":15},"end":{"line":51,"column":39}}],"line":51},"7":{"loc":{"start":{"line":53,"column":9},"end":{"line":53,"column":82}},"type":"binary-expr","locations":[{"start":{"line":53,"column":9},"end":{"line":53,"column":33}},{"start":{"line":53,"column":37},"end":{"line":53,"column":52}},{"start":{"line":53,"column":56},"end":{"line":53,"column":82}}],"line":53},"8":{"loc":{"start":{"line":57,"column":2},"end":{"line":57,"column":53}},"type":"if","locations":[{"start":{"line":57,"column":2},"end":{"line":57,"column":53}},{"start":{},"end":{}}],"line":57},"9":{"loc":{"start":{"line":57,"column":6},"end":{"line":57,"column":39}},"type":"binary-expr","locations":[{"start":{"line":57,"column":6},"end":{"line":57,"column":11}},{"start":{"line":57,"column":15},"end":{"line":57,"column":39}}],"line":57},"10":{"loc":{"start":{"line":59,"column":2},"end":{"line":61,"column":3}},"type":"if","locations":[{"start":{"line":59,"column":2},"end":{"line":61,"column":3}},{"start":{},"end":{}}],"line":59},"11":{"loc":{"start":{"line":62,"column":2},"end":{"line":64,"column":3}},"type":"if","locations":[{"start":{"line":62,"column":2},"end":{"line":64,"column":3}},{"start":{},"end":{}}],"line":62},"12":{"loc":{"start":{"line":115,"column":2},"end":{"line":126,"column":3}},"type":"if","locations":[{"start":{"line":115,"column":2},"end":{"line":126,"column":3}},{"start":{},"end":{}}],"line":115},"13":{"loc":{"start":{"line":142,"column":2},"end":{"line":152,"column":3}},"type":"if","locations":[{"start":{"line":142,"column":2},"end":{"line":152,"column":3}},{"start":{},"end":{}}],"line":142},"14":{"loc":{"start":{"line":144,"column":4},"end":{"line":150,"column":5}},"type":"if","locations":[{"start":{"line":144,"column":4},"end":{"line":150,"column":5}},{"start":{},"end":{}}],"line":144},"15":{"loc":{"start":{"line":168,"column":2},"end":{"line":170,"column":3}},"type":"if","locations":[{"start":{"line":168,"column":2},"end":{"line":170,"column":3}},{"start":{},"end":{}}],"line":168},"16":{"loc":{"start":{"line":174,"column":4},"end":{"line":174,"column":44}},"type":"if","locations":[{"start":{"line":174,"column":4},"end":{"line":174,"column":44}},{"start":{},"end":{}}],"line":174},"17":{"loc":{"start":{"line":187,"column":2},"end":{"line":189,"column":3}},"type":"if","locations":[{"start":{"line":187,"column":2},"end":{"line":189,"column":3}},{"start":{},"end":{}}],"line":187},"18":{"loc":{"start":{"line":194,"column":4},"end":{"line":196,"column":5}},"type":"if","locations":[{"start":{"line":194,"column":4},"end":{"line":196,"column":5}},{"start":{},"end":{}}],"line":194},"19":{"loc":{"start":{"line":197,"column":4},"end":{"line":197,"column":44}},"type":"if","locations":[{"start":{"line":197,"column":4},"end":{"line":197,"column":44}},{"start":{},"end":{}}],"line":197},"20":{"loc":{"start":{"line":202,"column":4},"end":{"line":202,"column":47}},"type":"if","locations":[{"start":{"line":202,"column":4},"end":{"line":202,"column":47}},{"start":{},"end":{}}],"line":202},"21":{"loc":{"start":{"line":213,"column":2},"end":{"line":223,"column":3}},"type":"if","locations":[{"start":{"line":213,"column":2},"end":{"line":223,"column":3}},{"start":{},"end":{}}],"line":213},"22":{"loc":{"start":{"line":215,"column":4},"end":{"line":221,"column":5}},"type":"if","locations":[{"start":{"line":215,"column":4},"end":{"line":221,"column":5}},{"start":{},"end":{}}],"line":215},"23":{"loc":{"start":{"line":228,"column":4},"end":{"line":228,"column":30}},"type":"if","locations":[{"start":{"line":228,"column":4},"end":{"line":228,"column":30}},{"start":{},"end":{}}],"line":228},"24":{"loc":{"start":{"line":235,"column":4},"end":{"line":235,"column":47}},"type":"if","locations":[{"start":{"line":235,"column":4},"end":{"line":235,"column":47}},{"start":{},"end":{}}],"line":235}},"s":{"0":0,"1":0,"2":0,"3":0,"4":0,"5":0,"6":0,"7":0,"8":0,"9":0,"10":0,"11":0,"12":0,"13":0,"14":0,"15":0,"16":0,"17":0,"18":0,"19":0,"20":0,"21":0,"22":0,"23":0,"24":0,"25":0,"26":0,"27":0,"28":0,"29":0,"30":0,"31":0,"32":0,"33":0,"34":0,"35":0,"36":0,"37":0,"38":0,"39":0,"40":0,"41":0,"42":0,"43":0,"44":0,"45":0,"46":0,"47":0,"48":0,"49":0,"50":0,"51":0,"52":0,"53":0,"54":0,"55":0,"56":0,"57":0,"58":0,"59":0,"60":0,"61":0,"62":0,"63":0,"64":0,"65":0,"66":0,"67":0,"68":0,"69":0,"70":0,"71":0,"72":0,"73":0,"74":0,"75":0,"76":0,"77":0,"78":0,"79":0,"80":0,"81":0},"f":{"0":0,"1":0,"2":0,"3":0,"4":0,"5":0,"6":0,"7":0,"8":0,"9":0,"10":0,"11":0,"12":0,"13":0},"b":{"0":[0,0],"1":[0,0,0],"2":[0,0],"3":[0,0],"4":[0,0],"5":[0,0],"6":[0,0],"7":[0,0,0],"8":[0,0],"9":[0,0],"10":[0,0],"11":[0,0],"12":[0,0],"13":[0,0],"14":[0,0],"15":[0,0],"16":[0,0],"17":[0,0],"18":[0,0],"19":[0,0],"20":[0,0],"21":[0,0],"22":[0,0],"23":[0,0],"24":[0,0]}}
,"C:\\Users\\alext\\Desktop\\indep-rn\\src\\services\\reportPdfService.ts": {"path":"C:\\Users\\alext\\Desktop\\indep-rn\\src\\services\\reportPdfService.ts","statementMap":{"0":{"start":{"line":6,"column":21},"end":{"line":13,"column":8}},"1":{"start":{"line":9,"column":24},"end":{"line":9,"column":94}},"2":{"start":{"line":10,"column":10},"end":{"line":10,"column":89}},"3":{"start":{"line":15,"column":18},"end":{"line":19,"column":8}},"4":{"start":{"line":17,"column":22},"end":{"line":17,"column":156}},"5":{"start":{"line":21,"column":24},"end":{"line":32,"column":71}},"6":{"start":{"line":24,"column":17},"end":{"line":29,"column":17}},"7":{"start":{"line":34,"column":2},"end":{"line":112,"column":9}},"8":{"start":{"line":85,"column":49},"end":{"line":85,"column":145}},"9":{"start":{"line":93,"column":48},"end":{"line":93,"column":144}},"10":{"start":{"line":116,"column":15},"end":{"line":116,"column":32}},"11":{"start":{"line":117,"column":18},"end":{"line":117,"column":71}},"12":{"start":{"line":119,"column":19},"end":{"line":119,"column":51}},"13":{"start":{"line":120,"column":2},"end":{"line":122,"column":3}},"14":{"start":{"line":121,"column":4},"end":{"line":121,"column":62}},"15":{"start":{"line":124,"column":2},"end":{"line":128,"column":5}}},"fnMap":{"0":{"name":"buildHtml","decl":{"start":{"line":5,"column":9},"end":{"line":5,"column":18}},"loc":{"start":{"line":5,"column":43},"end":{"line":113,"column":1}},"line":5},"1":{"name":"(anonymous_1)","decl":{"start":{"line":8,"column":13},"end":{"line":8,"column":14}},"loc":{"start":{"line":8,"column":20},"end":{"line":11,"column":9}},"line":8},"2":{"name":"(anonymous_2)","decl":{"start":{"line":17,"column":13},"end":{"line":17,"column":14}},"loc":{"start":{"line":17,"column":22},"end":{"line":17,"column":156}},"line":17},"3":{"name":"(anonymous_3)","decl":{"start":{"line":24,"column":10},"end":{"line":24,"column":11}},"loc":{"start":{"line":24,"column":17},"end":{"line":29,"column":17}},"line":24},"4":{"name":"(anonymous_4)","decl":{"start":{"line":85,"column":42},"end":{"line":85,"column":43}},"loc":{"start":{"line":85,"column":49},"end":{"line":85,"column":145}},"line":85},"5":{"name":"(anonymous_5)","decl":{"start":{"line":93,"column":41},"end":{"line":93,"column":42}},"loc":{"start":{"line":93,"column":48},"end":{"line":93,"column":144}},"line":93},"6":{"name":"downloadReportPdf","decl":{"start":{"line":115,"column":22},"end":{"line":115,"column":39}},"loc":{"start":{"line":115,"column":71},"end":{"line":129,"column":1}},"line":115}},"branchMap":{"0":{"loc":{"start":{"line":6,"column":21},"end":{"line":13,"column":8}},"type":"cond-expr","locations":[{"start":{"line":7,"column":6},"end":{"line":12,"column":17}},{"start":{"line":13,"column":6},"end":{"line":13,"column":8}}],"line":6},"1":{"loc":{"start":{"line":9,"column":24},"end":{"line":9,"column":94}},"type":"cond-expr","locations":[{"start":{"line":9,"column":42},"end":{"line":9,"column":51}},{"start":{"line":9,"column":54},"end":{"line":9,"column":94}}],"line":9},"2":{"loc":{"start":{"line":9,"column":54},"end":{"line":9,"column":94}},"type":"cond-expr","locations":[{"start":{"line":9,"column":73},"end":{"line":9,"column":82}},{"start":{"line":9,"column":85},"end":{"line":9,"column":94}}],"line":9},"3":{"loc":{"start":{"line":15,"column":18},"end":{"line":19,"column":8}},"type":"cond-expr","locations":[{"start":{"line":16,"column":6},"end":{"line":18,"column":17}},{"start":{"line":19,"column":6},"end":{"line":19,"column":8}}],"line":15},"4":{"loc":{"start":{"line":21,"column":24},"end":{"line":32,"column":71}},"type":"cond-expr","locations":[{"start":{"line":22,"column":6},"end":{"line":31,"column":17}},{"start":{"line":32,"column":6},"end":{"line":32,"column":71}}],"line":21},"5":{"loc":{"start":{"line":58,"column":24},"end":{"line":58,"column":45}},"type":"binary-expr","locations":[{"start":{"line":58,"column":24},"end":{"line":58,"column":39}},{"start":{"line":58,"column":43},"end":{"line":58,"column":45}}],"line":58},"6":{"loc":{"start":{"line":58,"column":63},"end":{"line":58,"column":88}},"type":"binary-expr","locations":[{"start":{"line":58,"column":63},"end":{"line":58,"column":82}},{"start":{"line":58,"column":86},"end":{"line":58,"column":88}}],"line":58},"7":{"loc":{"start":{"line":58,"column":106},"end":{"line":58,"column":127}},"type":"binary-expr","locations":[{"start":{"line":58,"column":106},"end":{"line":58,"column":121}},{"start":{"line":58,"column":125},"end":{"line":58,"column":127}}],"line":58},"8":{"loc":{"start":{"line":61,"column":6},"end":{"line":61,"column":79}},"type":"cond-expr","locations":[{"start":{"line":61,"column":26},"end":{"line":61,"column":74}},{"start":{"line":61,"column":77},"end":{"line":61,"column":79}}],"line":61},"9":{"loc":{"start":{"line":62,"column":6},"end":{"line":62,"column":68}},"type":"cond-expr","locations":[{"start":{"line":62,"column":20},"end":{"line":62,"column":63}},{"start":{"line":62,"column":66},"end":{"line":62,"column":68}}],"line":62},"10":{"loc":{"start":{"line":63,"column":6},"end":{"line":63,"column":63}},"type":"cond-expr","locations":[{"start":{"line":63,"column":19},"end":{"line":63,"column":58}},{"start":{"line":63,"column":61},"end":{"line":63,"column":63}}],"line":63},"11":{"loc":{"start":{"line":66,"column":4},"end":{"line":66,"column":92}},"type":"cond-expr","locations":[{"start":{"line":66,"column":14},"end":{"line":66,"column":87}},{"start":{"line":66,"column":90},"end":{"line":66,"column":92}}],"line":66},"12":{"loc":{"start":{"line":83,"column":25},"end":{"line":83,"column":116}},"type":"cond-expr","locations":[{"start":{"line":83,"column":92},"end":{"line":83,"column":102}},{"start":{"line":83,"column":105},"end":{"line":83,"column":116}}],"line":83},"13":{"loc":{"start":{"line":85,"column":69},"end":{"line":85,"column":108}},"type":"cond-expr","locations":[{"start":{"line":85,"column":87},"end":{"line":85,"column":96}},{"start":{"line":85,"column":99},"end":{"line":85,"column":108}}],"line":85},"14":{"loc":{"start":{"line":91,"column":25},"end":{"line":91,"column":113}},"type":"cond-expr","locations":[{"start":{"line":91,"column":89},"end":{"line":91,"column":99}},{"start":{"line":91,"column":102},"end":{"line":91,"column":113}}],"line":91},"15":{"loc":{"start":{"line":93,"column":68},"end":{"line":93,"column":107}},"type":"cond-expr","locations":[{"start":{"line":93,"column":86},"end":{"line":93,"column":95}},{"start":{"line":93,"column":98},"end":{"line":93,"column":107}}],"line":93},"16":{"loc":{"start":{"line":120,"column":2},"end":{"line":122,"column":3}},"type":"if","locations":[{"start":{"line":120,"column":2},"end":{"line":122,"column":3}},{"start":{},"end":{}}],"line":120}},"s":{"0":0,"1":0,"2":0,"3":0,"4":0,"5":0,"6":0,"7":0,"8":0,"9":0,"10":0,"11":0,"12":0,"13":0,"14":0,"15":0},"f":{"0":0,"1":0,"2":0,"3":0,"4":0,"5":0,"6":0},"b":{"0":[0,0],"1":[0,0],"2":[0,0],"3":[0,0],"4":[0,0],"5":[0,0],"6":[0,0],"7":[0,0],"8":[0,0],"9":[0,0],"10":[0,0],"11":[0,0],"12":[0,0],"13":[0,0],"14":[0,0],"15":[0,0],"16":[0,0]}}
,"C:\\Users\\alext\\Desktop\\indep-rn\\src\\services\\reportServiceShared.ts": {"path":"C:\\Users\\alext\\Desktop\\indep-rn\\src\\services\\reportServiceShared.ts","statementMap":{"0":{"start":{"line":7,"column":2},"end":{"line":12,"column":5}},"1":{"start":{"line":21,"column":15},"end":{"line":21,"column":38}},"2":{"start":{"line":22,"column":2},"end":{"line":22,"column":84}},"3":{"start":{"line":22,"column":26},"end":{"line":22,"column":84}},"4":{"start":{"line":23,"column":2},"end":{"line":23,"column":97}},"5":{"start":{"line":23,"column":26},"end":{"line":23,"column":97}},"6":{"start":{"line":24,"column":2},"end":{"line":24,"column":55}},"7":{"start":{"line":24,"column":26},"end":{"line":24,"column":55}},"8":{"start":{"line":26,"column":2},"end":{"line":30,"column":3}},"9":{"start":{"line":27,"column":4},"end":{"line":27,"column":70}},"10":{"start":{"line":27,"column":30},"end":{"line":27,"column":70}},"11":{"start":{"line":28,"column":4},"end":{"line":28,"column":55}},"12":{"start":{"line":28,"column":30},"end":{"line":28,"column":55}},"13":{"start":{"line":29,"column":4},"end":{"line":29,"column":92}},"14":{"start":{"line":29,"column":29},"end":{"line":29,"column":92}},"15":{"start":{"line":31,"column":2},"end":{"line":31,"column":27}}},"fnMap":{"0":{"name":"getReportsSource","decl":{"start":{"line":6,"column":16},"end":{"line":6,"column":32}},"loc":{"start":{"line":6,"column":50},"end":{"line":13,"column":1}},"line":6},"1":{"name":"mapReportsApiError","decl":{"start":{"line":20,"column":16},"end":{"line":20,"column":34}},"loc":{"start":{"line":20,"column":91},"end":{"line":32,"column":1}},"line":20}},"branchMap":{"0":{"loc":{"start":{"line":22,"column":2},"end":{"line":22,"column":84}},"type":"if","locations":[{"start":{"line":22,"column":2},"end":{"line":22,"column":84}},{"start":{},"end":{}}],"line":22},"1":{"loc":{"start":{"line":23,"column":2},"end":{"line":23,"column":97}},"type":"if","locations":[{"start":{"line":23,"column":2},"end":{"line":23,"column":97}},{"start":{},"end":{}}],"line":23},"2":{"loc":{"start":{"line":24,"column":2},"end":{"line":24,"column":55}},"type":"if","locations":[{"start":{"line":24,"column":2},"end":{"line":24,"column":55}},{"start":{},"end":{}}],"line":24},"3":{"loc":{"start":{"line":26,"column":2},"end":{"line":30,"column":3}},"type":"if","locations":[{"start":{"line":26,"column":2},"end":{"line":30,"column":3}},{"start":{},"end":{}}],"line":26},"4":{"loc":{"start":{"line":27,"column":4},"end":{"line":27,"column":70}},"type":"if","locations":[{"start":{"line":27,"column":4},"end":{"line":27,"column":70}},{"start":{},"end":{}}],"line":27},"5":{"loc":{"start":{"line":28,"column":4},"end":{"line":28,"column":55}},"type":"if","locations":[{"start":{"line":28,"column":4},"end":{"line":28,"column":55}},{"start":{},"end":{}}],"line":28},"6":{"loc":{"start":{"line":29,"column":4},"end":{"line":29,"column":92}},"type":"if","locations":[{"start":{"line":29,"column":4},"end":{"line":29,"column":92}},{"start":{},"end":{}}],"line":29}},"s":{"0":0,"1":0,"2":0,"3":0,"4":0,"5":0,"6":0,"7":0,"8":0,"9":0,"10":0,"11":0,"12":0,"13":0,"14":0,"15":0},"f":{"0":0,"1":0},"b":{"0":[0,0],"1":[0,0],"2":[0,0],"3":[0,0],"4":[0,0],"5":[0,0],"6":[0,0]}}
,"C:\\Users\\alext\\Desktop\\indep-rn\\src\\services\\schemas\\carSchemas.ts": {"path":"C:\\Users\\alext\\Desktop\\indep-rn\\src\\services\\schemas\\carSchemas.ts","statementMap":{"0":{"start":{"line":3,"column":28},"end":{"line":26,"column":16}},"1":{"start":{"line":28,"column":33},"end":{"line":28,"column":54}}},"fnMap":{},"branchMap":{},"s":{"0":0,"1":0},"f":{},"b":{}}
,"C:\\Users\\alext\\Desktop\\indep-rn\\src\\services\\schemas\\reportSchemas.ts": {"path":"C:\\Users\\alext\\Desktop\\indep-rn\\src\\services\\schemas\\reportSchemas.ts","statementMap":{"0":{"start":{"line":3,"column":29},"end":{"line":8,"column":16}},"1":{"start":{"line":10,"column":26},"end":{"line":15,"column":16}},"2":{"start":{"line":17,"column":28},"end":{"line":24,"column":16}},"3":{"start":{"line":26,"column":31},"end":{"line":80,"column":16}},"4":{"start":{"line":82,"column":36},"end":{"line":82,"column":60}}},"fnMap":{},"branchMap":{},"s":{"0":0,"1":0,"2":0,"3":0,"4":0},"f":{},"b":{}}
}
