TN:
SF:src\contexts\AuthContext.tsx
FN:78,resolveAuthSource
FN:87,getMockTokenTtlMs
FN:95,resolveMockUserRole
FN:99,normalizeAuthError
FN:100,(anonymous_4)
FN:130,persistSessionUser
FN:134,isValidUser
FN:146,readSessionUser
FN:161,parseMockToken
FN:174,createMockAuthGateway
FN:176,(anonymous_10)
FN:198,(anonymous_11)
FN:202,(anonymous_12)
FN:214,(anonymous_13)
FN:218,(anonymous_14)
FN:236,(anonymous_15)
FN:239,(anonymous_16)
FN:243,(anonymous_17)
FN:267,(anonymous_18)
FN:275,createApiAuthGateway
FN:277,(anonymous_20)
FN:295,(anonymous_21)
FN:300,(anonymous_22)
FN:305,(anonymous_23)
FN:308,(anonymous_24)
FN:313,(anonymous_25)
FN:320,(anonymous_26)
FN:327,(anonymous_27)
FN:332,(anonymous_28)
FN:334,(anonymous_29)
FN:340,(anonymous_30)
FN:345,(anonymous_31)
FN:346,(anonymous_32)
FN:351,(anonymous_33)
FN:356,(anonymous_34)
FN:361,(anonymous_35)
FN:366,(anonymous_36)
FN:379,(anonymous_37)
FN:392,(anonymous_38)
FN:406,(anonymous_39)
FN:421,(anonymous_40)
FN:450,(anonymous_41)
FNF:42
FNH:32
FNDA:28,resolveAuthSource
FNDA:3,getMockTokenTtlMs
FNDA:1,resolveMockUserRole
FNDA:3,normalizeAuthError
FNDA:0,(anonymous_4)
FNDA:9,persistSessionUser
FNDA:2,isValidUser
FNDA:2,readSessionUser
FNDA:5,parseMockToken
FNDA:5,createMockAuthGateway
FNDA:5,(anonymous_10)
FNDA:1,(anonymous_11)
FNDA:1,(anonymous_12)
FNDA:0,(anonymous_13)
FNDA:0,(anonymous_14)
FNDA:0,(anonymous_15)
FNDA:1,(anonymous_16)
FNDA:2,(anonymous_17)
FNDA:0,(anonymous_18)
FNDA:9,createApiAuthGateway
FNDA:9,(anonymous_20)
FNDA:5,(anonymous_21)
FNDA:0,(anonymous_22)
FNDA:1,(anonymous_23)
FNDA:2,(anonymous_24)
FNDA:2,(anonymous_25)
FNDA:41,(anonymous_26)
FNDA:14,(anonymous_27)
FNDA:14,(anonymous_28)
FNDA:14,(anonymous_29)
FNDA:0,(anonymous_30)
FNDA:14,(anonymous_31)
FNDA:1,(anonymous_32)
FNDA:0,(anonymous_33)
FNDA:14,(anonymous_34)
FNDA:0,(anonymous_35)
FNDA:6,(anonymous_36)
FNDA:0,(anonymous_37)
FNDA:1,(anonymous_38)
FNDA:3,(anonymous_39)
FNDA:2,(anonymous_40)
FNDA:40,(anonymous_41)
DA:74,1
DA:75,1
DA:76,1
DA:79,28
DA:88,3
DA:92,3
DA:96,1
DA:100,3
DA:105,3
DA:111,3
DA:112,3
DA:113,3
DA:121,0
DA:122,0
DA:127,0
DA:131,9
DA:135,2
DA:136,2
DA:137,2
DA:147,2
DA:148,2
DA:149,2
DA:150,2
DA:151,2
DA:152,0
DA:153,0
DA:155,2
DA:157,0
DA:164,5
DA:165,3
DA:166,3
DA:167,3
DA:168,3
DA:169,3
DA:170,3
DA:171,2
DA:175,5
DA:177,5
DA:178,5
DA:179,5
DA:180,3
DA:181,1
DA:185,3
DA:188,2
DA:189,2
DA:190,0
DA:194,0
DA:196,2
DA:199,1
DA:200,1
DA:201,1
DA:203,1
DA:206,1
DA:207,0
DA:209,1
DA:210,1
DA:211,1
DA:212,1
DA:215,0
DA:216,0
DA:217,0
DA:219,0
DA:221,0
DA:222,0
DA:224,0
DA:232,0
DA:233,0
DA:234,0
DA:237,0
DA:240,1
DA:241,1
DA:242,1
DA:244,2
DA:246,1
DA:263,1
DA:264,1
DA:265,1
DA:268,0
DA:269,0
DA:270,0
DA:276,9
DA:278,9
DA:279,9
DA:280,3
DA:281,3
DA:282,2
DA:283,2
DA:285,1
DA:286,1
DA:287,1
DA:292,1
DA:296,5
DA:297,4
DA:298,4
DA:301,0
DA:302,0
DA:303,0
DA:306,1
DA:309,2
DA:310,1
DA:311,1
DA:314,2
DA:315,1
DA:320,1
DA:323,41
DA:324,41
DA:325,41
DA:327,41
DA:328,14
DA:329,14
DA:332,41
DA:333,14
DA:334,14
DA:335,14
DA:336,14
DA:337,14
DA:338,14
DA:340,14
DA:341,0
DA:345,41
DA:346,14
DA:347,1
DA:348,1
DA:349,1
DA:351,14
DA:352,0
DA:356,41
DA:357,14
DA:358,14
DA:359,9
DA:361,14
DA:362,0
DA:366,41
DA:367,6
DA:368,6
DA:369,5
DA:370,5
DA:371,5
DA:373,1
DA:374,1
DA:375,1
DA:379,41
DA:380,0
DA:381,0
DA:382,0
DA:383,0
DA:384,0
DA:386,0
DA:387,0
DA:388,0
DA:392,41
DA:395,1
DA:396,1
DA:397,1
DA:398,1
DA:400,0
DA:401,0
DA:402,0
DA:406,41
DA:409,3
DA:410,3
DA:411,2
DA:412,2
DA:413,2
DA:415,1
DA:416,1
DA:417,1
DA:421,41
DA:422,2
DA:423,2
DA:427,2
DA:428,2
DA:432,41
DA:450,1
DA:451,40
DA:452,40
DA:453,0
DA:455,40
LF:178
LH:137
BRDA:92,0,0,3
BRDA:92,0,1,0
BRDA:96,1,0,1
BRDA:96,1,1,0
BRDA:105,2,0,3
BRDA:105,2,1,0
BRDA:106,3,0,3
BRDA:106,3,1,3
BRDA:106,3,2,3
BRDA:106,3,3,3
BRDA:116,4,0,3
BRDA:116,4,1,0
BRDA:116,5,0,3
BRDA:116,5,1,3
BRDA:121,6,0,0
BRDA:121,6,1,0
BRDA:124,7,0,0
BRDA:124,7,1,0
BRDA:135,8,0,0
BRDA:135,8,1,2
BRDA:135,9,0,2
BRDA:135,9,1,2
BRDA:138,10,0,2
BRDA:138,10,1,2
BRDA:138,10,2,2
BRDA:138,10,3,2
BRDA:138,10,4,2
BRDA:138,10,5,0
BRDA:149,11,0,0
BRDA:149,11,1,2
BRDA:151,12,0,0
BRDA:151,12,1,2
BRDA:164,13,0,2
BRDA:164,13,1,3
BRDA:166,14,0,0
BRDA:166,14,1,3
BRDA:168,15,0,0
BRDA:168,15,1,3
BRDA:168,16,0,3
BRDA:168,16,1,3
BRDA:170,17,0,1
BRDA:170,17,1,2
BRDA:179,18,0,3
BRDA:179,18,1,2
BRDA:180,19,0,1
BRDA:180,19,1,2
BRDA:189,20,0,0
BRDA:189,20,1,2
BRDA:189,21,0,2
BRDA:189,21,1,2
BRDA:203,22,0,1
BRDA:203,22,1,1
BRDA:203,23,0,1
BRDA:203,23,1,0
BRDA:206,24,0,0
BRDA:206,24,1,1
BRDA:219,25,0,0
BRDA:219,25,1,0
BRDA:221,26,0,0
BRDA:221,26,1,0
BRDA:244,27,0,2
BRDA:244,27,1,0
BRDA:246,28,0,0
BRDA:246,28,1,1
BRDA:259,29,0,1
BRDA:259,29,1,0
BRDA:259,29,2,0
BRDA:279,30,0,6
BRDA:279,30,1,3
BRDA:286,31,0,1
BRDA:286,31,1,0
BRDA:286,32,0,1
BRDA:286,32,1,0
BRDA:329,33,0,5
BRDA:329,33,1,9
BRDA:336,34,0,0
BRDA:336,34,1,14
BRDA:358,35,0,9
BRDA:358,35,1,5
BRDA:452,36,0,0
BRDA:452,36,1,40
BRF:81
BRH:52
end_of_record
TN:
SF:src\contexts\FavoritesContext.tsx
FN:30,readStorage
FN:31,(anonymous_1)
FN:42,writeStorage
FN:46,(anonymous_3)
FN:58,(anonymous_4)
FN:60,(anonymous_5)
FN:66,(anonymous_6)
FN:70,(anonymous_7)
FN:94,(anonymous_8)
FN:98,(anonymous_9)
FN:107,(anonymous_10)
FN:112,(anonymous_11)
FN:120,(anonymous_12)
FN:130,(anonymous_13)
FN:136,(anonymous_14)
FN:146,(anonymous_15)
FN:153,(anonymous_16)
FN:155,(anonymous_17)
FN:156,(anonymous_18)
FN:176,(anonymous_19)
FNF:20
FNH:0
FNDA:0,readStorage
FNDA:0,(anonymous_1)
FNDA:0,writeStorage
FNDA:0,(anonymous_3)
FNDA:0,(anonymous_4)
FNDA:0,(anonymous_5)
FNDA:0,(anonymous_6)
FNDA:0,(anonymous_7)
FNDA:0,(anonymous_8)
FNDA:0,(anonymous_9)
FNDA:0,(anonymous_10)
FNDA:0,(anonymous_11)
FNDA:0,(anonymous_12)
FNDA:0,(anonymous_13)
FNDA:0,(anonymous_14)
FNDA:0,(anonymous_15)
FNDA:0,(anonymous_16)
FNDA:0,(anonymous_17)
FNDA:0,(anonymous_18)
FNDA:0,(anonymous_19)
DA:24,0
DA:28,0
DA:31,0
DA:32,0
DA:33,0
DA:34,0
DA:35,0
DA:37,0
DA:43,0
DA:46,0
DA:49,0
DA:50,0
DA:52,0
DA:53,0
DA:54,0
DA:55,0
DA:56,0
DA:57,0
DA:58,0
DA:60,0
DA:61,0
DA:62,0
DA:66,0
DA:67,0
DA:68,0
DA:70,0
DA:71,0
DA:72,0
DA:73,0
DA:74,0
DA:75,0
DA:76,0
DA:78,0
DA:79,0
DA:80,0
DA:83,0
DA:85,0
DA:86,0
DA:87,0
DA:89,0
DA:93,0
DA:94,0
DA:98,0
DA:99,0
DA:100,0
DA:101,0
DA:103,0
DA:106,0
DA:107,0
DA:111,0
DA:113,0
DA:114,0
DA:115,0
DA:116,0
DA:118,0
DA:120,0
DA:123,0
DA:125,0
DA:126,0
DA:130,0
DA:132,0
DA:133,0
DA:136,0
DA:137,0
DA:138,0
DA:145,0
DA:147,0
DA:148,0
DA:153,0
DA:155,0
DA:156,0
DA:159,0
DA:176,0
DA:177,0
DA:178,0
DA:179,0
DA:181,0
LF:77
LH:0
BRDA:32,0,0,0
BRDA:32,0,1,0
BRDA:35,1,0,0
BRDA:35,1,1,0
BRDA:62,2,0,0
BRDA:62,2,1,0
BRDA:72,3,0,0
BRDA:72,3,1,0
BRDA:74,4,0,0
BRDA:74,4,1,0
BRDA:79,5,0,0
BRDA:79,5,1,0
BRDA:83,6,0,0
BRDA:83,6,1,0
BRDA:86,7,0,0
BRDA:86,7,1,0
BRDA:89,8,0,0
BRDA:89,8,1,0
BRDA:89,9,0,0
BRDA:89,9,1,0
BRDA:99,10,0,0
BRDA:99,10,1,0
BRDA:99,11,0,0
BRDA:99,11,1,0
BRDA:116,12,0,0
BRDA:116,12,1,0
BRDA:118,13,0,0
BRDA:118,13,1,0
BRDA:125,14,0,0
BRDA:125,14,1,0
BRDA:126,15,0,0
BRDA:126,15,1,0
BRDA:133,16,0,0
BRDA:133,16,1,0
BRDA:138,17,0,0
BRDA:138,17,1,0
BRDA:178,18,0,0
BRDA:178,18,1,0
BRF:38
BRH:0
end_of_record
TN:
SF:src\services\api.ts
FN:12,resolveBaseUrl
FN:46,resetApiBaseUrlCacheForTests
FN:51,getBaseUrl
FN:58,getRequestTimeoutMs
FN:66,(anonymous_4)
FN:93,classifyApiErrorByStatus
FN:106,classifyApiErrorByContractCode
FN:128,classifyApiError
FN:164,toErrorMessage
FN:174,reportStorageTelemetry
FN:182,trackStorageFailure
FN:196,allowInsecureAsyncTokenStorage
FN:202,setUnauthorizedHandler
FN:206,setRefreshHandler
FN:216,getSecureItemWithMigration
FN:247,getAsyncItemWithMigration
FN:279,(anonymous_16)
FN:300,(anonymous_17)
FN:315,(anonymous_18)
FN:342,(anonymous_19)
FN:360,(anonymous_20)
FN:376,(anonymous_21)
FN:406,sleep
FN:407,(anonymous_23)
FN:412,decodeBase64Url
FN:429,decodeJwtPayload
FN:443,getTokenExp
FN:455,isJwtShapedToken
FN:459,isTokenExpired
FN:469,isAbortError
FN:478,isRetryableMethod
FN:483,shouldRetry
FN:493,parseErrorMessage
FN:522,parseErrorPayload
FN:567,normalizeApiPath
FN:581,(anonymous_35)
FN:595,triggerUnauthorizedHandler
FN:602,(anonymous_37)
FN:603,(anonymous_38)
FN:613,tryRefreshToken
FN:617,(anonymous_40)
FN:618,(anonymous_41)
FN:624,requestOnce
FN:656,(anonymous_43)
FN:659,(anonymous_44)
FN:707,request
FN:747,(anonymous_46)
FN:750,(anonymous_47)
FN:757,(anonymous_48)
FN:764,(anonymous_49)
FN:771,(anonymous_50)
FNF:51
FNH:0
FNDA:0,resolveBaseUrl
FNDA:0,resetApiBaseUrlCacheForTests
FNDA:0,getBaseUrl
FNDA:0,getRequestTimeoutMs
FNDA:0,(anonymous_4)
FNDA:0,classifyApiErrorByStatus
FNDA:0,classifyApiErrorByContractCode
FNDA:0,classifyApiError
FNDA:0,toErrorMessage
FNDA:0,reportStorageTelemetry
FNDA:0,trackStorageFailure
FNDA:0,allowInsecureAsyncTokenStorage
FNDA:0,setUnauthorizedHandler
FNDA:0,setRefreshHandler
FNDA:0,getSecureItemWithMigration
FNDA:0,getAsyncItemWithMigration
FNDA:0,(anonymous_16)
FNDA:0,(anonymous_17)
FNDA:0,(anonymous_18)
FNDA:0,(anonymous_19)
FNDA:0,(anonymous_20)
FNDA:0,(anonymous_21)
FNDA:0,sleep
FNDA:0,(anonymous_23)
FNDA:0,decodeBase64Url
FNDA:0,decodeJwtPayload
FNDA:0,getTokenExp
FNDA:0,isJwtShapedToken
FNDA:0,isTokenExpired
FNDA:0,isAbortError
FNDA:0,isRetryableMethod
FNDA:0,shouldRetry
FNDA:0,parseErrorMessage
FNDA:0,parseErrorPayload
FNDA:0,normalizeApiPath
FNDA:0,(anonymous_35)
FNDA:0,triggerUnauthorizedHandler
FNDA:0,(anonymous_37)
FNDA:0,(anonymous_38)
FNDA:0,tryRefreshToken
FNDA:0,(anonymous_40)
FNDA:0,(anonymous_41)
FNDA:0,requestOnce
FNDA:0,(anonymous_43)
FNDA:0,(anonymous_44)
FNDA:0,request
FNDA:0,(anonymous_46)
FNDA:0,(anonymous_47)
FNDA:0,(anonymous_48)
FNDA:0,(anonymous_49)
FNDA:0,(anonymous_50)
DA:6,0
DA:7,0
DA:8,0
DA:9,0
DA:10,0
DA:13,0
DA:14,0
DA:16,0
DA:17,0
DA:18,0
DA:20,0
DA:27,0
DA:28,0
DA:30,0
DA:33,0
DA:34,0
DA:37,0
DA:40,0
DA:47,0
DA:48,0
DA:52,0
DA:53,0
DA:55,0
DA:59,0
DA:60,0
DA:74,0
DA:75,0
DA:94,0
DA:95,0
DA:96,0
DA:97,0
DA:98,0
DA:99,0
DA:100,0
DA:101,0
DA:102,0
DA:103,0
DA:107,0
DA:108,0
DA:110,0
DA:112,0
DA:114,0
DA:116,0
DA:118,0
DA:120,0
DA:122,0
DA:124,0
DA:129,0
DA:130,0
DA:131,0
DA:148,0
DA:149,0
DA:150,0
DA:151,0
DA:165,0
DA:166,0
DA:167,0
DA:169,0
DA:175,0
DA:176,0
DA:187,0
DA:198,0
DA:199,0
DA:203,0
DA:207,0
DA:212,0
DA:213,0
DA:214,0
DA:220,0
DA:221,0
DA:222,0
DA:224,0
DA:227,0
DA:228,0
DA:229,0
DA:230,0
DA:231,0
DA:233,0
DA:235,0
DA:236,0
DA:238,0
DA:240,0
DA:242,0
DA:243,0
DA:251,0
DA:252,0
DA:253,0
DA:255,0
DA:258,0
DA:259,0
DA:260,0
DA:261,0
DA:262,0
DA:264,0
DA:266,0
DA:267,0
DA:269,0
DA:271,0
DA:273,0
DA:274,0
DA:278,0
DA:280,0
DA:281,0
DA:285,0
DA:286,0
DA:287,0
DA:289,0
DA:290,0
DA:294,0
DA:295,0
DA:296,0
DA:298,0
DA:301,0
DA:302,0
DA:303,0
DA:304,0
DA:306,0
DA:308,0
DA:309,0
DA:310,0
DA:312,0
DA:316,0
DA:317,0
DA:318,0
DA:320,0
DA:322,0
DA:323,0
DA:325,0
DA:327,0
DA:328,0
DA:329,0
DA:331,0
DA:333,0
DA:334,0
DA:336,0
DA:341,0
DA:343,0
DA:345,0
DA:346,0
DA:347,0
DA:348,0
DA:351,0
DA:352,0
DA:353,0
DA:354,0
DA:355,0
DA:358,0
DA:361,0
DA:362,0
DA:363,0
DA:364,0
DA:366,0
DA:368,0
DA:369,0
DA:370,0
DA:372,0
DA:373,0
DA:377,0
DA:378,0
DA:379,0
DA:381,0
DA:383,0
DA:384,0
DA:386,0
DA:388,0
DA:389,0
DA:390,0
DA:392,0
DA:393,0
DA:395,0
DA:396,0
DA:398,0
DA:399,0
DA:407,0
DA:408,0
DA:413,0
DA:414,0
DA:415,0
DA:416,0
DA:417,0
DA:419,0
DA:420,0
DA:421,0
DA:423,0
DA:425,0
DA:430,0
DA:431,0
DA:432,0
DA:433,0
DA:434,0
DA:435,0
DA:436,0
DA:437,0
DA:439,0
DA:444,0
DA:445,0
DA:446,0
DA:447,0
DA:448,0
DA:449,0
DA:450,0
DA:452,0
DA:456,0
DA:461,0
DA:462,0
DA:464,0
DA:465,0
DA:466,0
DA:470,0
DA:479,0
DA:480,0
DA:484,0
DA:485,0
DA:486,0
DA:487,0
DA:488,0
DA:490,0
DA:494,0
DA:495,0
DA:496,0
DA:497,0
DA:504,0
DA:505,0
DA:507,0
DA:508,0
DA:509,0
DA:511,0
DA:513,0
DA:514,0
DA:515,0
DA:517,0
DA:528,0
DA:529,0
DA:530,0
DA:531,0
DA:538,0
DA:544,0
DA:554,0
DA:555,0
DA:556,0
DA:557,0
DA:560,0
DA:562,0
DA:563,0
DA:568,0
DA:569,0
DA:573,0
DA:574,0
DA:575,0
DA:576,0
DA:577,0
DA:578,0
DA:581,0
DA:582,0
DA:583,0
DA:590,0
DA:591,0
DA:592,0
DA:596,0
DA:597,0
DA:598,0
DA:599,0
DA:601,0
DA:602,0
DA:604,0
DA:606,0
DA:614,0
DA:615,0
DA:616,0
DA:617,0
DA:619,0
DA:621,0
DA:625,0
DA:626,0
DA:627,0
DA:628,0
DA:629,0
DA:630,0
DA:632,0
DA:633,0
DA:634,0
DA:637,0
DA:639,0
DA:645,0
DA:646,0
DA:649,0
DA:650,0
DA:651,0
DA:652,0
DA:653,0
DA:656,0
DA:657,0
DA:659,0
DA:662,0
DA:663,0
DA:669,0
DA:670,0
DA:671,0
DA:673,0
DA:675,0
DA:677,0
DA:678,0
DA:681,0
DA:682,0
DA:683,0
DA:684,0
DA:685,0
DA:696,0
DA:697,0
DA:700,0
DA:701,0
DA:702,0
DA:704,0
DA:708,0
DA:709,0
DA:711,0
DA:712,0
DA:714,0
DA:715,0
DA:716,0
DA:719,0
DA:725,0
DA:726,0
DA:727,0
DA:728,0
DA:729,0
DA:732,0
DA:733,0
DA:734,0
DA:736,0
DA:737,0
DA:739,0
DA:740,0
DA:741,0
DA:746,0
DA:748,0
DA:751,0
DA:758,0
DA:765,0
DA:772,0
LF:340
LH:0
BRDA:16,0,0,0
BRDA:16,0,1,0
BRDA:17,1,0,0
BRDA:17,1,1,0
BRDA:17,2,0,0
BRDA:17,2,1,0
BRDA:33,3,0,0
BRDA:33,3,1,0
BRDA:33,4,0,0
BRDA:33,4,1,0
BRDA:47,5,0,0
BRDA:47,5,1,0
BRDA:47,6,0,0
BRDA:47,6,1,0
BRDA:52,7,0,0
BRDA:52,7,1,0
BRDA:60,8,0,0
BRDA:60,8,1,0
BRDA:69,9,0,0
BRDA:94,10,0,0
BRDA:94,10,1,0
BRDA:95,11,0,0
BRDA:95,11,1,0
BRDA:96,12,0,0
BRDA:96,12,1,0
BRDA:97,13,0,0
BRDA:97,13,1,0
BRDA:98,14,0,0
BRDA:98,14,1,0
BRDA:99,15,0,0
BRDA:99,15,1,0
BRDA:100,16,0,0
BRDA:100,16,1,0
BRDA:101,17,0,0
BRDA:101,17,1,0
BRDA:102,18,0,0
BRDA:102,18,1,0
BRDA:107,19,0,0
BRDA:107,19,1,0
BRDA:108,20,0,0
BRDA:108,20,1,0
BRDA:108,20,2,0
BRDA:108,20,3,0
BRDA:108,20,4,0
BRDA:108,20,5,0
BRDA:108,20,6,0
BRDA:108,20,7,0
BRDA:129,21,0,0
BRDA:129,21,1,0
BRDA:130,22,0,0
BRDA:130,22,1,0
BRDA:165,23,0,0
BRDA:165,23,1,0
BRDA:165,24,0,0
BRDA:165,24,1,0
BRDA:198,25,0,0
BRDA:198,25,1,0
BRDA:222,26,0,0
BRDA:222,26,1,0
BRDA:229,27,0,0
BRDA:229,27,1,0
BRDA:253,28,0,0
BRDA:253,28,1,0
BRDA:260,29,0,0
BRDA:260,29,1,0
BRDA:280,30,0,0
BRDA:280,30,1,0
BRDA:285,31,0,0
BRDA:285,31,1,0
BRDA:289,32,0,0
BRDA:289,32,1,0
BRDA:294,33,0,0
BRDA:294,33,1,0
BRDA:308,34,0,0
BRDA:308,34,1,0
BRDA:327,35,0,0
BRDA:327,35,1,0
BRDA:343,36,0,0
BRDA:343,36,1,0
BRDA:346,37,0,0
BRDA:346,37,1,0
BRDA:351,38,0,0
BRDA:351,38,1,0
BRDA:353,39,0,0
BRDA:353,39,1,0
BRDA:368,40,0,0
BRDA:368,40,1,0
BRDA:388,41,0,0
BRDA:388,41,1,0
BRDA:416,42,0,0
BRDA:416,42,1,0
BRDA:420,43,0,0
BRDA:420,43,1,0
BRDA:431,44,0,0
BRDA:431,44,1,0
BRDA:433,45,0,0
BRDA:433,45,1,0
BRDA:436,46,0,0
BRDA:436,46,1,0
BRDA:436,47,0,0
BRDA:436,47,1,0
BRDA:436,47,2,0
BRDA:445,48,0,0
BRDA:445,48,1,0
BRDA:447,49,0,0
BRDA:447,49,1,0
BRDA:447,50,0,0
BRDA:447,50,1,0
BRDA:448,51,0,0
BRDA:448,51,1,0
BRDA:450,52,0,0
BRDA:450,52,1,0
BRDA:459,53,0,0
BRDA:461,54,0,0
BRDA:461,54,1,0
BRDA:464,55,0,0
BRDA:464,55,1,0
BRDA:471,56,0,0
BRDA:471,56,1,0
BRDA:471,56,2,0
BRDA:471,56,3,0
BRDA:479,57,0,0
BRDA:479,57,1,0
BRDA:480,58,0,0
BRDA:480,58,1,0
BRDA:484,59,0,0
BRDA:484,59,1,0
BRDA:484,60,0,0
BRDA:484,60,1,0
BRDA:485,61,0,0
BRDA:485,61,1,0
BRDA:486,62,0,0
BRDA:486,62,1,0
BRDA:486,63,0,0
BRDA:486,63,1,0
BRDA:486,63,2,0
BRDA:487,64,0,0
BRDA:487,64,1,0
BRDA:487,65,0,0
BRDA:487,65,1,0
BRDA:497,66,0,0
BRDA:497,66,1,0
BRDA:498,67,0,0
BRDA:498,67,1,0
BRDA:498,67,2,0
BRDA:498,67,3,0
BRDA:498,67,4,0
BRDA:505,68,0,0
BRDA:505,68,1,0
BRDA:505,69,0,0
BRDA:505,69,1,0
BRDA:507,70,0,0
BRDA:507,70,1,0
BRDA:507,71,0,0
BRDA:507,71,1,0
BRDA:507,71,2,0
BRDA:509,72,0,0
BRDA:509,72,1,0
BRDA:509,73,0,0
BRDA:509,73,1,0
BRDA:515,74,0,0
BRDA:515,74,1,0
BRDA:531,75,0,0
BRDA:531,75,1,0
BRDA:532,76,0,0
BRDA:532,76,1,0
BRDA:532,76,2,0
BRDA:532,76,3,0
BRDA:532,76,4,0
BRDA:546,77,0,0
BRDA:546,77,1,0
BRDA:546,78,0,0
BRDA:546,78,1,0
BRDA:549,79,0,0
BRDA:549,79,1,0
BRDA:551,80,0,0
BRDA:551,80,1,0
BRDA:554,81,0,0
BRDA:554,81,1,0
BRDA:554,82,0,0
BRDA:554,82,1,0
BRDA:554,82,2,0
BRDA:556,83,0,0
BRDA:556,83,1,0
BRDA:556,84,0,0
BRDA:556,84,1,0
BRDA:568,85,0,0
BRDA:568,85,1,0
BRDA:574,86,0,0
BRDA:574,86,1,0
BRDA:581,87,0,0
BRDA:581,87,1,0
BRDA:582,88,0,0
BRDA:582,88,1,0
BRDA:590,89,0,0
BRDA:590,89,1,0
BRDA:590,90,0,0
BRDA:590,90,1,0
BRDA:591,91,0,0
BRDA:591,91,1,0
BRDA:591,92,0,0
BRDA:591,92,1,0
BRDA:596,93,0,0
BRDA:596,93,1,0
BRDA:597,94,0,0
BRDA:597,94,1,0
BRDA:614,95,0,0
BRDA:614,95,1,0
BRDA:615,96,0,0
BRDA:615,96,1,0
BRDA:626,97,0,0
BRDA:626,97,1,0
BRDA:626,98,0,0
BRDA:626,98,1,0
BRDA:626,98,2,0
BRDA:628,99,0,0
BRDA:628,99,1,0
BRDA:637,100,0,0
BRDA:637,100,1,0
BRDA:645,101,0,0
BRDA:645,101,1,0
BRDA:652,102,0,0
BRDA:652,102,1,0
BRDA:657,103,0,0
BRDA:657,103,1,0
BRDA:669,104,0,0
BRDA:669,104,1,0
BRDA:670,105,0,0
BRDA:670,105,1,0
BRDA:678,106,0,0
BRDA:678,106,1,0
BRDA:681,107,0,0
BRDA:681,107,1,0
BRDA:688,108,0,0
BRDA:688,108,1,0
BRDA:696,109,0,0
BRDA:696,109,1,0
BRDA:701,110,0,0
BRDA:701,110,1,0
BRDA:701,111,0,0
BRDA:701,111,1,0
BRDA:701,111,2,0
BRDA:707,112,0,0
BRDA:708,113,0,0
BRDA:708,113,1,0
BRDA:709,114,0,0
BRDA:709,114,1,0
BRDA:719,115,0,0
BRDA:719,115,1,0
BRDA:720,116,0,0
BRDA:720,116,1,0
BRDA:720,116,2,0
BRDA:720,116,3,0
BRDA:727,117,0,0
BRDA:727,117,1,0
BRDA:736,118,0,0
BRDA:736,118,1,0
BRDA:739,119,0,0
BRDA:739,119,1,0
BRDA:748,120,0,0
BRDA:748,120,1,0
BRDA:752,121,0,0
BRDA:752,121,1,0
BRDA:759,122,0,0
BRDA:759,122,1,0
BRDA:766,123,0,0
BRDA:766,123,1,0
BRDA:772,124,0,0
BRDA:772,124,1,0
BRF:269
BRH:0
end_of_record
TN:
SF:src\services\authService.ts
FN:34,pickAccessToken
FN:49,pickRefreshToken
FN:63,getAccessToken
FN:67,getRefreshToken
FN:71,pickRoleField
FN:80,normalizeUserRole
FN:110,toApiRole
FN:114,withApiRolePayload
FN:119,applyRegistrationRoleFromPayload
FN:132,mapApiUserToDomain
FN:159,extractUserFromAuthPayload
FN:165,requiresRefreshRotation
FN:169,isInvalidRefreshError
FN:173,isTransientRefreshError
FN:179,mapAuthErrorCode
FN:195,mapAuthError
FN:230,(anonymous_16)
FN:243,(anonymous_17)
FN:264,(anonymous_18)
FN:281,(anonymous_19)
FN:301,(anonymous_20)
FN:315,(anonymous_21)
FN:352,(anonymous_22)
FNF:23
FNH:22
FNDA:13,pickAccessToken
FNDA:13,pickRefreshToken
FNDA:12,getAccessToken
FNDA:12,getRefreshToken
FNDA:12,pickRoleField
FNDA:23,normalizeUserRole
FNDA:6,toApiRole
FNDA:17,withApiRolePayload
FNDA:7,applyRegistrationRoleFromPayload
FNDA:13,mapApiUserToDomain
FNDA:10,extractUserFromAuthPayload
FNDA:1,requiresRefreshRotation
FNDA:3,isInvalidRefreshError
FNDA:2,isTransientRefreshError
FNDA:12,mapAuthErrorCode
FNDA:12,mapAuthError
FNDA:7,(anonymous_16)
FNDA:10,(anonymous_17)
FNDA:5,(anonymous_18)
FNDA:1,(anonymous_19)
FNDA:0,(anonymous_20)
FNDA:5,(anonymous_21)
FNDA:3,(anonymous_22)
DA:35,13
DA:36,13
DA:37,13
DA:38,34
DA:39,34
DA:41,1
DA:42,1
DA:43,1
DA:45,0
DA:50,13
DA:51,13
DA:52,13
DA:53,25
DA:54,25
DA:56,9
DA:57,9
DA:58,1
DA:60,8
DA:64,12
DA:68,12
DA:72,12
DA:73,0
DA:74,0
DA:75,0
DA:76,0
DA:81,23
DA:82,23
DA:83,0
DA:85,23
DA:86,0
DA:87,0
DA:88,0
DA:90,0
DA:92,23
DA:93,23
DA:94,23
DA:104,12
DA:106,11
DA:111,6
DA:115,17
DA:116,3
DA:123,7
DA:124,1
DA:125,1
DA:126,1
DA:128,0
DA:133,13
DA:134,12
DA:136,12
DA:138,12
DA:143,12
DA:144,12
DA:146,12
DA:150,12
DA:154,12
DA:155,12
DA:160,10
DA:161,10
DA:162,10
DA:166,1
DA:170,3
DA:174,2
DA:175,2
DA:176,2
DA:180,12
DA:181,9
DA:182,7
DA:183,6
DA:184,4
DA:185,4
DA:186,2
DA:187,0
DA:189,3
DA:190,2
DA:192,1
DA:196,12
DA:197,12
DA:203,2
DA:206,10
DA:213,2
DA:217,8
DA:224,1
DA:226,7
DA:229,1
DA:233,7
DA:234,7
DA:239,5
DA:244,10
DA:245,10
DA:249,7
DA:250,7
DA:251,0
DA:253,7
DA:254,7
DA:255,7
DA:256,7
DA:257,7
DA:258,7
DA:260,3
DA:265,5
DA:266,5
DA:267,2
DA:268,2
DA:269,0
DA:271,2
DA:272,2
DA:273,2
DA:274,2
DA:275,2
DA:277,3
DA:282,1
DA:283,1
DA:287,1
DA:288,1
DA:289,0
DA:291,1
DA:292,1
DA:293,1
DA:294,1
DA:295,1
DA:297,0
DA:302,0
DA:303,0
DA:307,0
DA:316,5
DA:317,5
DA:318,5
DA:319,5
DA:330,2
DA:331,2
DA:332,2
DA:333,2
DA:334,1
DA:335,1
DA:336,1
DA:337,1
DA:339,1
DA:341,3
DA:342,1
DA:343,1
DA:345,2
DA:346,2
DA:348,0
DA:353,3
DA:354,3
DA:355,2
DA:356,2
DA:357,0
DA:359,2
DA:361,1
LF:150
LH:129
BRDA:35,0,0,0
BRDA:35,0,1,13
BRDA:35,1,0,13
BRDA:35,1,1,13
BRDA:39,2,0,12
BRDA:39,2,1,22
BRDA:39,3,0,34
BRDA:39,3,1,12
BRDA:42,4,0,1
BRDA:42,4,1,0
BRDA:42,5,0,1
BRDA:42,5,1,1
BRDA:50,6,0,0
BRDA:50,6,1,13
BRDA:50,7,0,13
BRDA:50,7,1,13
BRDA:54,8,0,4
BRDA:54,8,1,21
BRDA:54,9,0,25
BRDA:54,9,1,4
BRDA:57,10,0,1
BRDA:57,10,1,8
BRDA:57,11,0,9
BRDA:57,11,1,1
BRDA:72,12,0,12
BRDA:72,12,1,0
BRDA:73,13,0,0
BRDA:73,13,1,0
BRDA:74,14,0,0
BRDA:74,14,1,0
BRDA:75,15,0,0
BRDA:75,15,1,0
BRDA:75,16,0,0
BRDA:75,16,1,0
BRDA:81,17,0,0
BRDA:81,17,1,23
BRDA:81,18,0,23
BRDA:81,18,1,23
BRDA:82,19,0,0
BRDA:82,19,1,23
BRDA:82,20,0,23
BRDA:82,20,1,0
BRDA:85,21,0,0
BRDA:85,21,1,23
BRDA:88,22,0,0
BRDA:88,22,1,0
BRDA:92,23,0,0
BRDA:92,23,1,23
BRDA:94,24,0,12
BRDA:94,24,1,11
BRDA:95,25,0,23
BRDA:95,25,1,15
BRDA:95,25,2,15
BRDA:95,25,3,11
BRDA:95,25,4,11
BRDA:95,25,5,11
BRDA:95,25,6,11
BRDA:95,25,7,11
BRDA:111,26,0,4
BRDA:111,26,1,2
BRDA:115,27,0,14
BRDA:115,27,1,3
BRDA:123,28,0,6
BRDA:123,28,1,1
BRDA:125,29,0,1
BRDA:125,29,1,0
BRDA:125,30,0,1
BRDA:125,30,1,1
BRDA:133,31,0,1
BRDA:133,31,1,12
BRDA:133,32,0,13
BRDA:133,32,1,12
BRDA:136,33,0,12
BRDA:136,33,1,0
BRDA:136,34,0,12
BRDA:136,34,1,12
BRDA:138,35,0,8
BRDA:138,35,1,4
BRDA:140,36,0,4
BRDA:140,36,1,0
BRDA:140,37,0,4
BRDA:140,37,1,4
BRDA:143,38,0,0
BRDA:143,38,1,12
BRDA:143,39,0,12
BRDA:143,39,1,12
BRDA:146,40,0,8
BRDA:146,40,1,4
BRDA:146,41,0,12
BRDA:146,41,1,8
BRDA:150,42,0,11
BRDA:150,42,1,1
BRDA:150,43,0,12
BRDA:150,43,1,11
BRDA:154,44,0,0
BRDA:154,44,1,12
BRDA:154,45,0,12
BRDA:154,45,1,0
BRDA:160,46,0,0
BRDA:160,46,1,10
BRDA:160,47,0,10
BRDA:160,47,1,10
BRDA:170,48,0,3
BRDA:170,48,1,3
BRDA:170,48,2,2
BRDA:174,49,0,0
BRDA:174,49,1,2
BRDA:175,50,0,0
BRDA:175,50,1,2
BRDA:176,51,0,2
BRDA:176,51,1,1
BRDA:180,52,0,9
BRDA:180,52,1,3
BRDA:181,53,0,2
BRDA:181,53,1,7
BRDA:182,54,0,1
BRDA:182,54,1,6
BRDA:183,55,0,2
BRDA:183,55,1,4
BRDA:183,56,0,6
BRDA:183,56,1,6
BRDA:184,57,0,0
BRDA:184,57,1,4
BRDA:185,58,0,2
BRDA:185,58,1,2
BRDA:186,59,0,2
BRDA:186,59,1,0
BRDA:189,60,0,2
BRDA:189,60,1,1
BRDA:197,61,0,2
BRDA:197,61,1,10
BRDA:198,62,0,12
BRDA:198,62,1,9
BRDA:198,62,2,9
BRDA:198,62,3,2
BRDA:198,62,4,2
BRDA:206,63,0,2
BRDA:206,63,1,8
BRDA:207,64,0,10
BRDA:207,64,1,7
BRDA:207,64,2,2
BRDA:207,64,3,2
BRDA:207,64,4,2
BRDA:217,65,0,1
BRDA:217,65,1,7
BRDA:218,66,0,8
BRDA:218,66,1,3
BRDA:218,66,2,3
BRDA:218,66,3,1
BRDA:218,66,4,1
BRDA:250,67,0,0
BRDA:250,67,1,7
BRDA:255,68,0,1
BRDA:255,68,1,6
BRDA:257,69,0,7
BRDA:257,69,1,1
BRDA:268,70,0,0
BRDA:268,70,1,2
BRDA:273,71,0,2
BRDA:273,71,1,0
BRDA:275,72,0,2
BRDA:275,72,1,0
BRDA:288,73,0,0
BRDA:288,73,1,1
BRDA:293,74,0,0
BRDA:293,74,1,1
BRDA:295,75,0,1
BRDA:295,75,1,0
BRDA:318,76,0,0
BRDA:318,76,1,5
BRDA:331,77,0,0
BRDA:331,77,1,2
BRDA:333,78,0,1
BRDA:333,78,1,1
BRDA:335,79,0,1
BRDA:335,79,1,0
BRDA:341,80,0,1
BRDA:341,80,1,2
BRDA:345,81,0,2
BRDA:345,81,1,0
BRDA:356,82,0,0
BRDA:356,82,1,2
BRF:182
BRH:140
end_of_record
TN:
SF:src\services\authTypes.ts
FN:39,getDefaultAuthErrorMessage
FN:44,(anonymous_1)
FNF:2
FNH:2
FNDA:14,getDefaultAuthErrorMessage
FNDA:3,(anonymous_1)
DA:29,2
DA:40,14
DA:48,3
DA:49,3
LF:4
LH:4
BRDA:48,0,0,3
BRDA:48,0,1,1
BRF:2
BRH:2
end_of_record
TN:
SF:src\services\brandService.ts
FN:23,(anonymous_0)
FNF:1
FNH:0
FNDA:0,(anonymous_0)
DA:3,0
DA:22,0
DA:27,0
LF:3
LH:0
BRF:0
BRH:0
end_of_record
TN:
SF:src\services\carService.ts
FN:18,mapApiCarToDomainCar
FN:43,getCatalogSource
FN:52,applyMockFilters
FN:54,(anonymous_3)
FN:63,mapCarsError
FN:77,mapCarsErrorKind
FN:86,getPayloadShapeError
FN:90,(anonymous_7)
FN:94,(anonymous_8)
FN:101,(anonymous_9)
FN:136,(anonymous_10)
FN:138,(anonymous_11)
FNF:12
FNH:0
FNDA:0,mapApiCarToDomainCar
FNDA:0,getCatalogSource
FNDA:0,applyMockFilters
FNDA:0,(anonymous_3)
FNDA:0,mapCarsError
FNDA:0,mapCarsErrorKind
FNDA:0,getPayloadShapeError
FNDA:0,(anonymous_7)
FNDA:0,(anonymous_8)
FNDA:0,(anonymous_9)
FNDA:0,(anonymous_10)
FNDA:0,(anonymous_11)
DA:19,0
DA:44,0
DA:53,0
DA:54,0
DA:55,0
DA:56,0
DA:57,0
DA:58,0
DA:59,0
DA:64,0
DA:65,0
DA:66,0
DA:67,0
DA:69,0
DA:70,0
DA:71,0
DA:72,0
DA:74,0
DA:78,0
DA:79,0
DA:80,0
DA:81,0
DA:82,0
DA:83,0
DA:87,0
DA:88,0
DA:89,0
DA:90,0
DA:93,0
DA:95,0
DA:96,0
DA:99,0
DA:100,0
DA:101,0
DA:102,0
DA:105,0
DA:106,0
DA:107,0
DA:108,0
DA:111,0
DA:112,0
DA:113,0
DA:124,0
DA:126,0
DA:127,0
DA:137,0
DA:138,0
DA:139,0
DA:140,0
DA:146,0
DA:148,0
DA:149,0
DA:150,0
DA:151,0
DA:152,0
DA:164,0
DA:166,0
DA:167,0
LF:58
LH:0
BRDA:53,0,0,0
BRDA:53,0,1,0
BRDA:55,1,0,0
BRDA:55,1,1,0
BRDA:55,2,0,0
BRDA:55,2,1,0
BRDA:56,3,0,0
BRDA:56,3,1,0
BRDA:56,4,0,0
BRDA:56,4,1,0
BRDA:57,5,0,0
BRDA:57,5,1,0
BRDA:57,6,0,0
BRDA:57,6,1,0
BRDA:58,7,0,0
BRDA:58,7,1,0
BRDA:58,8,0,0
BRDA:58,8,1,0
BRDA:65,9,0,0
BRDA:65,9,1,0
BRDA:66,10,0,0
BRDA:66,10,1,0
BRDA:67,11,0,0
BRDA:67,11,1,0
BRDA:69,12,0,0
BRDA:69,12,1,0
BRDA:70,13,0,0
BRDA:70,13,1,0
BRDA:71,14,0,0
BRDA:71,14,1,0
BRDA:72,15,0,0
BRDA:72,15,1,0
BRDA:79,16,0,0
BRDA:79,16,1,0
BRDA:79,17,0,0
BRDA:79,17,1,0
BRDA:79,17,2,0
BRDA:80,18,0,0
BRDA:80,18,1,0
BRDA:81,19,0,0
BRDA:81,19,1,0
BRDA:82,20,0,0
BRDA:82,20,1,0
BRDA:87,21,0,0
BRDA:87,21,1,0
BRDA:87,22,0,0
BRDA:87,22,1,0
BRDA:89,23,0,0
BRDA:89,23,1,0
BRDA:90,24,0,0
BRDA:90,24,1,0
BRDA:90,25,0,0
BRDA:90,25,1,0
BRDA:90,26,0,0
BRDA:90,26,1,0
BRDA:95,27,0,0
BRDA:95,27,1,0
BRDA:100,28,0,0
BRDA:100,28,1,0
BRDA:102,29,0,0
BRDA:102,29,1,0
BRDA:107,30,0,0
BRDA:107,30,1,0
BRDA:108,31,0,0
BRDA:108,31,1,0
BRDA:112,32,0,0
BRDA:112,32,1,0
BRDA:126,33,0,0
BRDA:126,33,1,0
BRDA:137,34,0,0
BRDA:137,34,1,0
BRDA:139,35,0,0
BRDA:139,35,1,0
BRDA:151,36,0,0
BRDA:151,36,1,0
BRDA:166,37,0,0
BRDA:166,37,1,0
BRF:77
BRH:0
end_of_record
TN:
SF:src\services\clientReportsService.ts
FN:10,toImageSource
FN:14,mapApiReportToReport
FN:41,mapReportsError
FN:48,mapReportsErrorKind
FN:57,getPayloadShapeError
FN:64,(anonymous_5)
FN:68,getPurchasedReportsImpl
FN:100,getPurchasedReportByIdImpl
FNF:8
FNH:0
FNDA:0,toImageSource
FNDA:0,mapApiReportToReport
FNDA:0,mapReportsError
FNDA:0,mapReportsErrorKind
FNDA:0,getPayloadShapeError
FNDA:0,(anonymous_5)
FNDA:0,getPurchasedReportsImpl
FNDA:0,getPurchasedReportByIdImpl
DA:11,0
DA:15,0
DA:42,0
DA:49,0
DA:50,0
DA:51,0
DA:52,0
DA:53,0
DA:54,0
DA:58,0
DA:59,0
DA:60,0
DA:61,0
DA:64,0
DA:69,0
DA:70,0
DA:73,0
DA:74,0
DA:75,0
DA:76,0
DA:77,0
DA:88,0
DA:90,0
DA:91,0
DA:101,0
DA:102,0
DA:103,0
DA:104,0
DA:110,0
DA:113,0
DA:114,0
DA:115,0
DA:116,0
DA:117,0
DA:129,0
DA:131,0
DA:132,0
DA:142,0
LF:38
LH:0
BRDA:50,0,0,0
BRDA:50,0,1,0
BRDA:50,1,0,0
BRDA:50,1,1,0
BRDA:50,1,2,0
BRDA:51,2,0,0
BRDA:51,2,1,0
BRDA:52,3,0,0
BRDA:52,3,1,0
BRDA:53,4,0,0
BRDA:53,4,1,0
BRDA:58,5,0,0
BRDA:58,5,1,0
BRDA:58,6,0,0
BRDA:58,6,1,0
BRDA:60,7,0,0
BRDA:60,7,1,0
BRDA:64,8,0,0
BRDA:64,8,1,0
BRDA:64,9,0,0
BRDA:64,9,1,0
BRDA:64,10,0,0
BRDA:64,10,1,0
BRDA:69,11,0,0
BRDA:69,11,1,0
BRDA:76,12,0,0
BRDA:76,12,1,0
BRDA:90,13,0,0
BRDA:90,13,1,0
BRDA:101,14,0,0
BRDA:101,14,1,0
BRDA:103,15,0,0
BRDA:103,15,1,0
BRDA:116,16,0,0
BRDA:116,16,1,0
BRDA:131,17,0,0
BRDA:131,17,1,0
BRF:37
BRH:0
end_of_record
TN:
SF:src\services\favoritesService.ts
FN:7,(anonymous_0)
FN:13,(anonymous_1)
FN:17,(anonymous_2)
FNF:3
FNH:0
FNDA:0,(anonymous_0)
FNDA:0,(anonymous_1)
FNDA:0,(anonymous_2)
DA:4,0
DA:6,0
DA:8,0
DA:9,0
DA:10,0
DA:14,0
DA:18,0
LF:7
LH:0
BRDA:10,0,0,0
BRDA:10,0,1,0
BRF:2
BRH:0
end_of_record
TN:
SF:src\services\mapSubmittedReportToReport.ts
FN:8,toImageSource
FN:13,statusPriceLabel
FN:26,buildTitle
FN:36,buildSubtitle
FN:44,buildLegalItems
FN:56,buildCommercialItems
FN:65,countOwners
FN:66,(anonymous_7)
FN:70,mapSubmittedReportToReport
FN:80,(anonymous_9)
FN:81,(anonymous_10)
FN:85,(anonymous_11)
FN:86,(anonymous_12)
FN:91,(anonymous_13)
FN:92,(anonymous_14)
FN:93,(anonymous_15)
FN:98,(anonymous_16)
FNF:17
FNH:0
FNDA:0,toImageSource
FNDA:0,statusPriceLabel
FNDA:0,buildTitle
FNDA:0,buildSubtitle
FNDA:0,buildLegalItems
FNDA:0,buildCommercialItems
FNDA:0,countOwners
FNDA:0,(anonymous_7)
FNDA:0,mapSubmittedReportToReport
FNDA:0,(anonymous_9)
FNDA:0,(anonymous_10)
FNDA:0,(anonymous_11)
FNDA:0,(anonymous_12)
FNDA:0,(anonymous_13)
FNDA:0,(anonymous_14)
FNDA:0,(anonymous_15)
FNDA:0,(anonymous_16)
DA:6,0
DA:9,0
DA:10,0
DA:14,0
DA:16,0
DA:18,0
DA:20,0
DA:22,0
DA:27,0
DA:28,0
DA:29,0
DA:30,0
DA:31,0
DA:32,0
DA:33,0
DA:37,0
DA:38,0
DA:39,0
DA:40,0
DA:41,0
DA:45,0
DA:46,0
DA:57,0
DA:58,0
DA:66,0
DA:71,0
DA:72,0
DA:73,0
DA:74,0
DA:80,0
DA:81,0
DA:83,0
DA:84,0
DA:85,0
DA:86,0
DA:89,0
DA:91,0
DA:92,0
DA:93,0
DA:97,0
DA:98,0
DA:102,0
LF:42
LH:0
BRDA:9,0,0,0
BRDA:9,0,1,0
BRDA:9,1,0,0
BRDA:9,1,1,0
BRDA:14,2,0,0
BRDA:14,2,1,0
BRDA:14,2,2,0
BRDA:14,2,3,0
BRDA:29,3,0,0
BRDA:29,3,1,0
BRDA:29,4,0,0
BRDA:29,4,1,0
BRDA:30,5,0,0
BRDA:30,5,1,0
BRDA:31,6,0,0
BRDA:31,6,1,0
BRDA:32,7,0,0
BRDA:32,7,1,0
BRDA:38,8,0,0
BRDA:38,8,1,0
BRDA:39,9,0,0
BRDA:39,9,1,0
BRDA:41,10,0,0
BRDA:41,10,1,0
BRDA:47,11,0,0
BRDA:47,11,1,0
BRDA:50,12,0,0
BRDA:50,12,1,0
BRDA:52,13,0,0
BRDA:52,13,1,0
BRDA:59,14,0,0
BRDA:59,14,1,0
BRDA:60,15,0,0
BRDA:60,15,1,0
BRDA:61,16,0,0
BRDA:61,16,1,0
BRDA:73,17,0,0
BRDA:73,17,1,0
BRDA:89,18,0,0
BRDA:89,18,1,0
BRDA:97,19,0,0
BRDA:97,19,1,0
BRDA:107,20,0,0
BRDA:107,20,1,0
BRDA:109,21,0,0
BRDA:109,21,1,0
BRDA:111,22,0,0
BRDA:111,22,1,0
BRDA:118,23,0,0
BRDA:118,23,1,0
BRDA:119,24,0,0
BRDA:119,24,1,0
BRDA:120,25,0,0
BRDA:120,25,1,0
BRDA:121,26,0,0
BRDA:121,26,1,0
BRDA:122,27,0,0
BRDA:122,27,1,0
BRDA:125,28,0,0
BRDA:125,28,1,0
BRDA:129,29,0,0
BRDA:129,29,1,0
BRDA:132,30,0,0
BRDA:132,30,1,0
BRDA:144,31,0,0
BRDA:144,31,1,0
BRDA:148,32,0,0
BRDA:148,32,1,0
BRDA:156,33,0,0
BRDA:156,33,1,0
BRF:70
BRH:0
end_of_record
TN:
SF:src\services\pickerReportsService.ts
FN:21,mapApiSubmittedReportToDomainSubmittedReport
FN:27,mapReportServiceError
FN:34,mapPickerReportsListError
FN:41,mapPickerReportsErrorKind
FN:50,isSubmittedReportShape
FN:56,mapResponseItemToReport
FN:114,submitImpl
FN:141,getSubmittedByIdImpl
FN:143,(anonymous_8)
FN:167,getMySubmittedReportsImpl
FN:186,getMyReportsForDisplayImpl
FN:200,(anonymous_11)
FN:212,getReportForDisplayByIdImpl
FN:214,(anonymous_13)
FNF:14
FNH:0
FNDA:0,mapApiSubmittedReportToDomainSubmittedReport
FNDA:0,mapReportServiceError
FNDA:0,mapPickerReportsListError
FNDA:0,mapPickerReportsErrorKind
FNDA:0,isSubmittedReportShape
FNDA:0,mapResponseItemToReport
FNDA:0,submitImpl
FNDA:0,getSubmittedByIdImpl
FNDA:0,(anonymous_8)
FNDA:0,getMySubmittedReportsImpl
FNDA:0,getMyReportsForDisplayImpl
FNDA:0,(anonymous_11)
FNDA:0,getReportForDisplayByIdImpl
FNDA:0,(anonymous_13)
DA:24,0
DA:28,0
DA:35,0
DA:42,0
DA:43,0
DA:44,0
DA:45,0
DA:46,0
DA:47,0
DA:51,0
DA:52,0
DA:53,0
DA:57,0
DA:58,0
DA:59,0
DA:60,0
DA:62,0
DA:63,0
DA:65,0
DA:68,0
DA:115,0
DA:116,0
DA:124,0
DA:125,0
DA:128,0
DA:129,0
DA:130,0
DA:132,0
DA:142,0
DA:143,0
DA:144,0
DA:145,0
DA:151,0
DA:154,0
DA:155,0
DA:156,0
DA:158,0
DA:168,0
DA:169,0
DA:172,0
DA:173,0
DA:174,0
DA:175,0
DA:177,0
DA:187,0
DA:188,0
DA:191,0
DA:192,0
DA:193,0
DA:194,0
DA:195,0
DA:197,0
DA:198,0
DA:200,0
DA:202,0
DA:203,0
DA:213,0
DA:214,0
DA:215,0
DA:216,0
DA:222,0
DA:225,0
DA:226,0
DA:227,0
DA:228,0
DA:229,0
DA:235,0
DA:236,0
DA:246,0
LF:69
LH:0
BRDA:43,0,0,0
BRDA:43,0,1,0
BRDA:43,1,0,0
BRDA:43,1,1,0
BRDA:43,1,2,0
BRDA:44,2,0,0
BRDA:44,2,1,0
BRDA:45,3,0,0
BRDA:45,3,1,0
BRDA:46,4,0,0
BRDA:46,4,1,0
BRDA:51,5,0,0
BRDA:51,5,1,0
BRDA:51,6,0,0
BRDA:51,6,1,0
BRDA:53,7,0,0
BRDA:53,7,1,0
BRDA:53,7,2,0
BRDA:57,8,0,0
BRDA:57,8,1,0
BRDA:57,9,0,0
BRDA:57,9,1,0
BRDA:59,10,0,0
BRDA:59,10,1,0
BRDA:62,11,0,0
BRDA:62,11,1,0
BRDA:115,12,0,0
BRDA:115,12,1,0
BRDA:142,13,0,0
BRDA:142,13,1,0
BRDA:144,14,0,0
BRDA:144,14,1,0
BRDA:168,15,0,0
BRDA:168,15,1,0
BRDA:174,16,0,0
BRDA:174,16,1,0
BRDA:187,17,0,0
BRDA:187,17,1,0
BRDA:194,18,0,0
BRDA:194,18,1,0
BRDA:197,19,0,0
BRDA:197,19,1,0
BRDA:202,20,0,0
BRDA:202,20,1,0
BRDA:213,21,0,0
BRDA:213,21,1,0
BRDA:215,22,0,0
BRDA:215,22,1,0
BRDA:228,23,0,0
BRDA:228,23,1,0
BRDA:235,24,0,0
BRDA:235,24,1,0
BRF:52
BRH:0
end_of_record
TN:
SF:src\services\reportPdfService.ts
FN:5,buildHtml
FN:8,(anonymous_1)
FN:17,(anonymous_2)
FN:24,(anonymous_3)
FN:85,(anonymous_4)
FN:93,(anonymous_5)
FN:115,downloadReportPdf
FNF:7
FNH:0
FNDA:0,buildHtml
FNDA:0,(anonymous_1)
FNDA:0,(anonymous_2)
FNDA:0,(anonymous_3)
FNDA:0,(anonymous_4)
FNDA:0,(anonymous_5)
FNDA:0,downloadReportPdf
DA:6,0
DA:9,0
DA:10,0
DA:15,0
DA:17,0
DA:21,0
DA:24,0
DA:34,0
DA:85,0
DA:93,0
DA:116,0
DA:117,0
DA:119,0
DA:120,0
DA:121,0
DA:124,0
LF:16
LH:0
BRDA:6,0,0,0
BRDA:6,0,1,0
BRDA:9,1,0,0
BRDA:9,1,1,0
BRDA:9,2,0,0
BRDA:9,2,1,0
BRDA:15,3,0,0
BRDA:15,3,1,0
BRDA:21,4,0,0
BRDA:21,4,1,0
BRDA:58,5,0,0
BRDA:58,5,1,0
BRDA:58,6,0,0
BRDA:58,6,1,0
BRDA:58,7,0,0
BRDA:58,7,1,0
BRDA:61,8,0,0
BRDA:61,8,1,0
BRDA:62,9,0,0
BRDA:62,9,1,0
BRDA:63,10,0,0
BRDA:63,10,1,0
BRDA:66,11,0,0
BRDA:66,11,1,0
BRDA:83,12,0,0
BRDA:83,12,1,0
BRDA:85,13,0,0
BRDA:85,13,1,0
BRDA:91,14,0,0
BRDA:91,14,1,0
BRDA:93,15,0,0
BRDA:93,15,1,0
BRDA:120,16,0,0
BRDA:120,16,1,0
BRF:34
BRH:0
end_of_record
TN:
SF:src\services\reportServiceShared.ts
FN:6,getReportsSource
FN:20,mapReportsApiError
FNF:2
FNH:0
FNDA:0,getReportsSource
FNDA:0,mapReportsApiError
DA:7,0
DA:21,0
DA:22,0
DA:23,0
DA:24,0
DA:26,0
DA:27,0
DA:28,0
DA:29,0
DA:31,0
LF:10
LH:0
BRDA:22,0,0,0
BRDA:22,0,1,0
BRDA:23,1,0,0
BRDA:23,1,1,0
BRDA:24,2,0,0
BRDA:24,2,1,0
BRDA:26,3,0,0
BRDA:26,3,1,0
BRDA:27,4,0,0
BRDA:27,4,1,0
BRDA:28,5,0,0
BRDA:28,5,1,0
BRDA:29,6,0,0
BRDA:29,6,1,0
BRF:14
BRH:0
end_of_record
TN:
SF:src\services\schemas\carSchemas.ts
FNF:0
FNH:0
DA:3,0
DA:28,0
LF:2
LH:0
BRF:0
BRH:0
end_of_record
TN:
SF:src\services\schemas\reportSchemas.ts
FNF:0
FNH:0
DA:3,0
DA:10,0
DA:17,0
DA:26,0
DA:82,0
LF:5
LH:0
BRF:0
BRH:0
end_of_record
